2025-08-08 21:20:52.925 [info] [main] Log level: Info
2025-08-08 21:20:52.925 [info] [main] Validating found git in: "git"
2025-08-08 21:20:52.925 [info] [main] Using git "2.50.1" from "git"
2025-08-08 21:20:52.925 [info] [Model][doInitialScan] Initial repository scan started
2025-08-08 21:20:52.925 [info] > git rev-parse --show-toplevel [7416ms]
2025-08-08 21:20:52.936 [info] > git rev-parse --path-format=relative --show-toplevel [323ms]
2025-08-08 21:20:53.542 [info] > git rev-parse --show-toplevel [30ms]
2025-08-08 21:20:54.211 [info] > git rev-parse --path-format=relative --show-toplevel [661ms]
2025-08-08 21:20:54.978 [info] > git rev-parse --show-toplevel [290ms]
2025-08-08 21:20:55.149 [info] > git rev-parse --path-format=relative --show-toplevel [95ms]
2025-08-08 21:20:55.160 [info] [Model][doInitialScan] Initial repository scan completed - repositories (0), closed repositories (0), parent repositories (1), unsafe repositories (0)
2025-08-08 21:21:18.182 [info] > git rev-parse --show-toplevel [118ms]
2025-08-08 21:21:18.286 [info] > git rev-parse --path-format=relative --show-toplevel [42ms]
2025-08-08 21:31:25.142 [info] > git rev-parse --show-toplevel [329ms]
2025-08-08 21:31:25.198 [info] > git rev-parse --path-format=relative --show-toplevel [1ms]
2025-08-08 21:32:40.590 [info] > git rev-parse --show-toplevel [4ms]
2025-08-08 21:32:40.599 [info] > git rev-parse --path-format=relative --show-toplevel [1ms]
2025-08-08 22:06:18.383 [info] > git rev-parse --show-toplevel [164ms]
2025-08-08 22:06:18.444 [info] > git rev-parse --path-format=relative --show-toplevel [11ms]
2025-08-08 22:11:18.405 [info] > git rev-parse --show-toplevel [137ms]
2025-08-08 22:11:18.440 [info] > git rev-parse --path-format=relative --show-toplevel [3ms]
2025-08-08 22:11:18.945 [info] > git rev-parse --show-toplevel [5ms]
2025-08-08 22:11:18.979 [info] > git rev-parse --path-format=relative --show-toplevel [10ms]
