2025-08-11 16:23:29.680 [info] Reading sessions from keychain...
2025-08-11 16:23:29.680 [info] Got stored sessions!
2025-08-11 16:23:29.680 [info] Got 1 verified sessions.
2025-08-11 16:23:29.680 [info] Getting sessions for all scopes...
2025-08-11 16:23:29.680 [info] Got 1 sessions for ...
2025-08-11 16:23:29.680 [info] Getting sessions for all scopes...
2025-08-11 16:23:29.680 [info] Got 1 sessions for ...
2025-08-11 16:23:29.680 [info] Getting sessions for all scopes...
2025-08-11 16:23:29.680 [info] Got 1 sessions for ...
2025-08-11 16:23:29.680 [info] Getting sessions for all scopes...
2025-08-11 16:23:29.680 [info] Got 1 sessions for ...
2025-08-11 16:23:29.680 [info] Getting sessions for all scopes...
2025-08-11 16:23:29.680 [info] Got 1 sessions for ...
2025-08-11 16:23:29.680 [info] Getting sessions for all scopes...
2025-08-11 16:23:29.680 [info] Got 1 sessions for ...
2025-08-11 16:23:29.680 [info] Getting sessions for all scopes...
2025-08-11 16:23:29.680 [info] Got 1 sessions for ...
2025-08-11 16:23:29.680 [info] Getting sessions for all scopes...
2025-08-11 16:23:29.680 [info] Got 1 sessions for ...
2025-08-11 16:23:29.680 [info] Getting sessions for all scopes...
2025-08-11 16:23:29.680 [info] Got 1 sessions for ...
2025-08-11 16:23:29.680 [info] Getting sessions for all scopes...
2025-08-11 16:23:29.680 [info] Got 1 sessions for ...
2025-08-11 16:23:29.680 [info] Getting sessions for all scopes...
2025-08-11 16:23:29.680 [info] Got 1 sessions for ...
2025-08-11 16:23:29.680 [info] Getting sessions for all scopes...
2025-08-11 16:23:29.680 [info] Got 1 sessions for ...
2025-08-11 16:23:29.680 [info] Getting sessions for all scopes...
2025-08-11 16:23:29.680 [info] Got 1 sessions for ...
2025-08-11 16:23:29.680 [info] Getting sessions for all scopes...
2025-08-11 16:23:29.680 [info] Got 1 sessions for ...
2025-08-11 16:23:29.680 [info] Getting sessions for all scopes...
2025-08-11 16:23:29.680 [info] Got 1 sessions for ...
2025-08-11 16:23:35.626 [info] Getting sessions for all scopes...
2025-08-11 16:23:35.626 [info] Got 1 sessions for ...
2025-08-11 16:23:35.626 [info] Getting sessions for all scopes...
2025-08-11 16:23:35.626 [info] Got 1 sessions for ...
2025-08-11 16:23:36.328 [info] Getting sessions for read:user,repo,user:email,workflow...
2025-08-11 16:23:36.328 [info] Got 0 sessions for read:user,repo,user:email,workflow...
2025-08-11 16:23:37.080 [info] Getting sessions for all scopes...
2025-08-11 16:23:37.080 [info] Got 1 sessions for ...
2025-08-11 16:23:37.098 [info] Getting sessions for all scopes...
2025-08-11 16:23:37.098 [info] Got 1 sessions for ...
2025-08-11 16:23:37.104 [info] Getting sessions for read:user,repo,user:email,workflow...
2025-08-11 16:23:37.104 [info] Got 0 sessions for read:user,repo,user:email,workflow...
2025-08-11 16:23:37.104 [info] Getting sessions for user:email...
2025-08-11 16:23:37.104 [info] Got 1 sessions for user:email...
2025-08-11 16:23:37.105 [info] Getting sessions for read:user,repo,user:email,workflow...
2025-08-11 16:23:37.105 [info] Got 0 sessions for read:user,repo,user:email,workflow...
2025-08-11 16:23:37.110 [info] Getting sessions for read:user...
2025-08-11 16:23:37.111 [info] Got 0 sessions for read:user...
2025-08-11 16:23:37.117 [info] Getting sessions for user:email...
2025-08-11 16:23:37.117 [info] Got 1 sessions for user:email...
2025-08-11 16:23:37.488 [info] Getting sessions for all scopes...
2025-08-11 16:23:37.488 [info] Got 1 sessions for ...
2025-08-11 16:23:42.547 [info] Getting sessions for all scopes...
2025-08-11 16:23:42.547 [info] Got 1 sessions for ...
2025-08-11 16:23:42.558 [info] Getting sessions for read:user,repo,user:email,workflow...
2025-08-11 16:23:42.558 [info] Got 0 sessions for read:user,repo,user:email,workflow...
2025-08-11 16:23:42.672 [info] Getting sessions for user:email...
2025-08-11 16:23:42.672 [info] Got 1 sessions for user:email...
2025-08-11 16:23:42.684 [info] Getting sessions for all scopes...
2025-08-11 16:23:42.684 [info] Got 1 sessions for ...
2025-08-11 16:23:42.703 [info] Getting sessions for read:user,repo,user:email,workflow...
2025-08-11 16:23:42.703 [info] Got 0 sessions for read:user,repo,user:email,workflow...
2025-08-11 16:23:42.716 [info] Getting sessions for user:email...
2025-08-11 16:23:42.716 [info] Got 1 sessions for user:email...
2025-08-11 16:23:42.731 [info] Getting sessions for all scopes...
2025-08-11 16:23:42.731 [info] Got 1 sessions for ...
2025-08-11 16:23:42.736 [info] Getting sessions for read:user,repo,user:email,workflow...
2025-08-11 16:23:42.736 [info] Got 0 sessions for read:user,repo,user:email,workflow...
2025-08-11 16:23:42.738 [info] Getting sessions for user:email...
2025-08-11 16:23:42.738 [info] Got 1 sessions for user:email...
2025-08-11 16:23:43.656 [info] Getting sessions for all scopes...
2025-08-11 16:23:43.656 [info] Got 1 sessions for ...
2025-08-11 16:23:43.658 [info] Getting sessions for read:user,repo,user:email,workflow...
2025-08-11 16:23:43.658 [info] Got 0 sessions for read:user,repo,user:email,workflow...
2025-08-11 16:23:43.662 [info] Getting sessions for user:email...
2025-08-11 16:23:43.662 [info] Got 1 sessions for user:email...
2025-08-11 16:23:44.493 [info] Getting sessions for all scopes...
2025-08-11 16:23:44.493 [info] Got 1 sessions for ...
2025-08-11 16:23:44.494 [info] Getting sessions for all scopes...
2025-08-11 16:23:44.494 [info] Got 1 sessions for ...
2025-08-11 16:23:44.520 [info] Getting sessions for read:user,repo,user:email,workflow...
2025-08-11 16:23:44.521 [info] Got 0 sessions for read:user,repo,user:email,workflow...
2025-08-11 16:23:44.525 [info] Getting sessions for user:email...
2025-08-11 16:23:44.525 [info] Got 1 sessions for user:email...
2025-08-11 16:23:44.525 [info] Getting sessions for read:user,repo,user:email,workflow...
2025-08-11 16:23:44.526 [info] Got 0 sessions for read:user,repo,user:email,workflow...
2025-08-11 16:23:44.542 [info] Getting sessions for all scopes...
2025-08-11 16:23:44.542 [info] Got 1 sessions for ...
2025-08-11 16:23:44.549 [info] Getting sessions for read:user,repo,user:email,workflow...
2025-08-11 16:23:44.549 [info] Got 0 sessions for read:user,repo,user:email,workflow...
2025-08-11 16:23:44.553 [info] Getting sessions for user:email...
2025-08-11 16:23:44.553 [info] Got 1 sessions for user:email...
2025-08-11 16:23:44.816 [info] Getting sessions for all scopes...
2025-08-11 16:23:44.816 [info] Got 1 sessions for ...
2025-08-11 16:23:44.817 [info] Getting sessions for all scopes...
2025-08-11 16:23:44.817 [info] Got 1 sessions for ...
2025-08-11 16:23:44.822 [info] Getting sessions for read:user,repo,user:email,workflow...
2025-08-11 16:23:44.822 [info] Got 0 sessions for read:user,repo,user:email,workflow...
2025-08-11 16:23:44.828 [info] Getting sessions for user:email...
2025-08-11 16:23:44.828 [info] Got 1 sessions for user:email...
2025-08-11 16:23:44.829 [info] Getting sessions for read:user,repo,user:email,workflow...
2025-08-11 16:23:44.829 [info] Got 0 sessions for read:user,repo,user:email,workflow...
2025-08-11 16:23:44.852 [info] Getting sessions for all scopes...
2025-08-11 16:23:44.852 [info] Got 1 sessions for ...
2025-08-11 16:23:44.862 [info] Getting sessions for all scopes...
2025-08-11 16:23:44.862 [info] Got 1 sessions for ...
2025-08-11 16:23:44.864 [info] Getting sessions for all scopes...
2025-08-11 16:23:44.864 [info] Got 1 sessions for ...
2025-08-11 16:23:44.874 [info] Getting sessions for read:user,repo,user:email,workflow...
2025-08-11 16:23:44.875 [info] Got 0 sessions for read:user,repo,user:email,workflow...
2025-08-11 16:23:44.881 [info] Getting sessions for user:email...
2025-08-11 16:23:44.881 [info] Got 1 sessions for user:email...
2025-08-11 16:23:45.688 [info] Getting sessions for all scopes...
2025-08-11 16:23:45.688 [info] Got 1 sessions for ...
2025-08-11 16:23:45.689 [info] Getting sessions for read:user,repo,user:email,workflow...
2025-08-11 16:23:45.689 [info] Got 0 sessions for read:user,repo,user:email,workflow...
2025-08-11 16:23:45.693 [info] Getting sessions for user:email...
2025-08-11 16:23:46.564 [info] Got 1 sessions for user:email...
2025-08-11 16:23:55.222 [info] Getting sessions for all scopes...
2025-08-11 16:23:55.222 [info] Got 1 sessions for ...
2025-08-11 16:23:55.223 [info] Getting sessions for all scopes...
2025-08-11 16:23:55.223 [info] Got 1 sessions for ...
2025-08-11 16:23:55.238 [info] Getting sessions for all scopes...
2025-08-11 16:23:55.238 [info] Got 1 sessions for ...
2025-08-11 16:25:00.889 [info] Getting sessions for all scopes...
2025-08-11 16:25:00.889 [info] Got 1 sessions for ...
2025-08-11 16:25:00.891 [info] Getting sessions for read:user,repo,user:email,workflow...
2025-08-11 16:25:00.891 [info] Got 0 sessions for read:user,repo,user:email,workflow...
2025-08-11 16:25:00.897 [info] Getting sessions for user:email...
2025-08-11 16:25:00.897 [info] Got 1 sessions for user:email...
2025-08-11 16:25:00.901 [info] Getting sessions for all scopes...
2025-08-11 16:25:00.901 [info] Got 1 sessions for ...
2025-08-11 16:25:00.905 [info] Getting sessions for read:user,repo,user:email,workflow...
2025-08-11 16:25:00.905 [info] Got 0 sessions for read:user,repo,user:email,workflow...
2025-08-11 16:25:00.907 [info] Getting sessions for user:email...
2025-08-11 16:25:00.907 [info] Got 1 sessions for user:email...
2025-08-11 16:25:51.157 [info] Getting sessions for all scopes...
2025-08-11 16:25:51.190 [info] Got 1 sessions for ...
2025-08-11 16:25:51.289 [info] Getting sessions for read:user,repo,user:email,workflow...
2025-08-11 16:25:51.289 [info] Got 0 sessions for read:user,repo,user:email,workflow...
2025-08-11 16:25:51.417 [info] Getting sessions for user:email...
2025-08-11 16:25:51.417 [info] Got 1 sessions for user:email...
2025-08-11 16:25:51.509 [info] Getting sessions for all scopes...
2025-08-11 16:25:51.510 [info] Got 1 sessions for ...
2025-08-11 16:25:51.570 [info] Getting sessions for read:user,repo,user:email,workflow...
2025-08-11 16:25:51.570 [info] Got 0 sessions for read:user,repo,user:email,workflow...
2025-08-11 16:25:51.656 [info] Getting sessions for user:email...
2025-08-11 16:25:51.657 [info] Got 1 sessions for user:email...
2025-08-11 16:44:48.735 [info] Getting sessions for all scopes...
2025-08-11 16:44:48.754 [info] Got 1 sessions for ...
2025-08-11 16:44:48.769 [info] Getting sessions for read:user,repo,user:email,workflow...
2025-08-11 16:44:48.770 [info] Got 0 sessions for read:user,repo,user:email,workflow...
2025-08-11 16:44:48.775 [info] Getting sessions for user:email...
2025-08-11 16:44:48.775 [info] Got 1 sessions for user:email...
2025-08-11 16:44:48.784 [info] Getting sessions for all scopes...
2025-08-11 16:44:48.784 [info] Got 1 sessions for ...
2025-08-11 16:44:48.787 [info] Getting sessions for read:user,repo,user:email,workflow...
2025-08-11 16:44:48.788 [info] Got 0 sessions for read:user,repo,user:email,workflow...
2025-08-11 16:44:48.791 [info] Getting sessions for user:email...
2025-08-11 16:44:48.791 [info] Got 1 sessions for user:email...
2025-08-11 16:44:48.936 [info] Getting sessions for all scopes...
2025-08-11 16:44:48.936 [info] Got 1 sessions for ...
2025-08-11 16:44:48.938 [info] Getting sessions for read:user,repo,user:email,workflow...
2025-08-11 16:44:48.938 [info] Got 0 sessions for read:user,repo,user:email,workflow...
2025-08-11 16:44:48.939 [info] Getting sessions for user:email...
2025-08-11 16:44:48.939 [info] Got 1 sessions for user:email...
2025-08-11 16:44:49.406 [info] Getting sessions for all scopes...
2025-08-11 16:44:49.406 [info] Got 1 sessions for ...
2025-08-11 16:44:49.408 [info] Getting sessions for read:user,repo,user:email,workflow...
2025-08-11 16:44:49.408 [info] Got 0 sessions for read:user,repo,user:email,workflow...
2025-08-11 16:44:49.409 [info] Getting sessions for user:email...
2025-08-11 16:44:49.409 [info] Got 1 sessions for user:email...
2025-08-11 16:44:50.214 [info] Getting sessions for all scopes...
2025-08-11 16:44:50.214 [info] Got 1 sessions for ...
2025-08-11 16:44:50.215 [info] Getting sessions for all scopes...
2025-08-11 16:44:50.215 [info] Got 1 sessions for ...
2025-08-11 16:44:50.225 [info] Getting sessions for read:user,repo,user:email,workflow...
2025-08-11 16:44:50.225 [info] Got 0 sessions for read:user,repo,user:email,workflow...
2025-08-11 16:44:50.230 [info] Getting sessions for user:email...
2025-08-11 16:44:50.230 [info] Got 1 sessions for user:email...
2025-08-11 16:44:50.230 [info] Getting sessions for read:user,repo,user:email,workflow...
2025-08-11 16:44:50.230 [info] Got 0 sessions for read:user,repo,user:email,workflow...
2025-08-11 16:44:50.239 [info] Getting sessions for all scopes...
2025-08-11 16:44:50.239 [info] Got 1 sessions for ...
2025-08-11 16:44:50.243 [info] Getting sessions for read:user,repo,user:email,workflow...
2025-08-11 16:44:50.243 [info] Got 0 sessions for read:user,repo,user:email,workflow...
2025-08-11 16:44:50.245 [info] Getting sessions for user:email...
2025-08-11 16:44:50.245 [info] Got 1 sessions for user:email...
2025-08-11 16:44:50.247 [info] Getting sessions for all scopes...
2025-08-11 16:44:50.247 [info] Got 1 sessions for ...
2025-08-11 16:44:50.247 [info] Getting sessions for all scopes...
2025-08-11 16:44:50.247 [info] Got 1 sessions for ...
2025-08-11 16:44:50.249 [info] Getting sessions for read:user,repo,user:email,workflow...
2025-08-11 16:44:50.249 [info] Got 0 sessions for read:user,repo,user:email,workflow...
2025-08-11 16:44:50.254 [info] Getting sessions for user:email...
2025-08-11 16:44:50.254 [info] Got 1 sessions for user:email...
2025-08-11 16:44:50.254 [info] Getting sessions for read:user,repo,user:email,workflow...
2025-08-11 16:44:50.254 [info] Got 0 sessions for read:user,repo,user:email,workflow...
2025-08-11 16:44:50.262 [info] Getting sessions for all scopes...
2025-08-11 16:44:50.262 [info] Got 1 sessions for ...
2025-08-11 16:44:50.263 [info] Getting sessions for read:user,repo,user:email,workflow...
2025-08-11 16:44:50.263 [info] Got 0 sessions for read:user,repo,user:email,workflow...
2025-08-11 16:44:50.264 [info] Getting sessions for user:email...
2025-08-11 16:44:50.264 [info] Got 1 sessions for user:email...
2025-08-11 16:44:51.399 [info] Getting sessions for all scopes...
2025-08-11 16:44:51.399 [info] Got 1 sessions for ...
2025-08-11 16:44:51.400 [info] Getting sessions for read:user,repo,user:email,workflow...
2025-08-11 16:44:51.400 [info] Got 0 sessions for read:user,repo,user:email,workflow...
2025-08-11 16:44:51.401 [info] Getting sessions for user:email...
2025-08-11 16:44:51.401 [info] Got 1 sessions for user:email...
2025-08-11 16:45:03.040 [info] Getting sessions for all scopes...
2025-08-11 16:45:03.040 [info] Got 1 sessions for ...
2025-08-11 16:45:03.053 [info] Getting sessions for read:user,repo,user:email,workflow...
2025-08-11 16:45:03.053 [info] Got 0 sessions for read:user,repo,user:email,workflow...
2025-08-11 16:45:03.056 [info] Getting sessions for user:email...
2025-08-11 16:45:03.057 [info] Got 1 sessions for user:email...
2025-08-11 16:45:03.062 [info] Getting sessions for all scopes...
2025-08-11 16:45:03.062 [info] Got 1 sessions for ...
2025-08-11 16:45:03.065 [info] Getting sessions for read:user,repo,user:email,workflow...
2025-08-11 16:45:03.065 [info] Got 0 sessions for read:user,repo,user:email,workflow...
2025-08-11 16:45:03.069 [info] Getting sessions for user:email...
2025-08-11 16:45:03.069 [info] Got 1 sessions for user:email...
