2025-08-12 15:03:28.497 [info] [main] Log level: Info
2025-08-12 15:03:28.497 [info] [main] Validating found git in: "git"
2025-08-12 15:03:28.497 [info] [main] Using git "2.50.1" from "git"
2025-08-12 15:03:28.497 [info] [Model][doInitialScan] Initial repository scan started
2025-08-12 15:03:28.497 [info] > git rev-parse --show-toplevel [57ms]
2025-08-12 15:03:28.497 [info] > git rev-parse --path-format=relative --show-toplevel [10934ms]
2025-08-12 15:03:29.151 [info] > git rev-parse --show-toplevel [737ms]
2025-08-12 15:03:31.091 [info] > git rev-parse --path-format=relative --show-toplevel [1929ms]
2025-08-12 15:03:31.151 [info] [Model][doInitialScan] Initial repository scan completed - repositories (0), closed repositories (0), parent repositories (1), unsafe repositories (0)
2025-08-12 16:20:45.223 [info] > git rev-parse --show-toplevel [415ms]
2025-08-12 16:20:45.259 [info] > git rev-parse --path-format=relative --show-toplevel [1ms]
2025-08-12 16:27:45.778 [info] > git rev-parse --show-toplevel [144ms]
2025-08-12 16:27:45.816 [info] > git rev-parse --path-format=relative --show-toplevel [2ms]
2025-08-12 16:28:02.880 [info] > git rev-parse --show-toplevel [61ms]
2025-08-12 16:28:02.922 [info] > git rev-parse --path-format=relative --show-toplevel [11ms]
2025-08-12 16:28:04.299 [info] > git rev-parse --show-toplevel [4ms]
2025-08-12 16:28:04.308 [info] > git rev-parse --path-format=relative --show-toplevel [1ms]
2025-08-12 16:31:09.253 [info] > git rev-parse --show-toplevel [66ms]
2025-08-12 16:31:09.289 [info] > git rev-parse --path-format=relative --show-toplevel [3ms]
2025-08-12 16:31:12.065 [info] > git rev-parse --show-toplevel [6ms]
2025-08-12 16:31:12.081 [info] > git rev-parse --path-format=relative --show-toplevel [5ms]
2025-08-12 16:31:23.176 [info] > git rev-parse --show-toplevel [5ms]
2025-08-12 16:31:23.189 [info] > git rev-parse --path-format=relative --show-toplevel [1ms]
2025-08-12 16:34:15.801 [info] > git rev-parse --show-toplevel [34ms]
2025-08-12 16:34:15.860 [info] > git rev-parse --path-format=relative --show-toplevel [5ms]
