2025-08-09 11:52:57.405 [info] Reading sessions from keychain...
2025-08-09 11:52:57.405 [info] Getting sessions for all scopes...
2025-08-09 11:52:57.405 [info] Got stored sessions!
2025-08-09 11:52:57.405 [info] Got 1 verified sessions.
2025-08-09 11:52:57.405 [info] Got 1 sessions for ...
2025-08-09 11:52:57.405 [info] Getting sessions for all scopes...
2025-08-09 11:52:57.405 [info] Got 1 sessions for ...
2025-08-09 11:52:57.405 [info] Getting sessions for all scopes...
2025-08-09 11:52:57.405 [info] Got 1 sessions for ...
2025-08-09 11:52:57.405 [info] Getting sessions for all scopes...
2025-08-09 11:52:57.405 [info] Got 1 sessions for ...
2025-08-09 11:52:57.405 [info] Getting sessions for all scopes...
2025-08-09 11:52:57.405 [info] Got 1 sessions for ...
2025-08-09 11:52:57.405 [info] Getting sessions for all scopes...
2025-08-09 11:52:57.405 [info] Got 1 sessions for ...
2025-08-09 11:52:57.405 [info] Getting sessions for all scopes...
2025-08-09 11:52:57.405 [info] Got 1 sessions for ...
2025-08-09 11:52:57.405 [info] Getting sessions for all scopes...
2025-08-09 11:52:57.405 [info] Got 1 sessions for ...
2025-08-09 11:52:57.405 [info] Getting sessions for all scopes...
2025-08-09 11:52:57.405 [info] Got 1 sessions for ...
2025-08-09 11:52:57.405 [info] Getting sessions for all scopes...
2025-08-09 11:52:57.405 [info] Got 1 sessions for ...
2025-08-09 11:52:57.405 [info] Getting sessions for all scopes...
2025-08-09 11:52:57.405 [info] Got 1 sessions for ...
2025-08-09 11:52:57.405 [info] Getting sessions for all scopes...
2025-08-09 11:52:57.405 [info] Got 1 sessions for ...
2025-08-09 11:52:57.405 [info] Getting sessions for all scopes...
2025-08-09 11:52:57.405 [info] Got 1 sessions for ...
2025-08-09 11:52:57.405 [info] Getting sessions for all scopes...
2025-08-09 11:52:57.405 [info] Got 1 sessions for ...
2025-08-09 11:52:57.405 [info] Getting sessions for all scopes...
2025-08-09 11:52:57.405 [info] Got 1 sessions for ...
2025-08-09 11:52:57.405 [info] Getting sessions for all scopes...
2025-08-09 11:52:57.405 [info] Got 1 sessions for ...
2025-08-09 11:52:57.405 [info] Getting sessions for all scopes...
2025-08-09 11:52:57.405 [info] Got 1 sessions for ...
2025-08-09 11:52:57.405 [info] Getting sessions for all scopes...
2025-08-09 11:52:57.405 [info] Got 1 sessions for ...
2025-08-09 11:53:02.776 [info] Getting sessions for read:user,repo,user:email,workflow...
2025-08-09 11:53:02.776 [info] Got 0 sessions for read:user,repo,user:email,workflow...
2025-08-09 11:53:02.959 [info] Getting sessions for all scopes...
2025-08-09 11:53:02.959 [info] Got 1 sessions for ...
2025-08-09 11:53:02.960 [info] Getting sessions for all scopes...
2025-08-09 11:53:02.960 [info] Got 1 sessions for ...
2025-08-09 11:53:02.960 [info] Getting sessions for all scopes...
2025-08-09 11:53:02.960 [info] Got 1 sessions for ...
2025-08-09 11:53:03.511 [info] Getting sessions for user:email...
2025-08-09 11:53:03.512 [info] Got 1 sessions for user:email...
2025-08-09 11:53:03.520 [info] Getting sessions for read:user,repo,user:email,workflow...
2025-08-09 11:53:03.520 [info] Got 0 sessions for read:user,repo,user:email,workflow...
2025-08-09 11:53:05.516 [info] Getting sessions for all scopes...
2025-08-09 11:53:05.516 [info] Got 1 sessions for ...
2025-08-09 11:53:05.518 [info] Getting sessions for all scopes...
2025-08-09 11:53:05.518 [info] Got 1 sessions for ...
2025-08-09 11:53:05.609 [info] Getting sessions for all scopes...
2025-08-09 11:53:05.609 [info] Got 1 sessions for ...
2025-08-09 11:53:05.609 [info] Getting sessions for read:user,repo,user:email,workflow...
2025-08-09 11:53:05.609 [info] Got 0 sessions for read:user,repo,user:email,workflow...
2025-08-09 11:53:05.622 [info] Getting sessions for all scopes...
2025-08-09 11:53:05.623 [info] Got 1 sessions for ...
2025-08-09 11:53:05.759 [info] Getting sessions for all scopes...
2025-08-09 11:53:05.760 [info] Got 1 sessions for ...
2025-08-09 11:53:05.768 [info] Getting sessions for read:user,repo,user:email,workflow...
2025-08-09 11:53:05.768 [info] Got 0 sessions for read:user,repo,user:email,workflow...
2025-08-09 11:53:05.839 [info] Getting sessions for read:user...
2025-08-09 11:53:05.839 [info] Got 0 sessions for read:user...
2025-08-09 11:53:05.882 [info] Getting sessions for user:email...
2025-08-09 11:53:05.882 [info] Got 1 sessions for user:email...
2025-08-09 11:53:07.591 [info] Getting sessions for user:email...
2025-08-09 11:53:07.591 [info] Got 1 sessions for user:email...
2025-08-09 11:53:07.674 [info] Getting sessions for all scopes...
2025-08-09 11:53:07.675 [info] Got 1 sessions for ...
2025-08-09 11:53:07.686 [info] Getting sessions for read:user,repo,user:email,workflow...
2025-08-09 11:53:07.686 [info] Got 0 sessions for read:user,repo,user:email,workflow...
2025-08-09 11:53:07.941 [info] Getting sessions for user:email...
2025-08-09 11:53:07.942 [info] Got 1 sessions for user:email...
2025-08-09 11:53:10.125 [info] Getting sessions for all scopes...
2025-08-09 11:53:10.125 [info] Got 1 sessions for ...
2025-08-09 11:53:10.126 [info] Getting sessions for all scopes...
2025-08-09 11:53:10.126 [info] Got 1 sessions for ...
2025-08-09 11:53:10.136 [info] Getting sessions for read:user,repo,user:email,workflow...
2025-08-09 11:53:10.136 [info] Got 0 sessions for read:user,repo,user:email,workflow...
2025-08-09 11:53:10.137 [info] Getting sessions for user:email...
2025-08-09 11:53:10.137 [info] Got 1 sessions for user:email...
2025-08-09 11:53:10.137 [info] Getting sessions for read:user,repo,user:email,workflow...
2025-08-09 11:53:10.137 [info] Got 0 sessions for read:user,repo,user:email,workflow...
2025-08-09 11:53:10.138 [info] Getting sessions for all scopes...
2025-08-09 11:53:10.138 [info] Got 1 sessions for ...
2025-08-09 11:53:10.139 [info] Getting sessions for read:user,repo,user:email,workflow...
2025-08-09 11:53:10.139 [info] Got 0 sessions for read:user,repo,user:email,workflow...
2025-08-09 11:53:10.140 [info] Getting sessions for user:email...
2025-08-09 11:53:10.140 [info] Got 1 sessions for user:email...
2025-08-09 11:53:10.548 [info] Getting sessions for all scopes...
2025-08-09 11:53:10.549 [info] Got 1 sessions for ...
2025-08-09 11:53:10.559 [info] Getting sessions for all scopes...
2025-08-09 11:53:10.559 [info] Got 1 sessions for ...
2025-08-09 11:53:10.781 [info] Getting sessions for read:user,repo,user:email,workflow...
2025-08-09 11:53:10.781 [info] Got 0 sessions for read:user,repo,user:email,workflow...
2025-08-09 11:53:10.876 [info] Getting sessions for user:email...
2025-08-09 11:53:10.877 [info] Got 1 sessions for user:email...
2025-08-09 11:53:10.880 [info] Getting sessions for read:user,repo,user:email,workflow...
2025-08-09 11:53:10.880 [info] Got 0 sessions for read:user,repo,user:email,workflow...
2025-08-09 11:53:10.901 [info] Getting sessions for all scopes...
2025-08-09 11:53:10.901 [info] Got 1 sessions for ...
2025-08-09 11:53:10.951 [info] Getting sessions for all scopes...
2025-08-09 11:53:10.951 [info] Got 1 sessions for ...
2025-08-09 11:53:10.989 [info] Getting sessions for all scopes...
2025-08-09 11:53:10.990 [info] Got 1 sessions for ...
2025-08-09 11:53:11.037 [info] Getting sessions for read:user,repo,user:email,workflow...
2025-08-09 11:53:11.037 [info] Got 0 sessions for read:user,repo,user:email,workflow...
2025-08-09 11:53:11.040 [info] Getting sessions for user:email...
2025-08-09 11:53:11.040 [info] Got 1 sessions for user:email...
2025-08-09 11:53:14.598 [info] Getting sessions for all scopes...
2025-08-09 11:53:14.598 [info] Got 1 sessions for ...
2025-08-09 11:55:02.238 [info] Getting sessions for all scopes...
2025-08-09 11:55:02.255 [info] Got 1 sessions for ...
2025-08-09 11:55:02.260 [info] Getting sessions for read:user,repo,user:email,workflow...
2025-08-09 11:55:02.260 [info] Got 0 sessions for read:user,repo,user:email,workflow...
2025-08-09 11:55:02.264 [info] Getting sessions for user:email...
2025-08-09 11:55:02.264 [info] Got 1 sessions for user:email...
2025-08-09 11:55:02.269 [info] Getting sessions for all scopes...
2025-08-09 11:55:02.269 [info] Got 1 sessions for ...
2025-08-09 11:55:02.271 [info] Getting sessions for read:user,repo,user:email,workflow...
2025-08-09 11:55:02.271 [info] Got 0 sessions for read:user,repo,user:email,workflow...
2025-08-09 11:55:02.273 [info] Getting sessions for user:email...
2025-08-09 11:55:02.273 [info] Got 1 sessions for user:email...
2025-08-09 11:55:17.502 [info] Getting sessions for all scopes...
2025-08-09 11:55:17.502 [info] Got 1 sessions for ...
2025-08-09 11:55:17.505 [info] Getting sessions for read:user,repo,user:email,workflow...
2025-08-09 11:55:17.505 [info] Got 0 sessions for read:user,repo,user:email,workflow...
2025-08-09 11:55:17.509 [info] Getting sessions for user:email...
2025-08-09 11:55:17.509 [info] Got 1 sessions for user:email...
2025-08-09 11:55:18.840 [info] Getting sessions for all scopes...
2025-08-09 11:55:18.840 [info] Got 1 sessions for ...
2025-08-09 11:55:18.859 [info] Getting sessions for read:user,repo,user:email,workflow...
2025-08-09 11:55:18.859 [info] Got 0 sessions for read:user,repo,user:email,workflow...
2025-08-09 11:55:18.863 [info] Getting sessions for user:email...
2025-08-09 11:55:18.864 [info] Got 1 sessions for user:email...
2025-08-09 11:55:25.579 [info] Getting sessions for all scopes...
2025-08-09 11:55:25.579 [info] Got 1 sessions for ...
2025-08-09 11:55:25.615 [info] Getting sessions for read:user,repo,user:email,workflow...
2025-08-09 11:55:25.615 [info] Got 0 sessions for read:user,repo,user:email,workflow...
2025-08-09 11:55:25.620 [info] Getting sessions for user:email...
2025-08-09 11:55:25.620 [info] Got 1 sessions for user:email...
2025-08-09 11:55:25.623 [info] Getting sessions for all scopes...
2025-08-09 11:55:25.623 [info] Got 1 sessions for ...
2025-08-09 11:55:25.625 [info] Getting sessions for read:user,repo,user:email,workflow...
2025-08-09 11:55:25.625 [info] Got 0 sessions for read:user,repo,user:email,workflow...
2025-08-09 11:55:25.628 [info] Getting sessions for user:email...
2025-08-09 11:55:25.628 [info] Got 1 sessions for user:email...
2025-08-09 11:55:30.574 [info] Getting sessions for all scopes...
2025-08-09 11:55:30.575 [info] Got 1 sessions for ...
2025-08-09 11:55:30.593 [info] Getting sessions for read:user,repo,user:email,workflow...
2025-08-09 11:55:30.593 [info] Got 0 sessions for read:user,repo,user:email,workflow...
2025-08-09 11:55:30.604 [info] Getting sessions for user:email...
2025-08-09 11:55:30.604 [info] Got 1 sessions for user:email...
2025-08-09 11:55:31.681 [info] Getting sessions for all scopes...
2025-08-09 11:55:31.681 [info] Got 1 sessions for ...
2025-08-09 11:55:31.687 [info] Getting sessions for read:user,repo,user:email,workflow...
2025-08-09 11:55:31.687 [info] Got 0 sessions for read:user,repo,user:email,workflow...
2025-08-09 11:55:31.691 [info] Getting sessions for user:email...
2025-08-09 11:55:31.691 [info] Got 1 sessions for user:email...
2025-08-09 11:55:32.580 [info] Getting sessions for all scopes...
2025-08-09 11:55:32.580 [info] Got 1 sessions for ...
2025-08-09 11:55:32.585 [info] Getting sessions for read:user,repo,user:email,workflow...
2025-08-09 11:55:32.585 [info] Got 0 sessions for read:user,repo,user:email,workflow...
2025-08-09 11:55:32.588 [info] Getting sessions for user:email...
2025-08-09 11:55:32.588 [info] Got 1 sessions for user:email...
2025-08-09 11:55:33.099 [info] Getting sessions for all scopes...
2025-08-09 11:55:33.099 [info] Got 1 sessions for ...
2025-08-09 11:55:33.103 [info] Getting sessions for read:user,repo,user:email,workflow...
2025-08-09 11:55:33.103 [info] Got 0 sessions for read:user,repo,user:email,workflow...
2025-08-09 11:55:33.117 [info] Getting sessions for user:email...
2025-08-09 11:55:33.117 [info] Got 1 sessions for user:email...
2025-08-09 12:06:31.152 [info] Getting sessions for all scopes...
2025-08-09 12:06:31.163 [info] Got 1 sessions for ...
2025-08-09 12:06:31.210 [info] Getting sessions for read:user,repo,user:email,workflow...
2025-08-09 12:06:31.210 [info] Got 0 sessions for read:user,repo,user:email,workflow...
2025-08-09 12:06:31.288 [info] Getting sessions for user:email...
2025-08-09 12:06:31.288 [info] Got 1 sessions for user:email...
2025-08-09 12:06:31.317 [info] Getting sessions for all scopes...
2025-08-09 12:06:31.317 [info] Got 1 sessions for ...
2025-08-09 12:06:31.494 [info] Getting sessions for read:user,repo,user:email,workflow...
2025-08-09 12:06:31.494 [info] Got 0 sessions for read:user,repo,user:email,workflow...
2025-08-09 12:06:31.529 [info] Getting sessions for user:email...
2025-08-09 12:06:31.530 [info] Got 1 sessions for user:email...
2025-08-09 12:06:33.998 [info] Getting sessions for all scopes...
2025-08-09 12:06:33.998 [info] Got 1 sessions for ...
2025-08-09 12:06:34.008 [info] Getting sessions for read:user,repo,user:email,workflow...
2025-08-09 12:06:34.008 [info] Got 0 sessions for read:user,repo,user:email,workflow...
2025-08-09 12:06:34.011 [info] Getting sessions for user:email...
2025-08-09 12:06:34.011 [info] Got 1 sessions for user:email...
2025-08-09 12:06:39.312 [info] Getting sessions for all scopes...
2025-08-09 12:06:39.312 [info] Got 1 sessions for ...
2025-08-09 12:06:39.316 [info] Getting sessions for read:user,repo,user:email,workflow...
2025-08-09 12:06:39.316 [info] Got 0 sessions for read:user,repo,user:email,workflow...
2025-08-09 12:06:39.319 [info] Getting sessions for user:email...
2025-08-09 12:06:39.319 [info] Got 1 sessions for user:email...
2025-08-09 12:06:43.015 [info] Getting sessions for all scopes...
2025-08-09 12:06:43.015 [info] Got 1 sessions for ...
2025-08-09 12:06:43.019 [info] Getting sessions for read:user,repo,user:email,workflow...
2025-08-09 12:06:43.019 [info] Got 0 sessions for read:user,repo,user:email,workflow...
2025-08-09 12:06:43.025 [info] Getting sessions for user:email...
2025-08-09 12:06:43.025 [info] Got 1 sessions for user:email...
2025-08-09 12:06:44.634 [info] Getting sessions for all scopes...
2025-08-09 12:06:44.634 [info] Got 1 sessions for ...
2025-08-09 12:06:44.636 [info] Getting sessions for read:user,repo,user:email,workflow...
2025-08-09 12:06:44.636 [info] Got 0 sessions for read:user,repo,user:email,workflow...
2025-08-09 12:06:44.639 [info] Getting sessions for user:email...
2025-08-09 12:06:44.639 [info] Got 1 sessions for user:email...
2025-08-09 12:06:45.528 [info] Getting sessions for all scopes...
2025-08-09 12:06:45.529 [info] Got 1 sessions for ...
2025-08-09 12:06:45.542 [info] Getting sessions for read:user,repo,user:email,workflow...
2025-08-09 12:06:45.542 [info] Got 0 sessions for read:user,repo,user:email,workflow...
2025-08-09 12:06:45.545 [info] Getting sessions for user:email...
2025-08-09 12:06:45.545 [info] Got 1 sessions for user:email...
2025-08-09 12:06:52.936 [info] Getting sessions for all scopes...
2025-08-09 12:06:52.937 [info] Got 1 sessions for ...
2025-08-09 12:06:52.956 [info] Getting sessions for read:user,repo,user:email,workflow...
2025-08-09 12:06:52.956 [info] Got 0 sessions for read:user,repo,user:email,workflow...
2025-08-09 12:06:52.968 [info] Getting sessions for user:email...
2025-08-09 12:06:52.968 [info] Got 1 sessions for user:email...
2025-08-09 12:07:06.379 [info] Getting sessions for all scopes...
2025-08-09 12:07:06.379 [info] Got 1 sessions for ...
2025-08-09 12:07:06.390 [info] Getting sessions for read:user,repo,user:email,workflow...
2025-08-09 12:07:06.390 [info] Got 0 sessions for read:user,repo,user:email,workflow...
2025-08-09 12:07:06.417 [info] Getting sessions for user:email...
2025-08-09 12:07:06.417 [info] Got 1 sessions for user:email...
2025-08-09 12:07:07.249 [info] Getting sessions for all scopes...
2025-08-09 12:07:07.249 [info] Got 1 sessions for ...
2025-08-09 12:07:07.263 [info] Getting sessions for read:user,repo,user:email,workflow...
2025-08-09 12:07:07.264 [info] Got 0 sessions for read:user,repo,user:email,workflow...
2025-08-09 12:07:07.269 [info] Getting sessions for user:email...
2025-08-09 12:07:07.269 [info] Got 1 sessions for user:email...
2025-08-09 12:07:40.962 [info] Getting sessions for all scopes...
2025-08-09 12:07:40.962 [info] Got 1 sessions for ...
2025-08-09 12:07:40.968 [info] Getting sessions for read:user,repo,user:email,workflow...
2025-08-09 12:07:40.968 [info] Got 0 sessions for read:user,repo,user:email,workflow...
2025-08-09 12:07:40.974 [info] Getting sessions for user:email...
2025-08-09 12:07:40.974 [info] Got 1 sessions for user:email...
2025-08-09 12:07:40.981 [info] Getting sessions for all scopes...
2025-08-09 12:07:40.981 [info] Got 1 sessions for ...
2025-08-09 12:07:40.987 [info] Getting sessions for read:user,repo,user:email,workflow...
2025-08-09 12:07:40.987 [info] Got 0 sessions for read:user,repo,user:email,workflow...
2025-08-09 12:07:41.000 [info] Getting sessions for user:email...
2025-08-09 12:07:41.001 [info] Got 1 sessions for user:email...
2025-08-09 12:07:46.505 [info] Getting sessions for all scopes...
2025-08-09 12:07:46.505 [info] Got 1 sessions for ...
2025-08-09 12:07:46.510 [info] Getting sessions for read:user,repo,user:email,workflow...
2025-08-09 12:07:46.510 [info] Got 0 sessions for read:user,repo,user:email,workflow...
2025-08-09 12:07:46.513 [info] Getting sessions for user:email...
2025-08-09 12:07:46.513 [info] Got 1 sessions for user:email...
2025-08-09 12:07:46.519 [info] Getting sessions for all scopes...
2025-08-09 12:07:46.520 [info] Got 1 sessions for ...
2025-08-09 12:07:46.523 [info] Getting sessions for read:user,repo,user:email,workflow...
2025-08-09 12:07:46.523 [info] Got 0 sessions for read:user,repo,user:email,workflow...
2025-08-09 12:07:46.526 [info] Getting sessions for user:email...
2025-08-09 12:07:46.527 [info] Got 1 sessions for user:email...
2025-08-09 12:07:48.294 [info] Getting sessions for all scopes...
2025-08-09 12:07:48.295 [info] Got 1 sessions for ...
2025-08-09 12:07:48.298 [info] Getting sessions for read:user,repo,user:email,workflow...
2025-08-09 12:07:48.298 [info] Got 0 sessions for read:user,repo,user:email,workflow...
2025-08-09 12:07:48.301 [info] Getting sessions for user:email...
2025-08-09 12:07:48.301 [info] Got 1 sessions for user:email...
2025-08-09 12:07:48.310 [info] Getting sessions for all scopes...
2025-08-09 12:07:48.310 [info] Got 1 sessions for ...
2025-08-09 12:07:48.313 [info] Getting sessions for read:user,repo,user:email,workflow...
2025-08-09 12:07:48.313 [info] Got 0 sessions for read:user,repo,user:email,workflow...
2025-08-09 12:07:48.317 [info] Getting sessions for user:email...
2025-08-09 12:07:48.317 [info] Got 1 sessions for user:email...
2025-08-09 12:07:51.036 [info] Getting sessions for all scopes...
2025-08-09 12:07:51.036 [info] Got 1 sessions for ...
2025-08-09 12:07:51.052 [info] Getting sessions for read:user,repo,user:email,workflow...
2025-08-09 12:07:51.053 [info] Got 0 sessions for read:user,repo,user:email,workflow...
2025-08-09 12:07:51.059 [info] Getting sessions for user:email...
2025-08-09 12:07:51.059 [info] Got 1 sessions for user:email...
2025-08-09 12:07:53.732 [info] Getting sessions for all scopes...
2025-08-09 12:07:53.732 [info] Got 1 sessions for ...
2025-08-09 12:07:53.742 [info] Getting sessions for read:user,repo,user:email,workflow...
2025-08-09 12:07:53.742 [info] Got 0 sessions for read:user,repo,user:email,workflow...
2025-08-09 12:07:53.748 [info] Getting sessions for user:email...
2025-08-09 12:07:53.748 [info] Got 1 sessions for user:email...
2025-08-09 12:07:56.625 [info] Getting sessions for all scopes...
2025-08-09 12:07:56.625 [info] Got 1 sessions for ...
2025-08-09 12:07:56.969 [info] Getting sessions for read:user,repo,user:email,workflow...
2025-08-09 12:07:56.970 [info] Got 0 sessions for read:user,repo,user:email,workflow...
2025-08-09 12:07:57.348 [info] Getting sessions for user:email...
2025-08-09 12:07:57.349 [info] Got 1 sessions for user:email...
