2025-08-08 21:20:20.391 [info] update#setState idle
2025-08-08 21:20:34.848 [info] Extension host with pid 1163 exited with code: 0, signal: unknown.
2025-08-08 21:20:50.197 [info] update#setState checking for updates
2025-08-08 21:20:50.297 [info] update#setState idle
2025-08-08 21:24:25.860 [warning] [perf] profiling STARTED 21dd51bb-75a3-47b5-9d99-576d16c8538f
2025-08-08 21:24:31.153 [warning] [perf] profiling DONE 21dd51bb-75a3-47b5-9d99-576d16c8538f
2025-08-08 21:24:37.792 [warning] [perf] profiling STARTED 21dd51bb-75a3-47b5-9d99-576d16c8538f
2025-08-08 21:24:42.957 [warning] [perf] profiling DONE 21dd51bb-75a3-47b5-9d99-576d16c8538f
2025-08-08 21:24:44.340 [warning] [perf] profiling STARTED 21dd51bb-75a3-47b5-9d99-576d16c8538f
2025-08-08 21:24:49.469 [warning] [perf] profiling DONE 21dd51bb-75a3-47b5-9d99-576d16c8538f
2025-08-08 21:30:10.277 [warning] [perf] profiling STARTED 6bf04ff7-8d20-4b43-912b-82244cd4821e
2025-08-08 21:30:15.347 [warning] [perf] profiling DONE 6bf04ff7-8d20-4b43-912b-82244cd4821e
2025-08-08 21:30:15.709 [warning] [perf] profiling STARTED 6bf04ff7-8d20-4b43-912b-82244cd4821e
2025-08-08 21:30:20.768 [warning] [perf] profiling DONE 6bf04ff7-8d20-4b43-912b-82244cd4821e
2025-08-08 21:30:21.086 [warning] [perf] profiling STARTED 6bf04ff7-8d20-4b43-912b-82244cd4821e
2025-08-08 21:30:26.126 [warning] [perf] profiling DONE 6bf04ff7-8d20-4b43-912b-82244cd4821e
2025-08-08 21:30:59.355 [warning] [perf] profiling STARTED 9cd018b5-5310-451f-a240-701b26b432d0
2025-08-08 21:31:04.424 [warning] [perf] profiling DONE 9cd018b5-5310-451f-a240-701b26b432d0
2025-08-08 21:31:05.345 [warning] [perf] profiling STARTED 9cd018b5-5310-451f-a240-701b26b432d0
2025-08-08 21:31:10.418 [warning] [perf] profiling DONE 9cd018b5-5310-451f-a240-701b26b432d0
2025-08-08 21:31:10.767 [warning] [perf] profiling STARTED 9cd018b5-5310-451f-a240-701b26b432d0
2025-08-08 21:31:15.808 [warning] [perf] profiling DONE 9cd018b5-5310-451f-a240-701b26b432d0
2025-08-08 21:31:26.156 [warning] [perf] profiling STARTED b9798b69-c70e-4cb0-aff8-824d073bc2a2
2025-08-08 21:31:31.273 [warning] [perf] profiling DONE b9798b69-c70e-4cb0-aff8-824d073bc2a2
2025-08-08 21:31:31.965 [warning] [perf] profiling STARTED b9798b69-c70e-4cb0-aff8-824d073bc2a2
2025-08-08 21:31:37.137 [warning] [perf] profiling DONE b9798b69-c70e-4cb0-aff8-824d073bc2a2
2025-08-08 21:31:37.640 [warning] [perf] profiling STARTED b9798b69-c70e-4cb0-aff8-824d073bc2a2
2025-08-08 21:31:42.841 [warning] [perf] profiling DONE b9798b69-c70e-4cb0-aff8-824d073bc2a2
2025-08-08 22:20:50.215 [info] update#setState checking for updates
2025-08-08 22:20:55.892 [info] update#setState idle
2025-08-08 22:24:49.347 [info] Extension host with pid 1150 exited with code: 0, signal: unknown.
2025-08-08 22:24:51.019 [error] Extension host with pid 1150 still exists, forcefully killing it...
2025-08-08 22:24:52.078 [warning] [perf] profiling STARTED aef05607-0f67-4540-a133-e3fbd9c363db
