2025-08-09 10:23:54.956 [info] update#setState idle
2025-08-09 10:24:25.040 [info] update#setState checking for updates
2025-08-09 10:24:25.210 [info] update#setState idle
2025-08-09 10:31:52.790 [warning] [perf] profiling STARTED 4278e16f-fc40-45f0-a06c-568716d714a4
2025-08-09 10:31:58.064 [warning] [perf] profiling DONE 4278e16f-fc40-45f0-a06c-568716d714a4
2025-08-09 10:31:59.938 [warning] [perf] profiling STARTED 4278e16f-fc40-45f0-a06c-568716d714a4
2025-08-09 10:32:05.085 [warning] [perf] profiling DONE 4278e16f-fc40-45f0-a06c-568716d714a4
2025-08-09 10:32:05.938 [warning] [perf] profiling STARTED 4278e16f-fc40-45f0-a06c-568716d714a4
2025-08-09 10:32:11.016 [warning] [perf] profiling DONE 4278e16f-fc40-45f0-a06c-568716d714a4
2025-08-09 10:43:02.101 [warning] [perf] profiling STARTED 01f3171d-a08f-4773-8d59-832ffa7ae300
2025-08-09 10:43:07.482 [warning] [perf] profiling DONE 01f3171d-a08f-4773-8d59-832ffa7ae300
2025-08-09 10:43:09.004 [warning] [perf] profiling STARTED 01f3171d-a08f-4773-8d59-832ffa7ae300
2025-08-09 10:43:14.094 [warning] [perf] profiling DONE 01f3171d-a08f-4773-8d59-832ffa7ae300
2025-08-09 10:46:23.227 [info] Extension host with pid 1126 exited with code: 0, signal: unknown.
2025-08-09 10:52:26.415 [error] vscode-file: Refused to load resource /$(loading~spin) from vscode-file: protocol (original URL: vscode-file://vscode-app/$(loading~spin))
2025-08-09 10:52:38.675 [warning] [perf] profiling STARTED bf21d351-e203-4fb5-81d9-cbcd51edf8a6
2025-08-09 10:52:43.749 [warning] [perf] profiling DONE bf21d351-e203-4fb5-81d9-cbcd51edf8a6
2025-08-09 10:52:44.309 [warning] [perf] profiling STARTED bf21d351-e203-4fb5-81d9-cbcd51edf8a6
2025-08-09 10:52:50.038 [warning] [perf] profiling DONE bf21d351-e203-4fb5-81d9-cbcd51edf8a6
2025-08-09 10:52:59.415 [warning] [perf] profiling STARTED bf21d351-e203-4fb5-81d9-cbcd51edf8a6
2025-08-09 10:53:04.466 [warning] [perf] profiling DONE bf21d351-e203-4fb5-81d9-cbcd51edf8a6
2025-08-09 11:01:18.239 [info] Extension host with pid 9650 exited with code: 0, signal: unknown.
2025-08-09 11:01:19.253 [error] Extension host with pid 9650 still exists, forcefully killing it...
2025-08-09 11:24:25.047 [info] update#setState checking for updates
2025-08-09 11:24:25.567 [info] update#setState idle
2025-08-09 11:52:28.039 [info] Extension host with pid 16425 exited with code: 0, signal: unknown.
