[2025-Aug-02 11:02:33.150 +06:00][47533:47533][info ] Logging initialized
[2025-Aug-02 11:02:33.150 +06:00][47533:47533][info ] Initializing krisp SDK...
[2025-Aug-02 11:02:33.150 +06:00][47533:47533][info ] DoKrispInitialize
[2025-Aug-02 11:02:33.498 +06:00][47533:47533][info ] LoadDynamicKrisp
[2025-Aug-02 11:02:33.498 +06:00][47533:47533][info ] Did not find KRISP_DYLIB_PATH, skipping dynamic loading
[2025-Aug-02 11:02:33.498 +06:00][47533:47533][info ] Initializing Krisp SDK in PID 47533, addr 0x7efcedf09ab0
[2025-Aug-02 11:02:33.522 +06:00][47533:47533][info ] Initialized Krisp SDK successfully
[2025-Aug-02 11:02:33.522 +06:00][47533:47533][info ] Krisp SDK initialized
[2025-Aug-02 13:19:16.097 +06:00][ 2244: 2244][info ] Logging initialized
[2025-Aug-02 13:19:16.097 +06:00][ 2244: 2244][info ] Initializing krisp SDK...
[2025-Aug-02 13:19:16.097 +06:00][ 2244: 2244][info ] DoKrispInitialize
[2025-Aug-02 13:19:17.121 +06:00][ 2244: 2244][info ] LoadDynamicKrisp
[2025-Aug-02 13:19:17.121 +06:00][ 2244: 2244][info ] Did not find KRISP_DYLIB_PATH, skipping dynamic loading
[2025-Aug-02 13:19:17.121 +06:00][ 2244: 2244][info ] Initializing Krisp SDK in PID 2244, addr 0x7efe99019ab0
[2025-Aug-02 13:19:17.142 +06:00][ 2244: 2244][info ] Initialized Krisp SDK successfully
[2025-Aug-02 13:19:17.142 +06:00][ 2244: 2244][info ] Krisp SDK initialized
[2025-Aug-02 13:25:19.920 +06:00][ 6934: 6934][info ] Logging initialized
[2025-Aug-02 13:25:19.920 +06:00][ 6934: 6934][info ] Initializing krisp SDK...
[2025-Aug-02 13:25:19.920 +06:00][ 6934: 6934][info ] DoKrispInitialize
[2025-Aug-02 13:25:21.218 +06:00][ 6934: 6934][info ] LoadDynamicKrisp
[2025-Aug-02 13:25:21.218 +06:00][ 6934: 6934][info ] Did not find KRISP_DYLIB_PATH, skipping dynamic loading
[2025-Aug-02 13:25:21.218 +06:00][ 6934: 6934][info ] Initializing Krisp SDK in PID 6934, addr 0x7f616ff49ab0
[2025-Aug-02 13:25:21.219 +06:00][ 6934: 6934][info ] Initialized Krisp SDK successfully
[2025-Aug-02 13:25:21.219 +06:00][ 6934: 6934][info ] Krisp SDK initialized
[2025-Aug-02 13:30:21.661 +06:00][ 9503: 9503][info ] Logging initialized
[2025-Aug-02 13:30:21.661 +06:00][ 9503: 9503][info ] Initializing krisp SDK...
[2025-Aug-02 13:30:21.661 +06:00][ 9503: 9503][info ] DoKrispInitialize
[2025-Aug-02 13:30:23.067 +06:00][ 9503: 9503][info ] LoadDynamicKrisp
[2025-Aug-02 13:30:23.067 +06:00][ 9503: 9503][info ] Did not find KRISP_DYLIB_PATH, skipping dynamic loading
[2025-Aug-02 13:30:23.067 +06:00][ 9503: 9503][info ] Initializing Krisp SDK in PID 9503, addr 0x7f20c4f49ab0
[2025-Aug-02 13:30:23.068 +06:00][ 9503: 9503][info ] Initialized Krisp SDK successfully
[2025-Aug-02 13:30:23.068 +06:00][ 9503: 9503][info ] Krisp SDK initialized
[2025-Aug-03 15:49:51.180 +06:00][ 1049: 1049][info ] Logging initialized
[2025-Aug-03 15:49:51.180 +06:00][ 1049: 1049][info ] Initializing krisp SDK...
[2025-Aug-03 15:49:51.180 +06:00][ 1049: 1049][info ] DoKrispInitialize
[2025-Aug-03 15:49:52.317 +06:00][ 1049: 1049][info ] LoadDynamicKrisp
[2025-Aug-03 15:49:52.317 +06:00][ 1049: 1049][info ] Did not find KRISP_DYLIB_PATH, skipping dynamic loading
[2025-Aug-03 15:49:52.317 +06:00][ 1049: 1049][info ] Initializing Krisp SDK in PID 1049, addr 0x7f854ba19ab0
[2025-Aug-03 15:49:52.339 +06:00][ 1049: 1049][info ] Initialized Krisp SDK successfully
[2025-Aug-03 15:49:52.339 +06:00][ 1049: 1049][info ] Krisp SDK initialized
[2025-Aug-03 17:52:34.425 +06:00][20699:20699][info ] Logging initialized
[2025-Aug-03 17:52:34.425 +06:00][20699:20699][info ] Initializing krisp SDK...
[2025-Aug-03 17:52:34.425 +06:00][20699:20699][info ] DoKrispInitialize
[2025-Aug-03 17:52:35.538 +06:00][20699:20699][info ] LoadDynamicKrisp
[2025-Aug-03 17:52:35.538 +06:00][20699:20699][info ] Did not find KRISP_DYLIB_PATH, skipping dynamic loading
[2025-Aug-03 17:52:35.538 +06:00][20699:20699][info ] Initializing Krisp SDK in PID 20699, addr 0x7f013c419ab0
[2025-Aug-03 17:52:35.593 +06:00][20699:20699][info ] Initialized Krisp SDK successfully
[2025-Aug-03 17:52:35.593 +06:00][20699:20699][info ] Krisp SDK initialized
[2025-Aug-04 10:11:04.558 +06:00][ 1230: 1230][info ] Logging initialized
[2025-Aug-04 10:11:04.558 +06:00][ 1230: 1230][info ] Initializing krisp SDK...
[2025-Aug-04 10:11:04.558 +06:00][ 1230: 1230][info ] DoKrispInitialize
[2025-Aug-04 10:11:05.514 +06:00][ 1230: 1230][info ] LoadDynamicKrisp
[2025-Aug-04 10:11:05.514 +06:00][ 1230: 1230][info ] Did not find KRISP_DYLIB_PATH, skipping dynamic loading
[2025-Aug-04 10:11:05.514 +06:00][ 1230: 1230][info ] Initializing Krisp SDK in PID 1230, addr 0x7f3cf8719ab0
[2025-Aug-04 10:11:05.538 +06:00][ 1230: 1230][info ] Initialized Krisp SDK successfully
[2025-Aug-04 10:11:05.538 +06:00][ 1230: 1230][info ] Krisp SDK initialized
[2025-Aug-04 12:46:45.521 +06:00][165021:165021][info ] Logging initialized
[2025-Aug-04 12:46:45.521 +06:00][165021:165021][info ] Initializing krisp SDK...
[2025-Aug-04 12:46:45.521 +06:00][165021:165021][info ] DoKrispInitialize
[2025-Aug-04 12:46:46.477 +06:00][165021:165021][info ] LoadDynamicKrisp
[2025-Aug-04 12:46:46.477 +06:00][165021:165021][info ] Did not find KRISP_DYLIB_PATH, skipping dynamic loading
[2025-Aug-04 12:46:46.477 +06:00][165021:165021][info ] Initializing Krisp SDK in PID 165021, addr 0x7f0628a19ab0
[2025-Aug-04 12:46:46.500 +06:00][165021:165021][info ] Initialized Krisp SDK successfully
[2025-Aug-04 12:46:46.500 +06:00][165021:165021][info ] Krisp SDK initialized
[2025-Aug-04 22:29:46.018 +06:00][ 5816: 5816][info ] Logging initialized
[2025-Aug-04 22:29:46.018 +06:00][ 5816: 5816][info ] Initializing krisp SDK...
[2025-Aug-04 22:29:46.018 +06:00][ 5816: 5816][info ] DoKrispInitialize
[2025-Aug-04 22:29:46.947 +06:00][ 5816: 5816][info ] LoadDynamicKrisp
[2025-Aug-04 22:29:46.947 +06:00][ 5816: 5816][info ] Did not find KRISP_DYLIB_PATH, skipping dynamic loading
[2025-Aug-04 22:29:46.947 +06:00][ 5816: 5816][info ] Initializing Krisp SDK in PID 5816, addr 0x7f9af2e19ab0
[2025-Aug-04 22:29:46.972 +06:00][ 5816: 5816][info ] Initialized Krisp SDK successfully
[2025-Aug-04 22:29:46.972 +06:00][ 5816: 5816][info ] Krisp SDK initialized
[2025-Aug-05 13:42:41.307 +06:00][ 1638: 1638][info ] Logging initialized
[2025-Aug-05 13:42:41.307 +06:00][ 1638: 1638][info ] Initializing krisp SDK...
[2025-Aug-05 13:42:41.307 +06:00][ 1638: 1638][info ] DoKrispInitialize
[2025-Aug-05 13:42:42.288 +06:00][ 1638: 1638][info ] LoadDynamicKrisp
[2025-Aug-05 13:42:42.288 +06:00][ 1638: 1638][info ] Did not find KRISP_DYLIB_PATH, skipping dynamic loading
[2025-Aug-05 13:42:42.288 +06:00][ 1638: 1638][info ] Initializing Krisp SDK in PID 1638, addr 0x7f09d2219ab0
[2025-Aug-05 13:42:42.308 +06:00][ 1638: 1638][info ] Initialized Krisp SDK successfully
[2025-Aug-05 13:42:42.308 +06:00][ 1638: 1638][info ] Krisp SDK initialized
[2025-Aug-05 17:49:24.799 +06:00][95411:95411][info ] Logging initialized
[2025-Aug-05 17:49:24.799 +06:00][95411:95411][info ] Initializing krisp SDK...
[2025-Aug-05 17:49:24.799 +06:00][95411:95411][info ] DoKrispInitialize
[2025-Aug-05 17:49:25.837 +06:00][95411:95411][info ] LoadDynamicKrisp
[2025-Aug-05 17:49:25.837 +06:00][95411:95411][info ] Did not find KRISP_DYLIB_PATH, skipping dynamic loading
[2025-Aug-05 17:49:25.837 +06:00][95411:95411][info ] Initializing Krisp SDK in PID 95411, addr 0x7f1278519ab0
[2025-Aug-05 17:49:25.878 +06:00][95411:95411][info ] Initialized Krisp SDK successfully
[2025-Aug-05 17:49:25.878 +06:00][95411:95411][info ] Krisp SDK initialized
[2025-Aug-06 18:28:47.605 +06:00][59991:59991][info ] Logging initialized
[2025-Aug-06 18:28:47.605 +06:00][59991:59991][info ] Initializing krisp SDK...
[2025-Aug-06 18:28:47.605 +06:00][59991:59991][info ] DoKrispInitialize
[2025-Aug-06 18:28:48.765 +06:00][59991:59991][info ] LoadDynamicKrisp
[2025-Aug-06 18:28:48.765 +06:00][59991:59991][info ] Did not find KRISP_DYLIB_PATH, skipping dynamic loading
[2025-Aug-06 18:28:48.765 +06:00][59991:59991][info ] Initializing Krisp SDK in PID 59991, addr 0x7fbcd0e19ab0
[2025-Aug-06 18:28:48.805 +06:00][59991:59991][info ] Initialized Krisp SDK successfully
[2025-Aug-06 18:28:48.805 +06:00][59991:59991][info ] Krisp SDK initialized
[2025-Aug-07 20:42:24.897 +06:00][23926:23926][info ] Logging initialized
[2025-Aug-07 20:42:24.897 +06:00][23926:23926][info ] Initializing krisp SDK...
[2025-Aug-07 20:42:24.897 +06:00][23926:23926][info ] DoKrispInitialize
[2025-Aug-07 20:42:26.100 +06:00][23926:23926][info ] LoadDynamicKrisp
[2025-Aug-07 20:42:26.100 +06:00][23926:23926][info ] Did not find KRISP_DYLIB_PATH, skipping dynamic loading
[2025-Aug-07 20:42:26.100 +06:00][23926:23926][info ] Initializing Krisp SDK in PID 23926, addr 0x7f8531519ab0
[2025-Aug-07 20:42:26.140 +06:00][23926:23926][info ] Initialized Krisp SDK successfully
[2025-Aug-07 20:42:26.140 +06:00][23926:23926][info ] Krisp SDK initialized
[2025-Aug-07 20:48:31.550 +06:00][26544:26544][info ] Logging initialized
[2025-Aug-07 20:48:31.550 +06:00][26544:26544][info ] Initializing krisp SDK...
[2025-Aug-07 20:48:31.550 +06:00][26544:26544][info ] DoKrispInitialize
[2025-Aug-07 20:48:32.465 +06:00][26544:26544][info ] LoadDynamicKrisp
[2025-Aug-07 20:48:32.465 +06:00][26544:26544][info ] Did not find KRISP_DYLIB_PATH, skipping dynamic loading
[2025-Aug-07 20:48:32.465 +06:00][26544:26544][info ] Initializing Krisp SDK in PID 26544, addr 0x7f0f4e619ab0
[2025-Aug-07 20:48:32.465 +06:00][26544:26544][info ] Initialized Krisp SDK successfully
[2025-Aug-07 20:48:32.465 +06:00][26544:26544][info ] Krisp SDK initialized
[2025-Aug-07 20:51:54.889 +06:00][27957:27957][info ] Logging initialized
[2025-Aug-07 20:51:54.889 +06:00][27957:27957][info ] Initializing krisp SDK...
[2025-Aug-07 20:51:54.889 +06:00][27957:27957][info ] DoKrispInitialize
[2025-Aug-07 20:51:55.230 +06:00][27957:27957][info ] LoadDynamicKrisp
[2025-Aug-07 20:51:55.230 +06:00][27957:27957][info ] Did not find KRISP_DYLIB_PATH, skipping dynamic loading
[2025-Aug-07 20:51:55.230 +06:00][27957:27957][info ] Initializing Krisp SDK in PID 27957, addr 0x7fb21aa59ab0
[2025-Aug-07 20:51:55.230 +06:00][27957:27957][info ] Initialized Krisp SDK successfully
[2025-Aug-07 20:51:55.230 +06:00][27957:27957][info ] Krisp SDK initialized
[2025-Aug-07 20:53:00.030 +06:00][28919:28919][info ] Logging initialized
[2025-Aug-07 20:53:00.030 +06:00][28919:28919][info ] Initializing krisp SDK...
[2025-Aug-07 20:53:00.030 +06:00][28919:28919][info ] DoKrispInitialize
[2025-Aug-07 20:53:00.370 +06:00][28919:28919][info ] LoadDynamicKrisp
[2025-Aug-07 20:53:00.370 +06:00][28919:28919][info ] Did not find KRISP_DYLIB_PATH, skipping dynamic loading
[2025-Aug-07 20:53:00.370 +06:00][28919:28919][info ] Initializing Krisp SDK in PID 28919, addr 0x7ff56ac19ab0
[2025-Aug-07 20:53:00.371 +06:00][28919:28919][info ] Initialized Krisp SDK successfully
[2025-Aug-07 20:53:00.371 +06:00][28919:28919][info ] Krisp SDK initialized
[2025-Aug-07 21:00:03.593 +06:00][28919:28919][info ] Logging initialized
[2025-Aug-07 21:00:03.593 +06:00][28919:28919][info ] Initializing krisp SDK...
[2025-Aug-07 21:00:03.593 +06:00][28919:28919][info ] Krisp SDK initialized
[2025-Aug-07 21:06:21.235 +06:00][33525:33525][info ] Logging initialized
[2025-Aug-07 21:06:21.235 +06:00][33525:33525][info ] Initializing krisp SDK...
[2025-Aug-07 21:06:21.235 +06:00][33525:33525][info ] DoKrispInitialize
[2025-Aug-07 21:06:21.628 +06:00][33525:33525][info ] LoadDynamicKrisp
[2025-Aug-07 21:06:21.628 +06:00][33525:33525][info ] Did not find KRISP_DYLIB_PATH, skipping dynamic loading
[2025-Aug-07 21:06:21.628 +06:00][33525:33525][info ] Initializing Krisp SDK in PID 33525, addr 0x7f224a149ab0
[2025-Aug-07 21:06:21.629 +06:00][33525:33525][info ] Initialized Krisp SDK successfully
[2025-Aug-07 21:06:21.629 +06:00][33525:33525][info ] Krisp SDK initialized
[2025-Aug-07 21:20:55.766 +06:00][39403:39403][info ] Logging initialized
[2025-Aug-07 21:20:55.766 +06:00][39403:39403][info ] Initializing krisp SDK...
[2025-Aug-07 21:20:55.766 +06:00][39403:39403][info ] DoKrispInitialize
[2025-Aug-07 21:20:56.395 +06:00][39403:39403][info ] LoadDynamicKrisp
[2025-Aug-07 21:20:56.395 +06:00][39403:39403][info ] Did not find KRISP_DYLIB_PATH, skipping dynamic loading
[2025-Aug-07 21:20:56.395 +06:00][39403:39403][info ] Initializing Krisp SDK in PID 39403, addr 0x7f88a2b59ab0
[2025-Aug-07 21:20:56.395 +06:00][39403:39403][info ] Initialized Krisp SDK successfully
[2025-Aug-07 21:20:56.395 +06:00][39403:39403][info ] Krisp SDK initialized
[2025-Aug-07 21:20:59.894 +06:00][39403:39403][info ] Logging initialized
[2025-Aug-07 21:20:59.894 +06:00][39403:39403][info ] Initializing krisp SDK...
[2025-Aug-07 21:20:59.894 +06:00][39403:39403][info ] Krisp SDK initialized
[2025-Aug-08 16:07:04.022 +06:00][55284:55284][info ] Logging initialized
[2025-Aug-08 16:07:04.022 +06:00][55284:55284][info ] Initializing krisp SDK...
[2025-Aug-08 16:07:04.022 +06:00][55284:55284][info ] DoKrispInitialize
[2025-Aug-08 16:07:05.124 +06:00][55284:55284][info ] LoadDynamicKrisp
[2025-Aug-08 16:07:05.124 +06:00][55284:55284][info ] Did not find KRISP_DYLIB_PATH, skipping dynamic loading
[2025-Aug-08 16:07:05.124 +06:00][55284:55284][info ] Initializing Krisp SDK in PID 55284, addr 0x7f60b4c19ab0
[2025-Aug-08 16:07:05.135 +06:00][55284:55284][info ] Initialized Krisp SDK successfully
[2025-Aug-08 16:07:05.135 +06:00][55284:55284][info ] Krisp SDK initialized
[2025-Aug-08 22:01:17.793 +06:00][19777:19777][info ] Logging initialized
[2025-Aug-08 22:01:17.793 +06:00][19777:19777][info ] Initializing krisp SDK...
[2025-Aug-08 22:01:17.793 +06:00][19777:19777][info ] DoKrispInitialize
[2025-Aug-08 22:01:18.773 +06:00][19777:19777][info ] LoadDynamicKrisp
[2025-Aug-08 22:01:18.773 +06:00][19777:19777][info ] Did not find KRISP_DYLIB_PATH, skipping dynamic loading
[2025-Aug-08 22:01:18.773 +06:00][19777:19777][info ] Initializing Krisp SDK in PID 19777, addr 0x7dfa8bc19ab0
[2025-Aug-08 22:01:18.824 +06:00][19777:19777][info ] Initialized Krisp SDK successfully
[2025-Aug-08 22:01:18.824 +06:00][19777:19777][info ] Krisp SDK initialized
[2025-Aug-09 14:11:12.062 +06:00][121100:121100][info ] Logging initialized
[2025-Aug-09 14:11:12.062 +06:00][121100:121100][info ] Initializing krisp SDK...
[2025-Aug-09 14:11:12.062 +06:00][121100:121100][info ] DoKrispInitialize
[2025-Aug-09 14:11:35.160 +06:00][121100:121100][info ] LoadDynamicKrisp
[2025-Aug-09 14:11:35.160 +06:00][121100:121100][info ] Did not find KRISP_DYLIB_PATH, skipping dynamic loading
[2025-Aug-09 14:11:35.160 +06:00][121100:121100][info ] Initializing Krisp SDK in PID 121100, addr 0x7f8674b19ab0
[2025-Aug-09 14:11:35.216 +06:00][121100:121100][info ] Initialized Krisp SDK successfully
[2025-Aug-09 14:11:35.216 +06:00][121100:121100][info ] Krisp SDK initialized
[2025-Aug-10 16:35:45.023 +06:00][20472:20472][info ] Logging initialized
[2025-Aug-10 16:35:45.023 +06:00][20472:20472][info ] Initializing krisp SDK...
[2025-Aug-10 16:35:45.023 +06:00][20472:20472][info ] DoKrispInitialize
[2025-Aug-10 16:35:46.042 +06:00][20472:20472][info ] LoadDynamicKrisp
[2025-Aug-10 16:35:46.042 +06:00][20472:20472][info ] Did not find KRISP_DYLIB_PATH, skipping dynamic loading
[2025-Aug-10 16:35:46.042 +06:00][20472:20472][info ] Initializing Krisp SDK in PID 20472, addr 0x7f052be19ab0
[2025-Aug-10 16:35:46.092 +06:00][20472:20472][info ] Initialized Krisp SDK successfully
[2025-Aug-10 16:35:46.092 +06:00][20472:20472][info ] Krisp SDK initialized
[2025-Aug-11 11:10:29.425 +06:00][ 1652: 1652][info ] Logging initialized
[2025-Aug-11 11:10:29.425 +06:00][ 1652: 1652][info ] Initializing krisp SDK...
[2025-Aug-11 11:10:29.425 +06:00][ 1652: 1652][info ] DoKrispInitialize
[2025-Aug-11 11:10:30.452 +06:00][ 1652: 1652][info ] LoadDynamicKrisp
[2025-Aug-11 11:10:30.452 +06:00][ 1652: 1652][info ] Did not find KRISP_DYLIB_PATH, skipping dynamic loading
[2025-Aug-11 11:10:30.452 +06:00][ 1652: 1652][info ] Initializing Krisp SDK in PID 1652, addr 0x7f8a8be19ab0
[2025-Aug-11 11:10:30.478 +06:00][ 1652: 1652][info ] Initialized Krisp SDK successfully
[2025-Aug-11 11:10:30.478 +06:00][ 1652: 1652][info ] Krisp SDK initialized
[2025-Aug-11 11:55:51.638 +06:00][ 2591: 2591][info ] Logging initialized
[2025-Aug-11 11:55:51.638 +06:00][ 2591: 2591][info ] Initializing krisp SDK...
[2025-Aug-11 11:55:51.638 +06:00][ 2591: 2591][info ] DoKrispInitialize
[2025-Aug-11 11:55:57.340 +06:00][ 2591: 2591][info ] LoadDynamicKrisp
[2025-Aug-11 11:55:57.340 +06:00][ 2591: 2591][info ] Did not find KRISP_DYLIB_PATH, skipping dynamic loading
[2025-Aug-11 11:55:57.340 +06:00][ 2591: 2591][info ] Initializing Krisp SDK in PID 2591, addr 0x7f8911759ab0
[2025-Aug-11 11:55:57.419 +06:00][ 2591: 2591][info ] Initialized Krisp SDK successfully
[2025-Aug-11 11:55:57.419 +06:00][ 2591: 2591][info ] Krisp SDK initialized
[2025-Aug-11 12:01:36.868 +06:00][ 2591: 2591][info ] Logging initialized
[2025-Aug-11 12:01:36.868 +06:00][ 2591: 2591][info ] Initializing krisp SDK...
[2025-Aug-11 12:01:36.868 +06:00][ 2591: 2591][info ] Krisp SDK initialized
[2025-Aug-11 13:48:04.558 +06:00][ 7213: 7213][info ] Logging initialized
[2025-Aug-11 13:48:04.558 +06:00][ 7213: 7213][info ] Initializing krisp SDK...
[2025-Aug-11 13:48:04.558 +06:00][ 7213: 7213][info ] DoKrispInitialize
[2025-Aug-11 13:48:06.391 +06:00][ 7213: 7213][info ] LoadDynamicKrisp
[2025-Aug-11 13:48:06.391 +06:00][ 7213: 7213][info ] Did not find KRISP_DYLIB_PATH, skipping dynamic loading
[2025-Aug-11 13:48:06.391 +06:00][ 7213: 7213][info ] Initializing Krisp SDK in PID 7213, addr 0x7f6823c19ab0
[2025-Aug-11 13:48:06.426 +06:00][ 7213: 7213][info ] Initialized Krisp SDK successfully
[2025-Aug-11 13:48:06.426 +06:00][ 7213: 7213][info ] Krisp SDK initialized
[2025-Aug-11 17:16:28.768 +06:00][ 8090: 8090][info ] Logging initialized
[2025-Aug-11 17:16:28.768 +06:00][ 8090: 8090][info ] Initializing krisp SDK...
[2025-Aug-11 17:16:28.768 +06:00][ 8090: 8090][info ] DoKrispInitialize
[2025-Aug-11 17:16:29.898 +06:00][ 8090: 8090][info ] LoadDynamicKrisp
[2025-Aug-11 17:16:29.898 +06:00][ 8090: 8090][info ] Did not find KRISP_DYLIB_PATH, skipping dynamic loading
[2025-Aug-11 17:16:29.898 +06:00][ 8090: 8090][info ] Initializing Krisp SDK in PID 8090, addr 0x7ff07ca59ab0
[2025-Aug-11 17:16:29.918 +06:00][ 8090: 8090][info ] Initialized Krisp SDK successfully
[2025-Aug-11 17:16:29.918 +06:00][ 8090: 8090][info ] Krisp SDK initialized
[2025-Aug-12 15:56:00.370 +06:00][22683:22683][info ] Logging initialized
[2025-Aug-12 15:56:00.370 +06:00][22683:22683][info ] Initializing krisp SDK...
[2025-Aug-12 15:56:00.370 +06:00][22683:22683][info ] DoKrispInitialize
[2025-Aug-12 15:56:01.538 +06:00][22683:22683][info ] LoadDynamicKrisp
[2025-Aug-12 15:56:01.538 +06:00][22683:22683][info ] Did not find KRISP_DYLIB_PATH, skipping dynamic loading
[2025-Aug-12 15:56:01.538 +06:00][22683:22683][info ] Initializing Krisp SDK in PID 22683, addr 0x7f1d2e719ab0
[2025-Aug-12 15:56:01.599 +06:00][22683:22683][info ] Initialized Krisp SDK successfully
[2025-Aug-12 15:56:01.599 +06:00][22683:22683][info ] Krisp SDK initialized
[2025-Aug-12 16:10:25.498 +06:00][27479:27479][info ] Logging initialized
[2025-Aug-12 16:10:25.498 +06:00][27479:27479][info ] Initializing krisp SDK...
[2025-Aug-12 16:10:25.498 +06:00][27479:27479][info ] DoKrispInitialize
[2025-Aug-12 16:10:26.743 +06:00][27479:27479][info ] LoadDynamicKrisp
[2025-Aug-12 16:10:26.743 +06:00][27479:27479][info ] Did not find KRISP_DYLIB_PATH, skipping dynamic loading
[2025-Aug-12 16:10:26.743 +06:00][27479:27479][info ] Initializing Krisp SDK in PID 27479, addr 0x7f8c20219ab0
[2025-Aug-12 16:10:26.755 +06:00][27479:27479][info ] Initialized Krisp SDK successfully
[2025-Aug-12 16:10:26.755 +06:00][27479:27479][info ] Krisp SDK initialized
[2025-Aug-12 21:39:55.661 +06:00][ 4321: 4321][info ] Logging initialized
[2025-Aug-12 21:39:55.661 +06:00][ 4321: 4321][info ] Initializing krisp SDK...
[2025-Aug-12 21:39:55.661 +06:00][ 4321: 4321][info ] DoKrispInitialize
[2025-Aug-12 21:39:56.561 +06:00][ 4321: 4321][info ] LoadDynamicKrisp
[2025-Aug-12 21:39:56.561 +06:00][ 4321: 4321][info ] Did not find KRISP_DYLIB_PATH, skipping dynamic loading
[2025-Aug-12 21:39:56.561 +06:00][ 4321: 4321][info ] Initializing Krisp SDK in PID 4321, addr 0x7faa82519ab0
[2025-Aug-12 21:39:56.682 +06:00][ 4321: 4321][info ] Initialized Krisp SDK successfully
[2025-Aug-12 21:39:56.682 +06:00][ 4321: 4321][info ] Krisp SDK initialized
[2025-Aug-13 11:45:46.353 +06:00][ 2062: 2062][info ] Logging initialized
[2025-Aug-13 11:45:46.353 +06:00][ 2062: 2062][info ] Initializing krisp SDK...
[2025-Aug-13 11:45:46.353 +06:00][ 2062: 2062][info ] DoKrispInitialize
[2025-Aug-13 11:45:50.983 +06:00][ 2062: 2062][info ] LoadDynamicKrisp
[2025-Aug-13 11:45:50.983 +06:00][ 2062: 2062][info ] Did not find KRISP_DYLIB_PATH, skipping dynamic loading
[2025-Aug-13 11:45:50.983 +06:00][ 2062: 2062][info ] Initializing Krisp SDK in PID 2062, addr 0x7f632e419ab0
[2025-Aug-13 11:45:51.023 +06:00][ 2062: 2062][info ] Initialized Krisp SDK successfully
[2025-Aug-13 11:45:51.023 +06:00][ 2062: 2062][info ] Krisp SDK initialized
[2025-Aug-13 16:08:43.005 +06:00][13714:13714][info ] Logging initialized
[2025-Aug-13 16:08:43.005 +06:00][13714:13714][info ] Initializing krisp SDK...
[2025-Aug-13 16:08:43.005 +06:00][13714:13714][info ] DoKrispInitialize
[2025-Aug-13 16:08:43.923 +06:00][13714:13714][info ] LoadDynamicKrisp
[2025-Aug-13 16:08:43.923 +06:00][13714:13714][info ] Did not find KRISP_DYLIB_PATH, skipping dynamic loading
[2025-Aug-13 16:08:43.923 +06:00][13714:13714][info ] Initializing Krisp SDK in PID 13714, addr 0x7f6882d19ab0
[2025-Aug-13 16:08:43.965 +06:00][13714:13714][info ] Initialized Krisp SDK successfully
[2025-Aug-13 16:08:43.965 +06:00][13714:13714][info ] Krisp SDK initialized
