2025-08-09 12:15:28.870 [info] Reading sessions from keychain...
2025-08-09 12:15:28.870 [info] Getting sessions for all scopes...
2025-08-09 12:15:28.870 [info] Got stored sessions!
2025-08-09 12:15:28.870 [info] Got 1 verified sessions.
2025-08-09 12:15:28.870 [info] Got 1 sessions for ...
2025-08-09 12:15:28.870 [info] Getting sessions for all scopes...
2025-08-09 12:15:28.870 [info] Got 1 sessions for ...
2025-08-09 12:15:28.870 [info] Getting sessions for all scopes...
2025-08-09 12:15:28.870 [info] Got 1 sessions for ...
2025-08-09 12:15:28.870 [info] Getting sessions for all scopes...
2025-08-09 12:15:28.870 [info] Got 1 sessions for ...
2025-08-09 12:15:28.870 [info] Getting sessions for all scopes...
2025-08-09 12:15:28.870 [info] Got 1 sessions for ...
2025-08-09 12:15:28.870 [info] Getting sessions for all scopes...
2025-08-09 12:15:28.870 [info] Got 1 sessions for ...
2025-08-09 12:15:28.870 [info] Getting sessions for all scopes...
2025-08-09 12:15:28.870 [info] Got 1 sessions for ...
2025-08-09 12:15:28.870 [info] Getting sessions for all scopes...
2025-08-09 12:15:28.870 [info] Got 1 sessions for ...
2025-08-09 12:15:28.870 [info] Getting sessions for all scopes...
2025-08-09 12:15:28.870 [info] Got 1 sessions for ...
2025-08-09 12:15:28.870 [info] Getting sessions for all scopes...
2025-08-09 12:15:28.870 [info] Got 1 sessions for ...
2025-08-09 12:15:28.870 [info] Getting sessions for all scopes...
2025-08-09 12:15:28.870 [info] Got 1 sessions for ...
2025-08-09 12:15:28.870 [info] Getting sessions for all scopes...
2025-08-09 12:15:28.870 [info] Got 1 sessions for ...
2025-08-09 12:15:28.870 [info] Getting sessions for all scopes...
2025-08-09 12:15:28.870 [info] Got 1 sessions for ...
2025-08-09 12:15:28.870 [info] Getting sessions for all scopes...
2025-08-09 12:15:28.870 [info] Got 1 sessions for ...
2025-08-09 12:15:28.870 [info] Getting sessions for all scopes...
2025-08-09 12:15:28.870 [info] Got 1 sessions for ...
2025-08-09 12:15:28.870 [info] Getting sessions for all scopes...
2025-08-09 12:15:28.870 [info] Got 1 sessions for ...
2025-08-09 12:15:28.870 [info] Getting sessions for all scopes...
2025-08-09 12:15:28.870 [info] Got 1 sessions for ...
2025-08-09 12:15:28.870 [info] Getting sessions for all scopes...
2025-08-09 12:15:28.870 [info] Got 1 sessions for ...
2025-08-09 12:15:28.870 [info] Getting sessions for all scopes...
2025-08-09 12:15:28.870 [info] Got 1 sessions for ...
2025-08-09 12:15:28.870 [info] Getting sessions for all scopes...
2025-08-09 12:15:28.870 [info] Got 1 sessions for ...
2025-08-09 12:15:28.870 [info] Getting sessions for all scopes...
2025-08-09 12:15:28.870 [info] Got 1 sessions for ...
2025-08-09 12:15:28.870 [info] Getting sessions for read:user,repo,user:email,workflow...
2025-08-09 12:15:28.870 [info] Got 0 sessions for read:user,repo,user:email,workflow...
2025-08-09 12:15:32.014 [info] Getting sessions for user:email...
2025-08-09 12:15:32.014 [info] Got 1 sessions for user:email...
2025-08-09 12:15:32.015 [info] Getting sessions for read:user,repo,user:email,workflow...
2025-08-09 12:15:32.015 [info] Got 0 sessions for read:user,repo,user:email,workflow...
2025-08-09 12:15:32.365 [info] Getting sessions for all scopes...
2025-08-09 12:15:32.365 [info] Got 1 sessions for ...
2025-08-09 12:15:33.461 [info] Getting sessions for all scopes...
2025-08-09 12:15:33.461 [info] Got 1 sessions for ...
2025-08-09 12:15:33.504 [info] Getting sessions for all scopes...
2025-08-09 12:15:33.505 [info] Got 1 sessions for ...
2025-08-09 12:15:33.512 [info] Getting sessions for read:user,repo,user:email,workflow...
2025-08-09 12:15:33.512 [info] Got 0 sessions for read:user,repo,user:email,workflow...
2025-08-09 12:15:33.513 [info] Getting sessions for all scopes...
2025-08-09 12:15:33.513 [info] Got 1 sessions for ...
2025-08-09 12:15:33.567 [info] Getting sessions for read:user,repo,user:email,workflow...
2025-08-09 12:15:33.567 [info] Got 0 sessions for read:user,repo,user:email,workflow...
2025-08-09 12:15:33.580 [info] Getting sessions for all scopes...
2025-08-09 12:15:33.580 [info] Got 1 sessions for ...
2025-08-09 12:15:33.601 [info] Getting sessions for read:user...
2025-08-09 12:15:33.601 [info] Got 0 sessions for read:user...
2025-08-09 12:15:33.602 [info] Getting sessions for user:email...
2025-08-09 12:15:33.602 [info] Got 1 sessions for user:email...
2025-08-09 12:15:35.703 [info] Getting sessions for user:email...
2025-08-09 12:15:35.703 [info] Got 1 sessions for user:email...
2025-08-09 12:15:35.871 [info] Getting sessions for all scopes...
2025-08-09 12:15:35.872 [info] Got 1 sessions for ...
2025-08-09 12:15:36.103 [info] Getting sessions for read:user,repo,user:email,workflow...
2025-08-09 12:15:36.103 [info] Got 0 sessions for read:user,repo,user:email,workflow...
2025-08-09 12:15:36.111 [info] Getting sessions for user:email...
2025-08-09 12:15:36.111 [info] Got 1 sessions for user:email...
2025-08-09 12:15:36.889 [info] Getting sessions for all scopes...
2025-08-09 12:15:36.889 [info] Got 1 sessions for ...
2025-08-09 12:15:36.914 [info] Getting sessions for all scopes...
2025-08-09 12:15:36.914 [info] Got 1 sessions for ...
2025-08-09 12:15:36.936 [info] Getting sessions for read:user,repo,user:email,workflow...
2025-08-09 12:15:36.936 [info] Got 0 sessions for read:user,repo,user:email,workflow...
2025-08-09 12:15:36.943 [info] Getting sessions for user:email...
2025-08-09 12:15:36.943 [info] Got 1 sessions for user:email...
2025-08-09 12:15:36.945 [info] Getting sessions for read:user,repo,user:email,workflow...
2025-08-09 12:15:36.945 [info] Got 0 sessions for read:user,repo,user:email,workflow...
2025-08-09 12:15:36.953 [info] Getting sessions for all scopes...
2025-08-09 12:15:36.953 [info] Got 1 sessions for ...
2025-08-09 12:15:36.959 [info] Getting sessions for read:user,repo,user:email,workflow...
2025-08-09 12:15:36.959 [info] Got 0 sessions for read:user,repo,user:email,workflow...
2025-08-09 12:15:37.007 [info] Getting sessions for user:email...
2025-08-09 12:15:37.007 [info] Got 1 sessions for user:email...
2025-08-09 12:15:37.082 [info] Getting sessions for all scopes...
2025-08-09 12:15:37.082 [info] Got 1 sessions for ...
2025-08-09 12:15:37.082 [info] Getting sessions for all scopes...
2025-08-09 12:15:37.082 [info] Got 1 sessions for ...
2025-08-09 12:15:37.109 [info] Getting sessions for read:user,repo,user:email,workflow...
2025-08-09 12:15:37.110 [info] Got 0 sessions for read:user,repo,user:email,workflow...
2025-08-09 12:15:37.115 [info] Getting sessions for user:email...
2025-08-09 12:15:37.116 [info] Got 1 sessions for user:email...
2025-08-09 12:15:37.116 [info] Getting sessions for read:user,repo,user:email,workflow...
2025-08-09 12:15:37.116 [info] Got 0 sessions for read:user,repo,user:email,workflow...
2025-08-09 12:15:37.123 [info] Getting sessions for all scopes...
2025-08-09 12:15:37.123 [info] Got 1 sessions for ...
2025-08-09 12:15:37.125 [info] Getting sessions for all scopes...
2025-08-09 12:15:37.125 [info] Got 1 sessions for ...
2025-08-09 12:15:37.126 [info] Getting sessions for all scopes...
2025-08-09 12:15:37.126 [info] Got 1 sessions for ...
2025-08-09 12:15:37.128 [info] Getting sessions for read:user,repo,user:email,workflow...
2025-08-09 12:15:37.128 [info] Got 0 sessions for read:user,repo,user:email,workflow...
2025-08-09 12:15:37.131 [info] Getting sessions for user:email...
2025-08-09 12:15:37.131 [info] Got 1 sessions for user:email...
2025-08-09 12:15:37.896 [info] Getting sessions for all scopes...
2025-08-09 12:15:37.896 [info] Got 1 sessions for ...
2025-08-09 12:15:37.902 [info] Getting sessions for read:user,repo,user:email,workflow...
2025-08-09 12:15:37.902 [info] Got 0 sessions for read:user,repo,user:email,workflow...
2025-08-09 12:15:37.920 [info] Getting sessions for user:email...
2025-08-09 12:15:37.920 [info] Got 1 sessions for user:email...
2025-08-09 12:15:39.343 [info] Getting sessions for all scopes...
2025-08-09 12:15:39.343 [info] Got 1 sessions for ...
