2025-08-09 18:26:40.687 [info] Reading sessions from keychain...
2025-08-09 18:26:40.687 [info] Getting sessions for all scopes...
2025-08-09 18:26:40.687 [info] Got stored sessions!
2025-08-09 18:26:40.687 [info] Got 1 verified sessions.
2025-08-09 18:26:40.687 [info] Got 1 sessions for ...
2025-08-09 18:26:40.687 [info] Getting sessions for all scopes...
2025-08-09 18:26:40.687 [info] Got 1 sessions for ...
2025-08-09 18:26:40.687 [info] Getting sessions for all scopes...
2025-08-09 18:26:40.687 [info] Got 1 sessions for ...
2025-08-09 18:26:40.687 [info] Getting sessions for all scopes...
2025-08-09 18:26:40.687 [info] Got 1 sessions for ...
2025-08-09 18:26:40.687 [info] Getting sessions for all scopes...
2025-08-09 18:26:40.687 [info] Got 1 sessions for ...
2025-08-09 18:26:40.687 [info] Getting sessions for all scopes...
2025-08-09 18:26:40.687 [info] Got 1 sessions for ...
2025-08-09 18:26:40.687 [info] Getting sessions for all scopes...
2025-08-09 18:26:40.687 [info] Got 1 sessions for ...
2025-08-09 18:26:40.687 [info] Getting sessions for all scopes...
2025-08-09 18:26:40.687 [info] Got 1 sessions for ...
2025-08-09 18:26:40.687 [info] Getting sessions for all scopes...
2025-08-09 18:26:40.687 [info] Got 1 sessions for ...
2025-08-09 18:26:40.687 [info] Getting sessions for all scopes...
2025-08-09 18:26:40.687 [info] Got 1 sessions for ...
2025-08-09 18:26:40.687 [info] Getting sessions for all scopes...
2025-08-09 18:26:40.687 [info] Got 1 sessions for ...
2025-08-09 18:26:40.687 [info] Getting sessions for all scopes...
2025-08-09 18:26:40.687 [info] Got 1 sessions for ...
2025-08-09 18:26:40.687 [info] Getting sessions for all scopes...
2025-08-09 18:26:40.687 [info] Got 1 sessions for ...
2025-08-09 18:26:40.687 [info] Getting sessions for all scopes...
2025-08-09 18:26:40.687 [info] Got 1 sessions for ...
2025-08-09 18:26:40.687 [info] Getting sessions for all scopes...
2025-08-09 18:26:40.687 [info] Got 1 sessions for ...
2025-08-09 18:26:40.687 [info] Getting sessions for read:user,repo,user:email,workflow...
2025-08-09 18:26:40.687 [info] Got 0 sessions for read:user,repo,user:email,workflow...
2025-08-09 18:26:41.447 [info] Getting sessions for user:email...
2025-08-09 18:26:41.447 [info] Got 1 sessions for user:email...
2025-08-09 18:26:41.448 [info] Getting sessions for read:user,repo,user:email,workflow...
2025-08-09 18:26:41.448 [info] Got 0 sessions for read:user,repo,user:email,workflow...
2025-08-09 18:26:49.332 [info] Getting sessions for all scopes...
2025-08-09 18:26:49.332 [info] Got 1 sessions for ...
2025-08-09 18:26:52.846 [info] Getting sessions for all scopes...
2025-08-09 18:26:52.846 [info] Got 1 sessions for ...
2025-08-09 18:26:52.876 [info] Getting sessions for all scopes...
2025-08-09 18:26:52.876 [info] Got 1 sessions for ...
2025-08-09 18:26:52.916 [info] Getting sessions for all scopes...
2025-08-09 18:26:52.916 [info] Got 1 sessions for ...
2025-08-09 18:26:52.916 [info] Getting sessions for read:user,repo,user:email,workflow...
2025-08-09 18:26:52.917 [info] Got 0 sessions for read:user,repo,user:email,workflow...
2025-08-09 18:26:52.946 [info] Getting sessions for read:user,repo,user:email,workflow...
2025-08-09 18:26:52.946 [info] Got 0 sessions for read:user,repo,user:email,workflow...
2025-08-09 18:26:54.726 [info] Getting sessions for read:user...
2025-08-09 18:26:54.726 [info] Got 0 sessions for read:user...
2025-08-09 18:26:54.828 [info] Getting sessions for user:email...
2025-08-09 18:26:54.828 [info] Got 1 sessions for user:email...
2025-08-09 18:26:54.841 [info] Getting sessions for user:email...
2025-08-09 18:26:54.841 [info] Got 1 sessions for user:email...
2025-08-09 18:26:54.861 [info] Getting sessions for all scopes...
2025-08-09 18:26:54.861 [info] Got 1 sessions for ...
2025-08-09 18:26:54.878 [info] Getting sessions for read:user,repo,user:email,workflow...
2025-08-09 18:26:54.878 [info] Got 0 sessions for read:user,repo,user:email,workflow...
2025-08-09 18:26:54.879 [info] Getting sessions for all scopes...
2025-08-09 18:26:54.879 [info] Got 1 sessions for ...
2025-08-09 18:26:54.896 [info] Getting sessions for user:email...
2025-08-09 18:26:54.896 [info] Got 1 sessions for user:email...
2025-08-09 18:26:54.896 [info] Getting sessions for read:user,repo,user:email,workflow...
2025-08-09 18:26:54.896 [info] Got 0 sessions for read:user,repo,user:email,workflow...
2025-08-09 18:26:54.920 [info] Getting sessions for user:email...
2025-08-09 18:26:54.922 [info] Got 1 sessions for user:email...
2025-08-09 18:26:55.650 [info] Getting sessions for all scopes...
2025-08-09 18:26:55.650 [info] Got 1 sessions for ...
2025-08-09 18:26:55.654 [info] Getting sessions for read:user,repo,user:email,workflow...
2025-08-09 18:26:55.666 [info] Got 0 sessions for read:user,repo,user:email,workflow...
2025-08-09 18:26:55.674 [info] Getting sessions for user:email...
2025-08-09 18:26:55.674 [info] Got 1 sessions for user:email...
2025-08-09 18:26:56.973 [info] Getting sessions for all scopes...
2025-08-09 18:26:56.973 [info] Got 1 sessions for ...
2025-08-09 18:26:56.976 [info] Getting sessions for all scopes...
2025-08-09 18:26:56.976 [info] Got 1 sessions for ...
2025-08-09 18:26:56.997 [info] Getting sessions for read:user,repo,user:email,workflow...
2025-08-09 18:26:57.008 [info] Got 0 sessions for read:user,repo,user:email,workflow...
2025-08-09 18:26:57.019 [info] Getting sessions for user:email...
2025-08-09 18:26:57.020 [info] Got 1 sessions for user:email...
2025-08-09 18:26:57.022 [info] Getting sessions for read:user,repo,user:email,workflow...
2025-08-09 18:26:57.023 [info] Got 0 sessions for read:user,repo,user:email,workflow...
2025-08-09 18:26:57.032 [info] Getting sessions for all scopes...
2025-08-09 18:26:57.032 [info] Got 1 sessions for ...
2025-08-09 18:26:57.041 [info] Getting sessions for read:user,repo,user:email,workflow...
2025-08-09 18:26:57.041 [info] Got 0 sessions for read:user,repo,user:email,workflow...
2025-08-09 18:26:57.044 [info] Getting sessions for user:email...
2025-08-09 18:26:57.044 [info] Got 1 sessions for user:email...
2025-08-09 18:26:57.417 [info] Getting sessions for all scopes...
2025-08-09 18:26:57.417 [info] Got 1 sessions for ...
2025-08-09 18:26:57.425 [info] Getting sessions for all scopes...
2025-08-09 18:26:57.425 [info] Got 1 sessions for ...
2025-08-09 18:26:58.282 [info] Getting sessions for all scopes...
2025-08-09 18:26:58.282 [info] Got 1 sessions for ...
2025-08-09 18:26:58.823 [info] Getting sessions for read:user,repo,user:email,workflow...
2025-08-09 18:26:58.823 [info] Got 0 sessions for read:user,repo,user:email,workflow...
2025-08-09 18:26:59.050 [info] Getting sessions for user:email...
2025-08-09 18:26:59.050 [info] Got 1 sessions for user:email...
2025-08-09 18:26:59.056 [info] Getting sessions for read:user,repo,user:email,workflow...
2025-08-09 18:26:59.056 [info] Got 0 sessions for read:user,repo,user:email,workflow...
2025-08-09 18:26:59.217 [info] Getting sessions for all scopes...
2025-08-09 18:26:59.217 [info] Got 1 sessions for ...
2025-08-09 18:26:59.271 [info] Getting sessions for all scopes...
2025-08-09 18:26:59.271 [info] Got 1 sessions for ...
2025-08-09 18:26:59.319 [info] Getting sessions for all scopes...
2025-08-09 18:26:59.319 [info] Got 1 sessions for ...
2025-08-09 18:26:59.402 [info] Getting sessions for read:user,repo,user:email,workflow...
2025-08-09 18:26:59.402 [info] Got 0 sessions for read:user,repo,user:email,workflow...
2025-08-09 18:26:59.422 [info] Getting sessions for user:email...
2025-08-09 18:26:59.424 [info] Got 1 sessions for user:email...
2025-08-09 18:27:15.448 [info] Getting sessions for all scopes...
2025-08-09 18:27:15.448 [info] Got 1 sessions for ...
2025-08-09 18:27:15.449 [info] Getting sessions for all scopes...
2025-08-09 18:27:15.449 [info] Got 1 sessions for ...
2025-08-09 18:27:15.457 [info] Getting sessions for all scopes...
2025-08-09 18:27:15.457 [info] Got 1 sessions for ...
2025-08-09 18:29:05.695 [info] Getting sessions for all scopes...
2025-08-09 18:29:05.695 [info] Got 1 sessions for ...
2025-08-09 18:29:05.697 [info] Getting sessions for read:user,repo,user:email,workflow...
2025-08-09 18:29:05.697 [info] Got 0 sessions for read:user,repo,user:email,workflow...
2025-08-09 18:29:05.698 [info] Getting sessions for user:email...
2025-08-09 18:29:05.698 [info] Got 1 sessions for user:email...
2025-08-09 18:29:05.699 [info] Getting sessions for all scopes...
2025-08-09 18:29:05.700 [info] Got 1 sessions for ...
2025-08-09 18:29:05.701 [info] Getting sessions for read:user,repo,user:email,workflow...
2025-08-09 18:29:05.701 [info] Got 0 sessions for read:user,repo,user:email,workflow...
2025-08-09 18:29:05.702 [info] Getting sessions for user:email...
2025-08-09 18:29:05.702 [info] Got 1 sessions for user:email...
2025-08-09 18:35:45.200 [info] Getting sessions for all scopes...
2025-08-09 18:35:45.213 [info] Got 1 sessions for ...
2025-08-09 18:35:45.217 [info] Getting sessions for read:user,repo,user:email,workflow...
2025-08-09 18:35:45.217 [info] Got 0 sessions for read:user,repo,user:email,workflow...
2025-08-09 18:35:45.219 [info] Getting sessions for user:email...
2025-08-09 18:35:45.219 [info] Got 1 sessions for user:email...
2025-08-09 18:35:45.221 [info] Getting sessions for all scopes...
2025-08-09 18:35:45.221 [info] Got 1 sessions for ...
2025-08-09 18:35:45.222 [info] Getting sessions for read:user,repo,user:email,workflow...
2025-08-09 18:35:45.222 [info] Got 0 sessions for read:user,repo,user:email,workflow...
2025-08-09 18:35:45.228 [info] Getting sessions for user:email...
2025-08-09 18:35:45.228 [info] Got 1 sessions for user:email...
2025-08-09 18:36:12.391 [info] Getting sessions for all scopes...
2025-08-09 18:36:12.392 [info] Got 1 sessions for ...
2025-08-09 18:36:12.406 [info] Getting sessions for read:user,repo,user:email,workflow...
2025-08-09 18:36:12.406 [info] Got 0 sessions for read:user,repo,user:email,workflow...
2025-08-09 18:36:12.419 [info] Getting sessions for user:email...
2025-08-09 18:36:12.419 [info] Got 1 sessions for user:email...
2025-08-09 18:36:12.422 [info] Getting sessions for all scopes...
2025-08-09 18:36:12.422 [info] Got 1 sessions for ...
2025-08-09 18:36:12.435 [info] Getting sessions for read:user,repo,user:email,workflow...
2025-08-09 18:36:12.435 [info] Got 0 sessions for read:user,repo,user:email,workflow...
2025-08-09 18:36:12.439 [info] Getting sessions for user:email...
2025-08-09 18:36:12.439 [info] Got 1 sessions for user:email...
2025-08-09 18:36:23.301 [info] Getting sessions for all scopes...
2025-08-09 18:36:23.301 [info] Got 1 sessions for ...
2025-08-09 18:36:23.302 [info] Getting sessions for read:user,repo,user:email,workflow...
2025-08-09 18:36:23.302 [info] Got 0 sessions for read:user,repo,user:email,workflow...
2025-08-09 18:36:23.303 [info] Getting sessions for user:email...
2025-08-09 18:36:23.303 [info] Got 1 sessions for user:email...
2025-08-09 18:36:23.304 [info] Getting sessions for all scopes...
2025-08-09 18:36:23.304 [info] Got 1 sessions for ...
2025-08-09 18:36:23.305 [info] Getting sessions for read:user,repo,user:email,workflow...
2025-08-09 18:36:23.305 [info] Got 0 sessions for read:user,repo,user:email,workflow...
2025-08-09 18:36:23.306 [info] Getting sessions for user:email...
2025-08-09 18:36:23.306 [info] Got 1 sessions for user:email...
2025-08-09 18:36:52.107 [info] Getting sessions for all scopes...
2025-08-09 18:36:52.107 [info] Got 1 sessions for ...
2025-08-09 18:36:52.452 [info] Getting sessions for read:user,repo,user:email,workflow...
2025-08-09 18:36:52.452 [info] Got 0 sessions for read:user,repo,user:email,workflow...
2025-08-09 18:36:52.487 [info] Getting sessions for user:email...
2025-08-09 18:36:52.488 [info] Got 1 sessions for user:email...
2025-08-09 18:36:52.494 [info] Getting sessions for all scopes...
2025-08-09 18:36:52.494 [info] Got 1 sessions for ...
2025-08-09 18:36:52.501 [info] Getting sessions for read:user,repo,user:email,workflow...
2025-08-09 18:36:52.501 [info] Got 0 sessions for read:user,repo,user:email,workflow...
2025-08-09 18:36:52.504 [info] Getting sessions for user:email...
2025-08-09 18:36:52.504 [info] Got 1 sessions for user:email...
2025-08-09 18:38:53.927 [info] Getting sessions for all scopes...
2025-08-09 18:38:53.945 [info] Got 1 sessions for ...
2025-08-09 18:38:53.955 [info] Getting sessions for read:user,repo,user:email,workflow...
2025-08-09 18:38:53.955 [info] Got 0 sessions for read:user,repo,user:email,workflow...
2025-08-09 18:38:53.964 [info] Getting sessions for user:email...
2025-08-09 18:38:53.967 [info] Got 1 sessions for user:email...
2025-08-09 18:38:53.975 [info] Getting sessions for all scopes...
2025-08-09 18:38:53.975 [info] Got 1 sessions for ...
2025-08-09 18:38:53.984 [info] Getting sessions for read:user,repo,user:email,workflow...
2025-08-09 18:38:53.985 [info] Got 0 sessions for read:user,repo,user:email,workflow...
2025-08-09 18:38:53.987 [info] Getting sessions for user:email...
2025-08-09 18:38:53.987 [info] Got 1 sessions for user:email...
2025-08-09 18:38:55.082 [info] Getting sessions for all scopes...
2025-08-09 18:38:55.082 [info] Got 1 sessions for ...
2025-08-09 18:38:55.084 [info] Getting sessions for read:user,repo,user:email,workflow...
2025-08-09 18:38:55.084 [info] Got 0 sessions for read:user,repo,user:email,workflow...
2025-08-09 18:38:55.087 [info] Getting sessions for user:email...
2025-08-09 18:38:55.087 [info] Got 1 sessions for user:email...
2025-08-09 18:38:55.203 [info] Getting sessions for all scopes...
2025-08-09 18:38:55.203 [info] Got 1 sessions for ...
2025-08-09 18:38:55.206 [info] Getting sessions for read:user,repo,user:email,workflow...
2025-08-09 18:38:55.206 [info] Got 0 sessions for read:user,repo,user:email,workflow...
2025-08-09 18:38:55.208 [info] Getting sessions for user:email...
2025-08-09 18:38:55.208 [info] Got 1 sessions for user:email...
2025-08-09 18:39:08.975 [info] Getting sessions for all scopes...
2025-08-09 18:39:08.975 [info] Got 1 sessions for ...
2025-08-09 18:39:08.982 [info] Getting sessions for read:user,repo,user:email,workflow...
2025-08-09 18:39:08.982 [info] Got 0 sessions for read:user,repo,user:email,workflow...
2025-08-09 18:39:08.985 [info] Getting sessions for user:email...
2025-08-09 18:39:08.985 [info] Got 1 sessions for user:email...
2025-08-09 18:39:08.990 [info] Getting sessions for all scopes...
2025-08-09 18:39:08.990 [info] Got 1 sessions for ...
2025-08-09 18:39:08.992 [info] Getting sessions for read:user,repo,user:email,workflow...
2025-08-09 18:39:08.992 [info] Got 0 sessions for read:user,repo,user:email,workflow...
2025-08-09 18:39:09.001 [info] Getting sessions for user:email...
2025-08-09 18:39:09.001 [info] Got 1 sessions for user:email...
2025-08-09 18:54:22.772 [info] Getting sessions for all scopes...
2025-08-09 18:54:22.797 [info] Got 1 sessions for ...
2025-08-09 18:54:22.803 [info] Getting sessions for read:user,repo,user:email,workflow...
2025-08-09 18:54:22.803 [info] Got 0 sessions for read:user,repo,user:email,workflow...
2025-08-09 18:54:22.807 [info] Getting sessions for user:email...
2025-08-09 18:54:22.807 [info] Got 1 sessions for user:email...
2025-08-09 18:54:22.814 [info] Getting sessions for all scopes...
2025-08-09 18:54:22.814 [info] Got 1 sessions for ...
2025-08-09 18:54:22.822 [info] Getting sessions for read:user,repo,user:email,workflow...
2025-08-09 18:54:22.822 [info] Got 0 sessions for read:user,repo,user:email,workflow...
2025-08-09 18:54:22.824 [info] Getting sessions for user:email...
2025-08-09 18:54:22.824 [info] Got 1 sessions for user:email...
2025-08-09 18:54:24.222 [info] Getting sessions for all scopes...
2025-08-09 18:54:24.222 [info] Got 1 sessions for ...
2025-08-09 18:54:24.223 [info] Getting sessions for all scopes...
2025-08-09 18:54:24.223 [info] Got 1 sessions for ...
2025-08-09 18:54:24.237 [info] Getting sessions for read:user,repo,user:email,workflow...
2025-08-09 18:54:24.237 [info] Got 0 sessions for read:user,repo,user:email,workflow...
2025-08-09 18:54:24.238 [info] Getting sessions for user:email...
2025-08-09 18:54:24.238 [info] Got 1 sessions for user:email...
2025-08-09 18:54:24.238 [info] Getting sessions for read:user,repo,user:email,workflow...
2025-08-09 18:54:24.238 [info] Got 0 sessions for read:user,repo,user:email,workflow...
2025-08-09 18:54:24.241 [info] Getting sessions for all scopes...
2025-08-09 18:54:24.241 [info] Got 1 sessions for ...
2025-08-09 18:54:24.241 [info] Getting sessions for read:user,repo,user:email,workflow...
2025-08-09 18:54:24.242 [info] Got 0 sessions for read:user,repo,user:email,workflow...
2025-08-09 18:54:24.242 [info] Getting sessions for user:email...
2025-08-09 18:54:24.242 [info] Got 1 sessions for user:email...
2025-08-09 18:54:24.244 [info] Getting sessions for all scopes...
2025-08-09 18:54:24.244 [info] Got 1 sessions for ...
2025-08-09 18:54:24.244 [info] Getting sessions for all scopes...
2025-08-09 18:54:24.244 [info] Got 1 sessions for ...
2025-08-09 18:54:24.245 [info] Getting sessions for read:user,repo,user:email,workflow...
2025-08-09 18:54:24.245 [info] Got 0 sessions for read:user,repo,user:email,workflow...
2025-08-09 18:54:24.245 [info] Getting sessions for user:email...
2025-08-09 18:54:24.245 [info] Got 1 sessions for user:email...
2025-08-09 18:54:24.246 [info] Getting sessions for read:user,repo,user:email,workflow...
2025-08-09 18:54:24.246 [info] Got 0 sessions for read:user,repo,user:email,workflow...
2025-08-09 18:54:24.249 [info] Getting sessions for all scopes...
2025-08-09 18:54:24.249 [info] Got 1 sessions for ...
2025-08-09 18:54:24.250 [info] Getting sessions for read:user,repo,user:email,workflow...
2025-08-09 18:54:24.250 [info] Got 0 sessions for read:user,repo,user:email,workflow...
2025-08-09 18:54:24.251 [info] Getting sessions for user:email...
2025-08-09 18:54:24.251 [info] Got 1 sessions for user:email...
2025-08-09 18:54:25.378 [info] Getting sessions for read:user,repo,user:email,workflow...
2025-08-09 18:54:25.378 [info] Got 0 sessions for read:user,repo,user:email,workflow...
2025-08-09 18:54:25.388 [info] Getting sessions for read:user...
2025-08-09 18:54:25.388 [info] Got 0 sessions for read:user...
2025-08-09 18:54:25.390 [info] Getting sessions for user:email...
2025-08-09 18:54:25.391 [info] Got 1 sessions for user:email...
2025-08-09 18:57:22.839 [info] Getting sessions for all scopes...
2025-08-09 18:57:22.840 [info] Got 1 sessions for ...
2025-08-09 18:57:22.842 [info] Getting sessions for read:user,repo,user:email,workflow...
2025-08-09 18:57:22.842 [info] Got 0 sessions for read:user,repo,user:email,workflow...
2025-08-09 18:57:22.844 [info] Getting sessions for user:email...
2025-08-09 18:57:22.844 [info] Got 1 sessions for user:email...
2025-08-09 18:57:22.848 [info] Getting sessions for all scopes...
2025-08-09 18:57:22.848 [info] Got 1 sessions for ...
2025-08-09 18:57:22.850 [info] Getting sessions for read:user,repo,user:email,workflow...
2025-08-09 18:57:22.850 [info] Got 0 sessions for read:user,repo,user:email,workflow...
2025-08-09 18:57:22.853 [info] Getting sessions for user:email...
2025-08-09 18:57:22.853 [info] Got 1 sessions for user:email...
2025-08-09 18:57:23.136 [info] Getting sessions for all scopes...
2025-08-09 18:57:23.136 [info] Got 1 sessions for ...
2025-08-09 18:57:23.137 [info] Getting sessions for read:user,repo,user:email,workflow...
2025-08-09 18:57:23.137 [info] Got 0 sessions for read:user,repo,user:email,workflow...
2025-08-09 18:57:23.138 [info] Getting sessions for user:email...
2025-08-09 18:57:23.138 [info] Got 1 sessions for user:email...
2025-08-09 18:57:24.290 [info] Getting sessions for all scopes...
2025-08-09 18:57:24.291 [info] Got 1 sessions for ...
2025-08-09 18:57:24.302 [info] Getting sessions for read:user,repo,user:email,workflow...
2025-08-09 18:57:24.302 [info] Got 0 sessions for read:user,repo,user:email,workflow...
2025-08-09 18:57:24.311 [info] Getting sessions for user:email...
2025-08-09 18:57:24.311 [info] Got 1 sessions for user:email...
2025-08-09 19:00:05.041 [info] Getting sessions for all scopes...
2025-08-09 19:00:05.058 [info] Got 1 sessions for ...
2025-08-09 19:00:05.062 [info] Getting sessions for read:user,repo,user:email,workflow...
2025-08-09 19:00:05.062 [info] Got 0 sessions for read:user,repo,user:email,workflow...
2025-08-09 19:00:05.066 [info] Getting sessions for user:email...
2025-08-09 19:00:05.066 [info] Got 1 sessions for user:email...
2025-08-09 19:00:05.070 [info] Getting sessions for all scopes...
2025-08-09 19:00:05.071 [info] Got 1 sessions for ...
2025-08-09 19:00:05.074 [info] Getting sessions for read:user,repo,user:email,workflow...
2025-08-09 19:00:05.074 [info] Got 0 sessions for read:user,repo,user:email,workflow...
2025-08-09 19:00:05.078 [info] Getting sessions for user:email...
2025-08-09 19:00:05.078 [info] Got 1 sessions for user:email...
2025-08-09 19:00:05.477 [info] Getting sessions for all scopes...
2025-08-09 19:00:05.477 [info] Got 1 sessions for ...
2025-08-09 19:00:05.482 [info] Getting sessions for read:user,repo,user:email,workflow...
2025-08-09 19:00:05.482 [info] Got 0 sessions for read:user,repo,user:email,workflow...
2025-08-09 19:00:05.487 [info] Getting sessions for user:email...
2025-08-09 19:00:05.488 [info] Got 1 sessions for user:email...
2025-08-09 19:00:05.492 [info] Getting sessions for all scopes...
2025-08-09 19:00:05.492 [info] Got 1 sessions for ...
2025-08-09 19:00:05.496 [info] Getting sessions for read:user,repo,user:email,workflow...
2025-08-09 19:00:05.496 [info] Got 0 sessions for read:user,repo,user:email,workflow...
2025-08-09 19:00:05.502 [info] Getting sessions for user:email...
2025-08-09 19:00:05.502 [info] Got 1 sessions for user:email...
2025-08-09 19:00:05.719 [info] Getting sessions for all scopes...
2025-08-09 19:00:05.719 [info] Got 1 sessions for ...
2025-08-09 19:00:05.721 [info] Getting sessions for read:user,repo,user:email,workflow...
2025-08-09 19:00:05.721 [info] Got 0 sessions for read:user,repo,user:email,workflow...
2025-08-09 19:00:05.722 [info] Getting sessions for user:email...
2025-08-09 19:00:05.722 [info] Got 1 sessions for user:email...
2025-08-09 19:00:05.723 [info] Getting sessions for all scopes...
2025-08-09 19:00:05.723 [info] Got 1 sessions for ...
2025-08-09 19:00:05.724 [info] Getting sessions for read:user,repo,user:email,workflow...
2025-08-09 19:00:05.724 [info] Got 0 sessions for read:user,repo,user:email,workflow...
2025-08-09 19:00:05.724 [info] Getting sessions for user:email...
2025-08-09 19:00:05.724 [info] Got 1 sessions for user:email...
2025-08-09 19:00:06.508 [info] Getting sessions for all scopes...
2025-08-09 19:00:06.508 [info] Got 1 sessions for ...
2025-08-09 19:00:06.511 [info] Getting sessions for read:user,repo,user:email,workflow...
2025-08-09 19:00:06.511 [info] Got 0 sessions for read:user,repo,user:email,workflow...
2025-08-09 19:00:06.512 [info] Getting sessions for user:email...
2025-08-09 19:00:06.512 [info] Got 1 sessions for user:email...
2025-08-09 19:00:06.513 [info] Getting sessions for all scopes...
2025-08-09 19:00:06.513 [info] Got 1 sessions for ...
2025-08-09 19:00:06.519 [info] Getting sessions for read:user,repo,user:email,workflow...
2025-08-09 19:00:06.519 [info] Got 0 sessions for read:user,repo,user:email,workflow...
2025-08-09 19:00:06.521 [info] Getting sessions for user:email...
2025-08-09 19:00:06.521 [info] Got 1 sessions for user:email...
2025-08-09 19:00:06.828 [info] Getting sessions for all scopes...
2025-08-09 19:00:06.829 [info] Got 1 sessions for ...
2025-08-09 19:00:06.844 [info] Getting sessions for read:user,repo,user:email,workflow...
2025-08-09 19:00:06.845 [info] Got 0 sessions for read:user,repo,user:email,workflow...
2025-08-09 19:00:06.847 [info] Getting sessions for user:email...
2025-08-09 19:00:06.847 [info] Got 1 sessions for user:email...
2025-08-09 19:00:06.855 [info] Getting sessions for all scopes...
2025-08-09 19:00:06.855 [info] Got 1 sessions for ...
2025-08-09 19:00:06.858 [info] Getting sessions for read:user,repo,user:email,workflow...
2025-08-09 19:00:06.858 [info] Got 0 sessions for read:user,repo,user:email,workflow...
2025-08-09 19:00:06.862 [info] Getting sessions for user:email...
2025-08-09 19:00:06.862 [info] Got 1 sessions for user:email...
2025-08-09 19:00:49.558 [info] Getting sessions for all scopes...
2025-08-09 19:00:49.558 [info] Got 1 sessions for ...
2025-08-09 19:00:49.560 [info] Getting sessions for read:user,repo,user:email,workflow...
2025-08-09 19:00:49.560 [info] Got 0 sessions for read:user,repo,user:email,workflow...
2025-08-09 19:00:49.561 [info] Getting sessions for user:email...
2025-08-09 19:00:49.561 [info] Got 1 sessions for user:email...
2025-08-09 19:00:49.563 [info] Getting sessions for all scopes...
2025-08-09 19:00:49.563 [info] Got 1 sessions for ...
2025-08-09 19:00:49.563 [info] Getting sessions for read:user,repo,user:email,workflow...
2025-08-09 19:00:49.563 [info] Got 0 sessions for read:user,repo,user:email,workflow...
2025-08-09 19:00:49.564 [info] Getting sessions for user:email...
2025-08-09 19:00:49.564 [info] Got 1 sessions for user:email...
2025-08-09 19:00:50.360 [info] Getting sessions for all scopes...
2025-08-09 19:00:50.360 [info] Got 1 sessions for ...
2025-08-09 19:00:50.363 [info] Getting sessions for read:user,repo,user:email,workflow...
2025-08-09 19:00:50.363 [info] Got 0 sessions for read:user,repo,user:email,workflow...
2025-08-09 19:00:50.364 [info] Getting sessions for user:email...
2025-08-09 19:00:50.364 [info] Got 1 sessions for user:email...
2025-08-09 19:00:50.365 [info] Getting sessions for all scopes...
2025-08-09 19:00:50.365 [info] Got 1 sessions for ...
2025-08-09 19:00:50.366 [info] Getting sessions for read:user,repo,user:email,workflow...
2025-08-09 19:00:50.366 [info] Got 0 sessions for read:user,repo,user:email,workflow...
2025-08-09 19:00:50.367 [info] Getting sessions for user:email...
2025-08-09 19:00:50.367 [info] Got 1 sessions for user:email...
2025-08-09 19:00:51.543 [info] Getting sessions for all scopes...
2025-08-09 19:00:51.543 [info] Got 1 sessions for ...
2025-08-09 19:00:51.544 [info] Getting sessions for read:user,repo,user:email,workflow...
2025-08-09 19:00:51.544 [info] Got 0 sessions for read:user,repo,user:email,workflow...
2025-08-09 19:00:51.545 [info] Getting sessions for user:email...
2025-08-09 19:00:51.545 [info] Got 1 sessions for user:email...
2025-08-09 19:00:51.546 [info] Getting sessions for all scopes...
2025-08-09 19:00:51.546 [info] Got 1 sessions for ...
2025-08-09 19:00:51.547 [info] Getting sessions for read:user,repo,user:email,workflow...
2025-08-09 19:00:51.547 [info] Got 0 sessions for read:user,repo,user:email,workflow...
2025-08-09 19:00:51.548 [info] Getting sessions for user:email...
2025-08-09 19:00:51.548 [info] Got 1 sessions for user:email...
2025-08-09 19:00:55.092 [info] Getting sessions for all scopes...
2025-08-09 19:00:55.093 [info] Got 1 sessions for ...
2025-08-09 19:00:55.094 [info] Getting sessions for read:user,repo,user:email,workflow...
2025-08-09 19:00:55.094 [info] Got 0 sessions for read:user,repo,user:email,workflow...
2025-08-09 19:00:55.094 [info] Getting sessions for user:email...
2025-08-09 19:00:55.094 [info] Got 1 sessions for user:email...
2025-08-09 19:00:55.096 [info] Getting sessions for all scopes...
2025-08-09 19:00:55.096 [info] Got 1 sessions for ...
2025-08-09 19:00:55.096 [info] Getting sessions for read:user,repo,user:email,workflow...
2025-08-09 19:00:55.096 [info] Got 0 sessions for read:user,repo,user:email,workflow...
2025-08-09 19:00:55.097 [info] Getting sessions for user:email...
2025-08-09 19:00:55.097 [info] Got 1 sessions for user:email...
2025-08-09 19:00:57.194 [info] Getting sessions for all scopes...
2025-08-09 19:00:57.194 [info] Got 1 sessions for ...
2025-08-09 19:00:57.195 [info] Getting sessions for read:user,repo,user:email,workflow...
2025-08-09 19:00:57.195 [info] Got 0 sessions for read:user,repo,user:email,workflow...
2025-08-09 19:00:57.196 [info] Getting sessions for user:email...
2025-08-09 19:00:57.196 [info] Got 1 sessions for user:email...
2025-08-09 19:00:57.198 [info] Getting sessions for all scopes...
2025-08-09 19:00:57.198 [info] Got 1 sessions for ...
2025-08-09 19:00:57.200 [info] Getting sessions for read:user,repo,user:email,workflow...
2025-08-09 19:00:57.200 [info] Got 0 sessions for read:user,repo,user:email,workflow...
2025-08-09 19:00:57.201 [info] Getting sessions for user:email...
2025-08-09 19:00:57.201 [info] Got 1 sessions for user:email...
2025-08-09 19:05:23.629 [info] Getting sessions for all scopes...
2025-08-09 19:05:23.629 [info] Got 1 sessions for ...
2025-08-09 19:05:23.631 [info] Getting sessions for read:user,repo,user:email,workflow...
2025-08-09 19:05:23.631 [info] Got 0 sessions for read:user,repo,user:email,workflow...
2025-08-09 19:05:23.631 [info] Getting sessions for user:email...
2025-08-09 19:05:23.632 [info] Got 1 sessions for user:email...
2025-08-09 19:05:23.633 [info] Getting sessions for all scopes...
2025-08-09 19:05:23.633 [info] Got 1 sessions for ...
2025-08-09 19:05:23.634 [info] Getting sessions for read:user,repo,user:email,workflow...
2025-08-09 19:05:23.634 [info] Got 0 sessions for read:user,repo,user:email,workflow...
2025-08-09 19:05:23.634 [info] Getting sessions for user:email...
2025-08-09 19:05:23.634 [info] Got 1 sessions for user:email...
2025-08-09 19:05:25.511 [info] Getting sessions for all scopes...
2025-08-09 19:05:25.511 [info] Got 1 sessions for ...
2025-08-09 19:05:25.512 [info] Getting sessions for read:user,repo,user:email,workflow...
2025-08-09 19:05:25.512 [info] Got 0 sessions for read:user,repo,user:email,workflow...
2025-08-09 19:05:25.513 [info] Getting sessions for user:email...
2025-08-09 19:05:25.513 [info] Got 1 sessions for user:email...
2025-08-09 19:05:25.514 [info] Getting sessions for all scopes...
2025-08-09 19:05:25.514 [info] Got 1 sessions for ...
2025-08-09 19:05:25.515 [info] Getting sessions for read:user,repo,user:email,workflow...
2025-08-09 19:05:25.515 [info] Got 0 sessions for read:user,repo,user:email,workflow...
2025-08-09 19:05:25.516 [info] Getting sessions for user:email...
2025-08-09 19:05:25.516 [info] Got 1 sessions for user:email...
2025-08-09 19:07:19.233 [info] Getting sessions for all scopes...
2025-08-09 19:07:19.233 [info] Got 1 sessions for ...
2025-08-09 19:07:19.234 [info] Getting sessions for read:user,repo,user:email,workflow...
2025-08-09 19:07:19.234 [info] Got 0 sessions for read:user,repo,user:email,workflow...
2025-08-09 19:07:19.235 [info] Getting sessions for user:email...
2025-08-09 19:07:19.235 [info] Got 1 sessions for user:email...
2025-08-09 19:07:19.237 [info] Getting sessions for all scopes...
2025-08-09 19:07:19.237 [info] Got 1 sessions for ...
2025-08-09 19:07:19.241 [info] Getting sessions for read:user,repo,user:email,workflow...
2025-08-09 19:07:19.241 [info] Got 0 sessions for read:user,repo,user:email,workflow...
2025-08-09 19:07:19.242 [info] Getting sessions for user:email...
2025-08-09 19:07:19.242 [info] Got 1 sessions for user:email...
2025-08-09 19:07:32.436 [info] Getting sessions for all scopes...
2025-08-09 19:07:32.436 [info] Got 1 sessions for ...
2025-08-09 19:07:32.441 [info] Getting sessions for read:user,repo,user:email,workflow...
2025-08-09 19:07:32.441 [info] Got 0 sessions for read:user,repo,user:email,workflow...
2025-08-09 19:07:32.450 [info] Getting sessions for user:email...
2025-08-09 19:07:32.450 [info] Got 1 sessions for user:email...
2025-08-09 19:07:32.457 [info] Getting sessions for all scopes...
2025-08-09 19:07:32.457 [info] Got 1 sessions for ...
2025-08-09 19:07:32.467 [info] Getting sessions for read:user,repo,user:email,workflow...
2025-08-09 19:07:32.467 [info] Got 0 sessions for read:user,repo,user:email,workflow...
2025-08-09 19:07:32.471 [info] Getting sessions for user:email...
2025-08-09 19:07:32.471 [info] Got 1 sessions for user:email...
2025-08-09 19:07:33.100 [info] Getting sessions for all scopes...
2025-08-09 19:07:33.100 [info] Got 1 sessions for ...
2025-08-09 19:07:33.103 [info] Getting sessions for read:user,repo,user:email,workflow...
2025-08-09 19:07:33.103 [info] Got 0 sessions for read:user,repo,user:email,workflow...
2025-08-09 19:07:33.106 [info] Getting sessions for user:email...
2025-08-09 19:07:33.106 [info] Got 1 sessions for user:email...
2025-08-09 19:07:33.552 [info] Getting sessions for all scopes...
2025-08-09 19:07:33.552 [info] Got 1 sessions for ...
2025-08-09 19:07:33.553 [info] Getting sessions for read:user,repo,user:email,workflow...
2025-08-09 19:07:33.553 [info] Got 0 sessions for read:user,repo,user:email,workflow...
2025-08-09 19:07:33.560 [info] Getting sessions for user:email...
2025-08-09 19:07:33.560 [info] Got 1 sessions for user:email...
2025-08-09 19:07:33.565 [info] Getting sessions for all scopes...
2025-08-09 19:07:33.566 [info] Got 1 sessions for ...
2025-08-09 19:07:33.569 [info] Getting sessions for read:user,repo,user:email,workflow...
2025-08-09 19:07:33.569 [info] Got 0 sessions for read:user,repo,user:email,workflow...
2025-08-09 19:07:33.570 [info] Getting sessions for user:email...
2025-08-09 19:07:33.570 [info] Got 1 sessions for user:email...
2025-08-09 19:07:34.160 [info] Getting sessions for all scopes...
2025-08-09 19:07:34.161 [info] Got 1 sessions for ...
2025-08-09 19:07:34.180 [info] Getting sessions for read:user,repo,user:email,workflow...
2025-08-09 19:07:34.180 [info] Got 0 sessions for read:user,repo,user:email,workflow...
2025-08-09 19:07:34.187 [info] Getting sessions for user:email...
2025-08-09 19:07:34.187 [info] Got 1 sessions for user:email...
2025-08-09 19:07:34.201 [info] Getting sessions for all scopes...
2025-08-09 19:07:34.201 [info] Got 1 sessions for ...
2025-08-09 19:07:34.205 [info] Getting sessions for read:user,repo,user:email,workflow...
2025-08-09 19:07:34.206 [info] Got 0 sessions for read:user,repo,user:email,workflow...
2025-08-09 19:07:34.220 [info] Getting sessions for user:email...
2025-08-09 19:07:34.220 [info] Got 1 sessions for user:email...
2025-08-09 19:08:19.494 [info] Getting sessions for all scopes...
2025-08-09 19:08:19.494 [info] Got 1 sessions for ...
2025-08-09 19:08:19.495 [info] Getting sessions for read:user,repo,user:email,workflow...
2025-08-09 19:08:19.495 [info] Got 0 sessions for read:user,repo,user:email,workflow...
2025-08-09 19:08:19.495 [info] Getting sessions for user:email...
2025-08-09 19:08:19.495 [info] Got 1 sessions for user:email...
2025-08-09 19:08:19.497 [info] Getting sessions for all scopes...
2025-08-09 19:08:19.497 [info] Got 1 sessions for ...
2025-08-09 19:08:19.497 [info] Getting sessions for read:user,repo,user:email,workflow...
2025-08-09 19:08:19.497 [info] Got 0 sessions for read:user,repo,user:email,workflow...
2025-08-09 19:08:19.498 [info] Getting sessions for user:email...
2025-08-09 19:08:19.498 [info] Got 1 sessions for user:email...
2025-08-09 19:08:19.814 [info] Getting sessions for all scopes...
2025-08-09 19:08:19.814 [info] Got 1 sessions for ...
2025-08-09 19:08:19.815 [info] Getting sessions for read:user,repo,user:email,workflow...
2025-08-09 19:08:19.815 [info] Got 0 sessions for read:user,repo,user:email,workflow...
2025-08-09 19:08:19.816 [info] Getting sessions for user:email...
2025-08-09 19:08:19.816 [info] Got 1 sessions for user:email...
2025-08-09 19:08:19.817 [info] Getting sessions for all scopes...
2025-08-09 19:08:19.817 [info] Got 1 sessions for ...
2025-08-09 19:08:19.818 [info] Getting sessions for read:user,repo,user:email,workflow...
2025-08-09 19:08:19.818 [info] Got 0 sessions for read:user,repo,user:email,workflow...
2025-08-09 19:08:19.820 [info] Getting sessions for user:email...
2025-08-09 19:08:19.820 [info] Got 1 sessions for user:email...
2025-08-09 19:08:20.474 [info] Getting sessions for all scopes...
2025-08-09 19:08:20.474 [info] Got 1 sessions for ...
2025-08-09 19:08:20.476 [info] Getting sessions for read:user,repo,user:email,workflow...
2025-08-09 19:08:20.476 [info] Got 0 sessions for read:user,repo,user:email,workflow...
2025-08-09 19:08:20.477 [info] Getting sessions for user:email...
2025-08-09 19:08:20.477 [info] Got 1 sessions for user:email...
2025-08-09 19:08:20.478 [info] Getting sessions for all scopes...
2025-08-09 19:08:20.478 [info] Got 1 sessions for ...
2025-08-09 19:08:20.479 [info] Getting sessions for read:user,repo,user:email,workflow...
2025-08-09 19:08:20.479 [info] Got 0 sessions for read:user,repo,user:email,workflow...
2025-08-09 19:08:20.480 [info] Getting sessions for user:email...
2025-08-09 19:08:20.480 [info] Got 1 sessions for user:email...
2025-08-09 19:08:55.471 [info] Getting sessions for all scopes...
2025-08-09 19:08:55.471 [info] Got 1 sessions for ...
2025-08-09 19:08:55.472 [info] Getting sessions for read:user,repo,user:email,workflow...
2025-08-09 19:08:55.472 [info] Got 0 sessions for read:user,repo,user:email,workflow...
2025-08-09 19:08:55.473 [info] Getting sessions for user:email...
2025-08-09 19:08:55.473 [info] Got 1 sessions for user:email...
2025-08-09 19:08:55.474 [info] Getting sessions for all scopes...
2025-08-09 19:08:55.474 [info] Got 1 sessions for ...
2025-08-09 19:08:55.475 [info] Getting sessions for read:user,repo,user:email,workflow...
2025-08-09 19:08:55.475 [info] Got 0 sessions for read:user,repo,user:email,workflow...
2025-08-09 19:08:55.476 [info] Getting sessions for user:email...
2025-08-09 19:08:55.476 [info] Got 1 sessions for user:email...
2025-08-09 19:08:57.265 [info] Getting sessions for all scopes...
2025-08-09 19:08:57.265 [info] Got 1 sessions for ...
2025-08-09 19:08:57.266 [info] Getting sessions for read:user,repo,user:email,workflow...
2025-08-09 19:08:57.266 [info] Got 0 sessions for read:user,repo,user:email,workflow...
2025-08-09 19:08:57.267 [info] Getting sessions for user:email...
2025-08-09 19:08:57.267 [info] Got 1 sessions for user:email...
2025-08-09 19:08:57.268 [info] Getting sessions for all scopes...
2025-08-09 19:08:57.268 [info] Got 1 sessions for ...
2025-08-09 19:08:57.269 [info] Getting sessions for read:user,repo,user:email,workflow...
2025-08-09 19:08:57.269 [info] Got 0 sessions for read:user,repo,user:email,workflow...
2025-08-09 19:08:57.270 [info] Getting sessions for user:email...
2025-08-09 19:08:57.270 [info] Got 1 sessions for user:email...
2025-08-09 19:08:57.922 [info] Getting sessions for all scopes...
2025-08-09 19:08:57.922 [info] Got 1 sessions for ...
2025-08-09 19:08:57.925 [info] Getting sessions for read:user,repo,user:email,workflow...
2025-08-09 19:08:57.925 [info] Got 0 sessions for read:user,repo,user:email,workflow...
2025-08-09 19:08:57.937 [info] Getting sessions for user:email...
2025-08-09 19:08:57.937 [info] Got 1 sessions for user:email...
2025-08-09 19:08:57.947 [info] Getting sessions for all scopes...
2025-08-09 19:08:57.947 [info] Got 1 sessions for ...
2025-08-09 19:08:57.951 [info] Getting sessions for read:user,repo,user:email,workflow...
2025-08-09 19:08:57.951 [info] Got 0 sessions for read:user,repo,user:email,workflow...
2025-08-09 19:08:57.954 [info] Getting sessions for user:email...
2025-08-09 19:08:57.954 [info] Got 1 sessions for user:email...
2025-08-09 19:09:15.934 [info] Getting sessions for all scopes...
2025-08-09 19:09:15.934 [info] Got 1 sessions for ...
2025-08-09 19:09:15.937 [info] Getting sessions for read:user,repo,user:email,workflow...
2025-08-09 19:09:15.937 [info] Got 0 sessions for read:user,repo,user:email,workflow...
2025-08-09 19:09:15.937 [info] Getting sessions for user:email...
2025-08-09 19:09:15.937 [info] Got 1 sessions for user:email...
2025-08-09 19:09:15.938 [info] Getting sessions for all scopes...
2025-08-09 19:09:15.939 [info] Got 1 sessions for ...
2025-08-09 19:09:15.939 [info] Getting sessions for read:user,repo,user:email,workflow...
2025-08-09 19:09:15.939 [info] Got 0 sessions for read:user,repo,user:email,workflow...
2025-08-09 19:09:15.940 [info] Getting sessions for user:email...
2025-08-09 19:09:15.940 [info] Got 1 sessions for user:email...
2025-08-09 19:09:58.605 [info] Getting sessions for all scopes...
2025-08-09 19:09:58.605 [info] Got 1 sessions for ...
2025-08-09 19:09:58.606 [info] Getting sessions for read:user,repo,user:email,workflow...
2025-08-09 19:09:58.606 [info] Got 0 sessions for read:user,repo,user:email,workflow...
2025-08-09 19:09:58.607 [info] Getting sessions for user:email...
2025-08-09 19:09:58.607 [info] Got 1 sessions for user:email...
2025-08-09 19:09:58.608 [info] Getting sessions for all scopes...
2025-08-09 19:09:58.608 [info] Got 1 sessions for ...
2025-08-09 19:09:58.609 [info] Getting sessions for read:user,repo,user:email,workflow...
2025-08-09 19:09:58.609 [info] Got 0 sessions for read:user,repo,user:email,workflow...
2025-08-09 19:09:58.610 [info] Getting sessions for user:email...
2025-08-09 19:09:58.610 [info] Got 1 sessions for user:email...
2025-08-09 19:10:02.573 [info] Getting sessions for all scopes...
2025-08-09 19:10:02.573 [info] Got 1 sessions for ...
2025-08-09 19:10:02.580 [info] Getting sessions for read:user,repo,user:email,workflow...
2025-08-09 19:10:02.580 [info] Got 0 sessions for read:user,repo,user:email,workflow...
2025-08-09 19:10:02.584 [info] Getting sessions for user:email...
2025-08-09 19:10:02.584 [info] Got 1 sessions for user:email...
2025-08-09 19:10:02.589 [info] Getting sessions for all scopes...
2025-08-09 19:10:02.590 [info] Got 1 sessions for ...
2025-08-09 19:10:02.598 [info] Getting sessions for read:user,repo,user:email,workflow...
2025-08-09 19:10:02.599 [info] Got 0 sessions for read:user,repo,user:email,workflow...
2025-08-09 19:10:02.605 [info] Getting sessions for user:email...
2025-08-09 19:10:02.605 [info] Got 1 sessions for user:email...
2025-08-09 19:10:23.300 [info] Getting sessions for all scopes...
2025-08-09 19:10:23.300 [info] Got 1 sessions for ...
2025-08-09 19:10:23.302 [info] Getting sessions for read:user,repo,user:email,workflow...
2025-08-09 19:10:23.302 [info] Got 0 sessions for read:user,repo,user:email,workflow...
2025-08-09 19:10:23.303 [info] Getting sessions for user:email...
2025-08-09 19:10:23.303 [info] Got 1 sessions for user:email...
2025-08-09 19:10:23.304 [info] Getting sessions for all scopes...
2025-08-09 19:10:23.304 [info] Got 1 sessions for ...
2025-08-09 19:10:23.305 [info] Getting sessions for read:user,repo,user:email,workflow...
2025-08-09 19:10:23.305 [info] Got 0 sessions for read:user,repo,user:email,workflow...
2025-08-09 19:10:23.305 [info] Getting sessions for user:email...
2025-08-09 19:10:23.305 [info] Got 1 sessions for user:email...
2025-08-09 19:13:57.577 [info] Getting sessions for all scopes...
2025-08-09 19:13:57.577 [info] Got 1 sessions for ...
2025-08-09 19:13:57.585 [info] Getting sessions for read:user,repo,user:email,workflow...
2025-08-09 19:13:57.585 [info] Got 0 sessions for read:user,repo,user:email,workflow...
2025-08-09 19:13:57.589 [info] Getting sessions for user:email...
2025-08-09 19:13:57.589 [info] Got 1 sessions for user:email...
2025-08-09 19:13:57.593 [info] Getting sessions for all scopes...
2025-08-09 19:13:57.594 [info] Got 1 sessions for ...
2025-08-09 19:13:57.606 [info] Getting sessions for read:user,repo,user:email,workflow...
2025-08-09 19:13:57.606 [info] Got 0 sessions for read:user,repo,user:email,workflow...
2025-08-09 19:13:57.608 [info] Getting sessions for user:email...
2025-08-09 19:13:57.609 [info] Got 1 sessions for user:email...
2025-08-09 19:14:00.700 [info] Getting sessions for all scopes...
2025-08-09 19:14:00.701 [info] Got 1 sessions for ...
2025-08-09 19:14:00.705 [info] Getting sessions for read:user,repo,user:email,workflow...
2025-08-09 19:14:00.705 [info] Got 0 sessions for read:user,repo,user:email,workflow...
2025-08-09 19:14:00.707 [info] Getting sessions for user:email...
2025-08-09 19:14:00.708 [info] Got 1 sessions for user:email...
2025-08-09 19:14:00.716 [info] Getting sessions for all scopes...
2025-08-09 19:14:00.716 [info] Got 1 sessions for ...
2025-08-09 19:14:00.723 [info] Getting sessions for read:user,repo,user:email,workflow...
2025-08-09 19:14:00.723 [info] Got 0 sessions for read:user,repo,user:email,workflow...
2025-08-09 19:14:00.726 [info] Getting sessions for user:email...
2025-08-09 19:14:00.726 [info] Got 1 sessions for user:email...
2025-08-09 19:14:44.553 [info] Getting sessions for all scopes...
2025-08-09 19:14:44.553 [info] Got 1 sessions for ...
2025-08-09 19:14:44.554 [info] Getting sessions for read:user,repo,user:email,workflow...
2025-08-09 19:14:44.554 [info] Got 0 sessions for read:user,repo,user:email,workflow...
2025-08-09 19:14:44.555 [info] Getting sessions for user:email...
2025-08-09 19:14:44.555 [info] Got 1 sessions for user:email...
2025-08-09 19:14:44.556 [info] Getting sessions for all scopes...
2025-08-09 19:14:44.556 [info] Got 1 sessions for ...
2025-08-09 19:14:44.557 [info] Getting sessions for read:user,repo,user:email,workflow...
2025-08-09 19:14:44.557 [info] Got 0 sessions for read:user,repo,user:email,workflow...
2025-08-09 19:14:44.558 [info] Getting sessions for user:email...
2025-08-09 19:14:44.558 [info] Got 1 sessions for user:email...
2025-08-09 19:17:33.298 [info] Getting sessions for all scopes...
2025-08-09 19:17:33.298 [info] Got 1 sessions for ...
2025-08-09 19:17:33.310 [info] Getting sessions for read:user,repo,user:email,workflow...
2025-08-09 19:17:33.310 [info] Got 0 sessions for read:user,repo,user:email,workflow...
2025-08-09 19:17:33.323 [info] Getting sessions for user:email...
2025-08-09 19:17:33.323 [info] Got 1 sessions for user:email...
2025-08-09 19:17:33.330 [info] Getting sessions for all scopes...
2025-08-09 19:17:33.330 [info] Got 1 sessions for ...
2025-08-09 19:17:33.342 [info] Getting sessions for read:user,repo,user:email,workflow...
2025-08-09 19:17:33.342 [info] Got 0 sessions for read:user,repo,user:email,workflow...
2025-08-09 19:17:33.351 [info] Getting sessions for user:email...
2025-08-09 19:17:33.351 [info] Got 1 sessions for user:email...
2025-08-09 19:17:34.009 [info] Getting sessions for all scopes...
2025-08-09 19:17:34.009 [info] Got 1 sessions for ...
2025-08-09 19:17:34.018 [info] Getting sessions for read:user,repo,user:email,workflow...
2025-08-09 19:17:34.018 [info] Got 0 sessions for read:user,repo,user:email,workflow...
2025-08-09 19:17:34.052 [info] Getting sessions for user:email...
2025-08-09 19:17:34.052 [info] Got 1 sessions for user:email...
2025-08-09 19:17:34.513 [info] Getting sessions for all scopes...
2025-08-09 19:17:34.513 [info] Got 1 sessions for ...
2025-08-09 19:17:34.532 [info] Getting sessions for read:user,repo,user:email,workflow...
2025-08-09 19:17:34.532 [info] Got 0 sessions for read:user,repo,user:email,workflow...
2025-08-09 19:17:34.540 [info] Getting sessions for user:email...
2025-08-09 19:17:34.540 [info] Got 1 sessions for user:email...
2025-08-09 19:17:34.839 [info] Getting sessions for all scopes...
2025-08-09 19:17:34.839 [info] Got 1 sessions for ...
2025-08-09 19:17:34.847 [info] Getting sessions for all scopes...
2025-08-09 19:17:34.847 [info] Got 1 sessions for ...
2025-08-09 19:17:34.889 [info] Getting sessions for read:user,repo,user:email,workflow...
2025-08-09 19:17:34.889 [info] Got 0 sessions for read:user,repo,user:email,workflow...
2025-08-09 19:17:34.897 [info] Getting sessions for user:email...
2025-08-09 19:17:34.897 [info] Got 1 sessions for user:email...
2025-08-09 19:17:34.897 [info] Getting sessions for read:user,repo,user:email,workflow...
2025-08-09 19:17:34.898 [info] Got 0 sessions for read:user,repo,user:email,workflow...
2025-08-09 19:17:34.912 [info] Getting sessions for all scopes...
2025-08-09 19:17:34.913 [info] Got 1 sessions for ...
2025-08-09 19:17:34.921 [info] Getting sessions for read:user,repo,user:email,workflow...
2025-08-09 19:17:34.922 [info] Got 0 sessions for read:user,repo,user:email,workflow...
2025-08-09 19:17:34.928 [info] Getting sessions for user:email...
2025-08-09 19:17:34.928 [info] Got 1 sessions for user:email...
2025-08-09 19:17:34.940 [info] Getting sessions for all scopes...
2025-08-09 19:17:34.940 [info] Got 1 sessions for ...
2025-08-09 19:17:34.941 [info] Getting sessions for all scopes...
2025-08-09 19:17:34.941 [info] Got 1 sessions for ...
2025-08-09 19:17:34.946 [info] Getting sessions for read:user,repo,user:email,workflow...
2025-08-09 19:17:34.946 [info] Got 0 sessions for read:user,repo,user:email,workflow...
2025-08-09 19:17:34.950 [info] Getting sessions for user:email...
2025-08-09 19:17:34.950 [info] Got 1 sessions for user:email...
2025-08-09 19:17:34.953 [info] Getting sessions for read:user,repo,user:email,workflow...
2025-08-09 19:17:34.953 [info] Got 0 sessions for read:user,repo,user:email,workflow...
2025-08-09 19:17:35.000 [info] Getting sessions for all scopes...
2025-08-09 19:17:35.001 [info] Got 1 sessions for ...
2025-08-09 19:17:35.155 [info] Getting sessions for read:user,repo,user:email,workflow...
2025-08-09 19:17:35.155 [info] Got 0 sessions for read:user,repo,user:email,workflow...
2025-08-09 19:17:35.217 [info] Getting sessions for user:email...
2025-08-09 19:17:35.217 [info] Got 1 sessions for user:email...
2025-08-09 19:17:35.551 [info] Getting sessions for all scopes...
2025-08-09 19:17:35.551 [info] Got 1 sessions for ...
2025-08-09 19:17:35.577 [info] Getting sessions for read:user,repo,user:email,workflow...
2025-08-09 19:17:35.577 [info] Got 0 sessions for read:user,repo,user:email,workflow...
2025-08-09 19:17:35.586 [info] Getting sessions for user:email...
2025-08-09 19:17:35.586 [info] Got 1 sessions for user:email...
2025-08-09 19:17:36.358 [info] Getting sessions for all scopes...
2025-08-09 19:17:36.359 [info] Got 1 sessions for ...
2025-08-09 19:17:36.365 [info] Getting sessions for read:user,repo,user:email,workflow...
2025-08-09 19:17:36.365 [info] Got 0 sessions for read:user,repo,user:email,workflow...
2025-08-09 19:17:36.373 [info] Getting sessions for user:email...
2025-08-09 19:17:36.373 [info] Got 1 sessions for user:email...
2025-08-09 19:17:36.600 [info] Getting sessions for all scopes...
2025-08-09 19:17:36.600 [info] Got 1 sessions for ...
2025-08-09 19:17:36.609 [info] Getting sessions for read:user,repo,user:email,workflow...
2025-08-09 19:17:36.609 [info] Got 0 sessions for read:user,repo,user:email,workflow...
2025-08-09 19:17:36.613 [info] Getting sessions for user:email...
2025-08-09 19:17:36.613 [info] Got 1 sessions for user:email...
2025-08-09 19:17:36.629 [info] Getting sessions for all scopes...
2025-08-09 19:17:36.629 [info] Got 1 sessions for ...
2025-08-09 19:17:36.632 [info] Getting sessions for read:user,repo,user:email,workflow...
2025-08-09 19:17:36.632 [info] Got 0 sessions for read:user,repo,user:email,workflow...
2025-08-09 19:17:36.639 [info] Getting sessions for user:email...
2025-08-09 19:17:36.639 [info] Got 1 sessions for user:email...
2025-08-09 19:17:37.806 [info] Getting sessions for all scopes...
2025-08-09 19:17:37.806 [info] Got 1 sessions for ...
2025-08-09 19:17:37.809 [info] Getting sessions for read:user,repo,user:email,workflow...
2025-08-09 19:17:37.809 [info] Got 0 sessions for read:user,repo,user:email,workflow...
2025-08-09 19:17:37.813 [info] Getting sessions for user:email...
2025-08-09 19:17:37.813 [info] Got 1 sessions for user:email...
2025-08-09 19:17:37.828 [info] Getting sessions for all scopes...
2025-08-09 19:17:37.828 [info] Got 1 sessions for ...
2025-08-09 19:17:37.989 [info] Getting sessions for read:user,repo,user:email,workflow...
2025-08-09 19:17:37.989 [info] Got 0 sessions for read:user,repo,user:email,workflow...
2025-08-09 19:17:37.995 [info] Getting sessions for user:email...
2025-08-09 19:17:37.995 [info] Got 1 sessions for user:email...
2025-08-09 19:17:38.494 [info] Getting sessions for all scopes...
2025-08-09 19:17:38.494 [info] Got 1 sessions for ...
2025-08-09 19:17:38.500 [info] Getting sessions for read:user,repo,user:email,workflow...
2025-08-09 19:17:38.501 [info] Got 0 sessions for read:user,repo,user:email,workflow...
2025-08-09 19:17:38.508 [info] Getting sessions for user:email...
2025-08-09 19:17:38.508 [info] Got 1 sessions for user:email...
2025-08-09 19:17:38.515 [info] Getting sessions for all scopes...
2025-08-09 19:17:38.516 [info] Got 1 sessions for ...
2025-08-09 19:17:38.527 [info] Getting sessions for read:user,repo,user:email,workflow...
2025-08-09 19:17:38.527 [info] Got 0 sessions for read:user,repo,user:email,workflow...
2025-08-09 19:17:38.538 [info] Getting sessions for user:email...
2025-08-09 19:17:38.538 [info] Got 1 sessions for user:email...
