2025-08-12 15:03:14.423 [info] Reading sessions from keychain...
2025-08-12 15:03:14.423 [info] Got stored sessions!
2025-08-12 15:03:14.423 [info] Got 1 verified sessions.
2025-08-12 15:03:14.423 [info] Getting sessions for all scopes...
2025-08-12 15:03:14.423 [info] Got 1 sessions for ...
2025-08-12 15:03:14.423 [info] Getting sessions for all scopes...
2025-08-12 15:03:14.423 [info] Got 1 sessions for ...
2025-08-12 15:03:14.423 [info] Getting sessions for all scopes...
2025-08-12 15:03:14.423 [info] Got 1 sessions for ...
2025-08-12 15:03:14.423 [info] Getting sessions for all scopes...
2025-08-12 15:03:14.423 [info] Got 1 sessions for ...
2025-08-12 15:03:14.423 [info] Getting sessions for all scopes...
2025-08-12 15:03:14.423 [info] Got 1 sessions for ...
2025-08-12 15:03:14.423 [info] Getting sessions for all scopes...
2025-08-12 15:03:14.423 [info] Got 1 sessions for ...
2025-08-12 15:03:14.423 [info] Getting sessions for all scopes...
2025-08-12 15:03:14.423 [info] Got 1 sessions for ...
2025-08-12 15:03:14.423 [info] Getting sessions for all scopes...
2025-08-12 15:03:14.423 [info] Got 1 sessions for ...
2025-08-12 15:03:14.423 [info] Getting sessions for all scopes...
2025-08-12 15:03:14.423 [info] Got 1 sessions for ...
2025-08-12 15:03:14.423 [info] Getting sessions for all scopes...
2025-08-12 15:03:14.423 [info] Got 1 sessions for ...
2025-08-12 15:03:14.423 [info] Getting sessions for all scopes...
2025-08-12 15:03:14.423 [info] Got 1 sessions for ...
2025-08-12 15:03:14.423 [info] Getting sessions for all scopes...
2025-08-12 15:03:14.423 [info] Got 1 sessions for ...
2025-08-12 15:03:14.423 [info] Getting sessions for all scopes...
2025-08-12 15:03:14.423 [info] Got 1 sessions for ...
2025-08-12 15:03:14.423 [info] Getting sessions for all scopes...
2025-08-12 15:03:14.423 [info] Got 1 sessions for ...
2025-08-12 15:03:14.423 [info] Getting sessions for all scopes...
2025-08-12 15:03:14.423 [info] Got 1 sessions for ...
2025-08-12 15:03:14.423 [info] Getting sessions for all scopes...
2025-08-12 15:03:14.423 [info] Got 1 sessions for ...
2025-08-12 15:03:14.423 [info] Getting sessions for all scopes...
2025-08-12 15:03:14.423 [info] Got 1 sessions for ...
2025-08-12 15:03:27.766 [info] Getting sessions for all scopes...
2025-08-12 15:03:27.766 [info] Got 1 sessions for ...
2025-08-12 15:03:27.766 [info] Getting sessions for all scopes...
2025-08-12 15:03:27.766 [info] Got 1 sessions for ...
2025-08-12 15:03:31.114 [info] Getting sessions for read:user,repo,user:email,workflow...
2025-08-12 15:03:31.115 [info] Got 0 sessions for read:user,repo,user:email,workflow...
2025-08-12 15:03:31.161 [info] Getting sessions for all scopes...
2025-08-12 15:03:31.161 [info] Got 1 sessions for ...
2025-08-12 15:03:31.169 [info] Getting sessions for all scopes...
2025-08-12 15:03:31.169 [info] Got 1 sessions for ...
2025-08-12 15:03:31.177 [info] Getting sessions for read:user,repo,user:email,workflow...
2025-08-12 15:03:31.177 [info] Got 0 sessions for read:user,repo,user:email,workflow...
2025-08-12 15:03:31.243 [info] Getting sessions for user:email...
2025-08-12 15:03:31.243 [info] Got 1 sessions for user:email...
2025-08-12 15:03:31.243 [info] Getting sessions for read:user,repo,user:email,workflow...
2025-08-12 15:03:31.243 [info] Got 0 sessions for read:user,repo,user:email,workflow...
2025-08-12 15:03:31.409 [info] Getting sessions for read:user...
2025-08-12 15:03:31.409 [info] Got 0 sessions for read:user...
2025-08-12 15:03:31.419 [info] Getting sessions for user:email...
2025-08-12 15:03:31.419 [info] Got 1 sessions for user:email...
2025-08-12 15:03:32.156 [info] Getting sessions for all scopes...
2025-08-12 15:03:32.156 [info] Got 1 sessions for ...
2025-08-12 15:03:32.173 [info] Getting sessions for read:user,repo,user:email,workflow...
2025-08-12 15:03:32.173 [info] Got 0 sessions for read:user,repo,user:email,workflow...
2025-08-12 15:03:32.195 [info] Getting sessions for user:email...
2025-08-12 15:03:32.195 [info] Got 1 sessions for user:email...
2025-08-12 15:03:32.284 [info] Getting sessions for all scopes...
2025-08-12 15:03:32.284 [info] Got 1 sessions for ...
2025-08-12 15:03:32.294 [info] Getting sessions for all scopes...
2025-08-12 15:03:32.294 [info] Got 1 sessions for ...
2025-08-12 15:03:32.326 [info] Getting sessions for read:user,repo,user:email,workflow...
2025-08-12 15:03:32.326 [info] Got 0 sessions for read:user,repo,user:email,workflow...
2025-08-12 15:03:32.334 [info] Getting sessions for all scopes...
2025-08-12 15:03:32.334 [info] Got 1 sessions for ...
2025-08-12 15:03:32.336 [info] Getting sessions for user:email...
2025-08-12 15:03:32.337 [info] Got 1 sessions for user:email...
2025-08-12 15:03:32.379 [info] Getting sessions for read:user,repo,user:email,workflow...
2025-08-12 15:03:32.379 [info] Got 0 sessions for read:user,repo,user:email,workflow...
2025-08-12 15:03:32.394 [info] Getting sessions for user:email...
2025-08-12 15:03:32.394 [info] Got 1 sessions for user:email...
2025-08-12 15:03:33.025 [info] Getting sessions for all scopes...
2025-08-12 15:03:33.025 [info] Got 1 sessions for ...
2025-08-12 15:03:33.038 [info] Getting sessions for read:user,repo,user:email,workflow...
2025-08-12 15:03:33.038 [info] Got 0 sessions for read:user,repo,user:email,workflow...
2025-08-12 15:03:33.053 [info] Getting sessions for user:email...
2025-08-12 15:03:33.053 [info] Got 1 sessions for user:email...
2025-08-12 15:03:34.260 [info] Getting sessions for all scopes...
2025-08-12 15:03:34.260 [info] Got 1 sessions for ...
2025-08-12 15:03:34.260 [info] Getting sessions for all scopes...
2025-08-12 15:03:34.260 [info] Got 1 sessions for ...
2025-08-12 15:03:34.265 [info] Getting sessions for read:user,repo,user:email,workflow...
2025-08-12 15:03:34.266 [info] Got 0 sessions for read:user,repo,user:email,workflow...
2025-08-12 15:03:34.270 [info] Getting sessions for user:email...
2025-08-12 15:03:34.270 [info] Got 1 sessions for user:email...
2025-08-12 15:03:34.271 [info] Getting sessions for read:user,repo,user:email,workflow...
2025-08-12 15:03:34.271 [info] Got 0 sessions for read:user,repo,user:email,workflow...
2025-08-12 15:03:34.280 [info] Getting sessions for all scopes...
2025-08-12 15:03:34.280 [info] Got 1 sessions for ...
2025-08-12 15:03:34.284 [info] Getting sessions for read:user,repo,user:email,workflow...
2025-08-12 15:03:34.284 [info] Got 0 sessions for read:user,repo,user:email,workflow...
2025-08-12 15:03:34.289 [info] Getting sessions for user:email...
2025-08-12 15:03:34.290 [info] Got 1 sessions for user:email...
2025-08-12 15:03:34.606 [info] Getting sessions for all scopes...
2025-08-12 15:03:34.606 [info] Got 1 sessions for ...
2025-08-12 15:03:34.610 [info] Getting sessions for all scopes...
2025-08-12 15:03:34.610 [info] Got 1 sessions for ...
2025-08-12 15:03:34.645 [info] Getting sessions for read:user,repo,user:email,workflow...
2025-08-12 15:03:34.645 [info] Got 0 sessions for read:user,repo,user:email,workflow...
2025-08-12 15:03:34.653 [info] Getting sessions for user:email...
2025-08-12 15:03:34.653 [info] Got 1 sessions for user:email...
2025-08-12 15:03:34.653 [info] Getting sessions for read:user,repo,user:email,workflow...
2025-08-12 15:03:34.653 [info] Got 0 sessions for read:user,repo,user:email,workflow...
2025-08-12 15:03:34.688 [info] Getting sessions for all scopes...
2025-08-12 15:03:34.688 [info] Got 1 sessions for ...
2025-08-12 15:03:34.695 [info] Getting sessions for all scopes...
2025-08-12 15:03:34.695 [info] Got 1 sessions for ...
2025-08-12 15:03:34.696 [info] Getting sessions for all scopes...
2025-08-12 15:03:34.696 [info] Got 1 sessions for ...
2025-08-12 15:03:34.716 [info] Getting sessions for read:user,repo,user:email,workflow...
2025-08-12 15:03:34.716 [info] Got 0 sessions for read:user,repo,user:email,workflow...
2025-08-12 15:03:34.762 [info] Getting sessions for user:email...
2025-08-12 15:03:34.762 [info] Got 1 sessions for user:email...
2025-08-12 15:03:40.441 [info] Getting sessions for all scopes...
2025-08-12 15:03:40.441 [info] Got 1 sessions for ...
2025-08-12 15:03:40.448 [info] Getting sessions for read:user,repo,user:email,workflow...
2025-08-12 15:03:40.448 [info] Got 0 sessions for read:user,repo,user:email,workflow...
2025-08-12 15:03:40.456 [info] Getting sessions for user:email...
2025-08-12 15:03:40.456 [info] Got 1 sessions for user:email...
2025-08-12 15:03:43.758 [info] Getting sessions for all scopes...
2025-08-12 15:03:43.758 [info] Got 1 sessions for ...
2025-08-12 16:20:55.624 [info] Getting sessions for all scopes...
2025-08-12 16:20:56.038 [info] Got 1 sessions for ...
2025-08-12 16:20:56.056 [info] Getting sessions for read:user,repo,user:email,workflow...
2025-08-12 16:20:56.056 [info] Got 0 sessions for read:user,repo,user:email,workflow...
2025-08-12 16:20:56.170 [info] Getting sessions for user:email...
2025-08-12 16:20:56.170 [info] Got 1 sessions for user:email...
2025-08-12 16:20:56.177 [info] Getting sessions for all scopes...
2025-08-12 16:20:56.178 [info] Got 1 sessions for ...
2025-08-12 16:20:56.181 [info] Getting sessions for read:user,repo,user:email,workflow...
2025-08-12 16:20:56.181 [info] Got 0 sessions for read:user,repo,user:email,workflow...
2025-08-12 16:20:56.184 [info] Getting sessions for user:email...
2025-08-12 16:20:56.184 [info] Got 1 sessions for user:email...
2025-08-12 16:20:56.716 [info] Getting sessions for read:user,repo,user:email,workflow...
2025-08-12 16:20:56.716 [info] Got 0 sessions for read:user,repo,user:email,workflow...
2025-08-12 16:20:56.748 [info] Getting sessions for read:user...
2025-08-12 16:20:56.748 [info] Got 0 sessions for read:user...
2025-08-12 16:20:56.749 [info] Getting sessions for user:email...
2025-08-12 16:20:56.749 [info] Got 1 sessions for user:email...
2025-08-12 16:20:58.619 [info] Getting sessions for all scopes...
2025-08-12 16:20:58.619 [info] Got 1 sessions for ...
2025-08-12 16:20:58.620 [info] Getting sessions for all scopes...
2025-08-12 16:20:58.620 [info] Got 1 sessions for ...
2025-08-12 16:20:58.718 [info] Getting sessions for read:user,repo,user:email,workflow...
2025-08-12 16:20:58.718 [info] Got 0 sessions for read:user,repo,user:email,workflow...
2025-08-12 16:20:58.739 [info] Getting sessions for user:email...
2025-08-12 16:20:58.739 [info] Got 1 sessions for user:email...
2025-08-12 16:20:58.742 [info] Getting sessions for read:user,repo,user:email,workflow...
2025-08-12 16:20:58.743 [info] Got 0 sessions for read:user,repo,user:email,workflow...
2025-08-12 16:20:58.752 [info] Getting sessions for all scopes...
2025-08-12 16:20:58.752 [info] Got 1 sessions for ...
2025-08-12 16:20:58.753 [info] Getting sessions for read:user,repo,user:email,workflow...
2025-08-12 16:20:58.753 [info] Got 0 sessions for read:user,repo,user:email,workflow...
2025-08-12 16:20:58.764 [info] Getting sessions for user:email...
2025-08-12 16:20:58.764 [info] Got 1 sessions for user:email...
2025-08-12 16:20:58.769 [info] Getting sessions for all scopes...
2025-08-12 16:20:58.769 [info] Got 1 sessions for ...
2025-08-12 16:20:58.769 [info] Getting sessions for all scopes...
2025-08-12 16:20:58.769 [info] Got 1 sessions for ...
2025-08-12 16:20:58.770 [info] Getting sessions for read:user,repo,user:email,workflow...
2025-08-12 16:20:58.770 [info] Got 0 sessions for read:user,repo,user:email,workflow...
2025-08-12 16:20:58.781 [info] Getting sessions for user:email...
2025-08-12 16:20:58.781 [info] Got 1 sessions for user:email...
2025-08-12 16:20:58.782 [info] Getting sessions for read:user,repo,user:email,workflow...
2025-08-12 16:20:58.782 [info] Got 0 sessions for read:user,repo,user:email,workflow...
2025-08-12 16:20:58.795 [info] Getting sessions for all scopes...
2025-08-12 16:20:58.795 [info] Got 1 sessions for ...
2025-08-12 16:20:58.798 [info] Getting sessions for read:user,repo,user:email,workflow...
2025-08-12 16:20:58.798 [info] Got 0 sessions for read:user,repo,user:email,workflow...
2025-08-12 16:20:58.801 [info] Getting sessions for user:email...
2025-08-12 16:20:58.801 [info] Got 1 sessions for user:email...
2025-08-12 16:20:59.869 [info] Getting sessions for all scopes...
2025-08-12 16:20:59.869 [info] Got 1 sessions for ...
2025-08-12 16:20:59.874 [info] Getting sessions for read:user,repo,user:email,workflow...
2025-08-12 16:20:59.874 [info] Got 0 sessions for read:user,repo,user:email,workflow...
2025-08-12 16:20:59.879 [info] Getting sessions for user:email...
2025-08-12 16:20:59.880 [info] Got 1 sessions for user:email...
2025-08-12 16:21:00.461 [info] Getting sessions for all scopes...
2025-08-12 16:21:00.461 [info] Got 1 sessions for ...
2025-08-12 16:21:00.820 [info] Getting sessions for read:user,repo,user:email,workflow...
2025-08-12 16:21:00.820 [info] Got 0 sessions for read:user,repo,user:email,workflow...
2025-08-12 16:21:00.903 [info] Getting sessions for user:email...
2025-08-12 16:21:00.927 [info] Got 1 sessions for user:email...
2025-08-12 16:21:00.934 [info] Getting sessions for all scopes...
2025-08-12 16:21:00.934 [info] Got 1 sessions for ...
2025-08-12 16:21:00.936 [info] Getting sessions for read:user,repo,user:email,workflow...
2025-08-12 16:21:00.936 [info] Got 0 sessions for read:user,repo,user:email,workflow...
2025-08-12 16:21:00.949 [info] Getting sessions for user:email...
2025-08-12 16:21:00.949 [info] Got 1 sessions for user:email...
2025-08-12 16:21:01.085 [info] Getting sessions for all scopes...
2025-08-12 16:21:01.085 [info] Got 1 sessions for ...
2025-08-12 16:21:01.086 [info] Getting sessions for read:user,repo,user:email,workflow...
2025-08-12 16:21:01.086 [info] Got 0 sessions for read:user,repo,user:email,workflow...
2025-08-12 16:21:01.093 [info] Getting sessions for user:email...
2025-08-12 16:21:01.093 [info] Got 1 sessions for user:email...
2025-08-12 16:21:01.098 [info] Getting sessions for all scopes...
2025-08-12 16:21:01.098 [info] Got 1 sessions for ...
2025-08-12 16:21:01.101 [info] Getting sessions for read:user,repo,user:email,workflow...
2025-08-12 16:21:01.101 [info] Got 0 sessions for read:user,repo,user:email,workflow...
2025-08-12 16:21:01.102 [info] Getting sessions for user:email...
2025-08-12 16:21:01.102 [info] Got 1 sessions for user:email...
2025-08-12 16:45:59.256 [info] Getting sessions for read:user,repo,user:email,workflow...
2025-08-12 16:45:59.280 [info] Got 0 sessions for read:user,repo,user:email,workflow...
2025-08-12 16:45:59.322 [info] Getting sessions for read:user...
2025-08-12 16:45:59.322 [info] Got 0 sessions for read:user...
2025-08-12 16:45:59.324 [info] Getting sessions for user:email...
2025-08-12 16:45:59.324 [info] Got 1 sessions for user:email...
