2025-08-09 10:24:25.631 [info] [main] Log level: Info
2025-08-09 10:24:25.631 [info] [main] Validating found git in: "git"
2025-08-09 10:24:25.631 [info] [main] Using git "2.50.1" from "git"
2025-08-09 10:24:25.631 [info] [Model][doInitialScan] Initial repository scan started
2025-08-09 10:24:25.631 [info] > git rev-parse --show-toplevel [51ms]
2025-08-09 10:24:25.631 [info] > git rev-parse --path-format=relative --show-toplevel [31ms]
2025-08-09 10:24:27.202 [info] > git rev-parse --show-toplevel [539ms]
2025-08-09 10:24:27.982 [info] > git rev-parse --path-format=relative --show-toplevel [766ms]
2025-08-09 10:24:29.932 [info] > git rev-parse --show-toplevel [300ms]
2025-08-09 10:24:30.249 [info] > git rev-parse --path-format=relative --show-toplevel [269ms]
2025-08-09 10:24:30.567 [info] [Model][doInitialScan] Initial repository scan completed - repositories (0), closed repositories (0), parent repositories (1), unsafe repositories (0)
2025-08-09 10:24:45.178 [info] > git rev-parse --show-toplevel [265ms]
2025-08-09 10:24:45.266 [info] > git rev-parse --path-format=relative --show-toplevel [54ms]
2025-08-09 10:24:56.114 [info] > git rev-parse --show-toplevel [11ms]
2025-08-09 10:24:56.374 [info] > git rev-parse --path-format=relative --show-toplevel [27ms]
2025-08-09 10:25:12.435 [info] > git rev-parse --show-toplevel [4ms]
2025-08-09 10:25:12.464 [info] > git rev-parse --path-format=relative --show-toplevel [10ms]
2025-08-09 10:25:35.381 [info] > git rev-parse --show-toplevel [17ms]
2025-08-09 10:25:35.402 [info] > git rev-parse --path-format=relative --show-toplevel [3ms]
2025-08-09 10:25:59.997 [info] > git rev-parse --show-toplevel [8ms]
2025-08-09 10:26:00.009 [info] > git rev-parse --path-format=relative --show-toplevel [2ms]
2025-08-09 10:27:47.680 [info] > git rev-parse --show-toplevel [8ms]
2025-08-09 10:27:47.702 [info] > git rev-parse --path-format=relative --show-toplevel [3ms]
2025-08-09 10:32:02.357 [info] > git rev-parse --show-toplevel [586ms]
2025-08-09 10:32:02.404 [info] > git rev-parse --path-format=relative --show-toplevel [4ms]
2025-08-09 10:32:15.322 [info] > git rev-parse --show-toplevel [4ms]
2025-08-09 10:32:15.330 [info] > git rev-parse --path-format=relative --show-toplevel [1ms]
2025-08-09 10:34:33.009 [info] > git rev-parse --show-toplevel [119ms]
2025-08-09 10:34:33.080 [info] > git rev-parse --path-format=relative --show-toplevel [5ms]
2025-08-09 10:35:41.467 [info] > git rev-parse --show-toplevel [8ms]
2025-08-09 10:35:41.480 [info] > git rev-parse --path-format=relative --show-toplevel [2ms]
2025-08-09 10:43:01.256 [info] > git rev-parse --show-toplevel [53ms]
2025-08-09 10:43:01.312 [info] > git rev-parse --path-format=relative --show-toplevel [4ms]
2025-08-09 10:43:04.348 [info] > git rev-parse --show-toplevel [13ms]
2025-08-09 10:43:04.397 [info] > git rev-parse --path-format=relative --show-toplevel [5ms]
2025-08-09 10:45:56.356 [info] > git rev-parse --show-toplevel [26ms]
2025-08-09 10:45:56.380 [info] > git rev-parse --path-format=relative --show-toplevel [5ms]
2025-08-09 10:46:28.283 [info] [main] Log level: Info
2025-08-09 10:46:28.283 [info] [main] Validating found git in: "git"
2025-08-09 10:46:28.283 [info] [main] Using git "2.50.1" from "git"
2025-08-09 10:46:28.283 [info] [Model][doInitialScan] Initial repository scan started
2025-08-09 10:46:28.283 [info] > git rev-parse --show-toplevel [21ms]
2025-08-09 10:46:28.283 [info] > git rev-parse --path-format=relative --show-toplevel [503ms]
2025-08-09 10:46:28.364 [info] > git rev-parse --show-toplevel [8ms]
2025-08-09 10:46:28.376 [info] > git rev-parse --path-format=relative --show-toplevel [3ms]
2025-08-09 10:46:28.390 [info] > git rev-parse --show-toplevel [4ms]
2025-08-09 10:46:28.398 [info] > git rev-parse --path-format=relative --show-toplevel [4ms]
2025-08-09 10:46:28.403 [info] [Model][doInitialScan] Initial repository scan completed - repositories (0), closed repositories (0), parent repositories (1), unsafe repositories (0)
2025-08-09 10:52:37.189 [info] > git rev-parse --show-toplevel [8ms]
2025-08-09 10:52:37.214 [info] > git rev-parse --path-format=relative --show-toplevel [10ms]
2025-08-09 10:52:44.699 [info] > git rev-parse --show-toplevel [6ms]
2025-08-09 10:52:44.721 [info] > git rev-parse --path-format=relative --show-toplevel [12ms]
2025-08-09 10:52:53.019 [info] > git rev-parse --show-toplevel [121ms]
2025-08-09 10:52:53.029 [info] > git rev-parse --path-format=relative --show-toplevel [2ms]
2025-08-09 10:52:53.039 [info] > git rev-parse --show-toplevel [2ms]
2025-08-09 10:52:53.050 [info] > git rev-parse --path-format=relative --show-toplevel [1ms]
2025-08-09 10:52:53.114 [info] > git rev-parse --show-toplevel [4ms]
2025-08-09 10:52:53.127 [info] > git rev-parse --path-format=relative --show-toplevel [2ms]
2025-08-09 10:52:53.138 [info] > git rev-parse --show-toplevel [1ms]
2025-08-09 10:52:53.148 [info] > git rev-parse --path-format=relative --show-toplevel [1ms]
2025-08-09 10:53:15.366 [info] > git rev-parse --show-toplevel [7ms]
2025-08-09 10:53:15.403 [info] > git rev-parse --path-format=relative --show-toplevel [10ms]
2025-08-09 10:53:17.064 [info] > git rev-parse --show-toplevel [7ms]
2025-08-09 10:53:17.077 [info] > git rev-parse --path-format=relative --show-toplevel [2ms]
2025-08-09 10:53:17.786 [info] > git rev-parse --show-toplevel [18ms]
2025-08-09 10:53:17.823 [info] > git rev-parse --path-format=relative --show-toplevel [11ms]
2025-08-09 10:53:22.635 [info] > git rev-parse --show-toplevel [29ms]
2025-08-09 10:53:22.676 [info] > git rev-parse --path-format=relative --show-toplevel [10ms]
2025-08-09 10:54:45.151 [info] > git rev-parse --show-toplevel [210ms]
2025-08-09 10:54:45.281 [info] > git rev-parse --path-format=relative --show-toplevel [15ms]
2025-08-09 11:00:15.815 [info] > git rev-parse --show-toplevel [5ms]
2025-08-09 11:00:15.831 [info] > git rev-parse --path-format=relative --show-toplevel [2ms]
2025-08-09 11:01:24.992 [info] [main] Log level: Info
2025-08-09 11:01:25.000 [info] [main] Validating found git in: "git"
2025-08-09 11:01:25.000 [info] [main] Using git "2.50.1" from "git"
2025-08-09 11:01:25.000 [info] [Model][doInitialScan] Initial repository scan started
2025-08-09 11:01:25.000 [info] > git rev-parse --show-toplevel [109ms]
2025-08-09 11:01:25.139 [info] > git rev-parse --path-format=relative --show-toplevel [244ms]
2025-08-09 11:01:26.499 [info] > git rev-parse --show-toplevel [162ms]
2025-08-09 11:01:26.517 [info] > git rev-parse --path-format=relative --show-toplevel [10ms]
2025-08-09 11:01:26.554 [info] > git rev-parse --show-toplevel [13ms]
2025-08-09 11:01:26.574 [info] > git rev-parse --path-format=relative --show-toplevel [8ms]
2025-08-09 11:01:26.584 [info] [Model][doInitialScan] Initial repository scan completed - repositories (0), closed repositories (0), parent repositories (1), unsafe repositories (0)
2025-08-09 11:20:00.026 [info] > git rev-parse --show-toplevel [35ms]
2025-08-09 11:20:00.061 [info] > git rev-parse --path-format=relative --show-toplevel [10ms]
2025-08-09 11:47:01.156 [info] > git rev-parse --show-toplevel [461ms]
2025-08-09 11:47:01.259 [info] > git rev-parse --path-format=relative --show-toplevel [13ms]
2025-08-09 11:47:08.823 [info] > git rev-parse --show-toplevel [195ms]
2025-08-09 11:47:09.169 [info] > git rev-parse --path-format=relative --show-toplevel [338ms]
2025-08-09 11:47:21.612 [info] > git rev-parse --show-toplevel [4ms]
2025-08-09 11:47:21.624 [info] > git rev-parse --path-format=relative --show-toplevel [2ms]
2025-08-09 11:47:21.635 [info] > git rev-parse --show-toplevel [2ms]
2025-08-09 11:47:21.646 [info] > git rev-parse --path-format=relative --show-toplevel [1ms]
2025-08-09 11:47:21.689 [info] > git rev-parse --show-toplevel [4ms]
2025-08-09 11:47:21.703 [info] > git rev-parse --path-format=relative --show-toplevel [4ms]
2025-08-09 11:47:21.720 [info] > git rev-parse --show-toplevel [2ms]
2025-08-09 11:47:21.733 [info] > git rev-parse --path-format=relative --show-toplevel [1ms]
2025-08-09 11:47:21.750 [info] > git rev-parse --show-toplevel [3ms]
2025-08-09 11:47:21.770 [info] > git rev-parse --path-format=relative --show-toplevel [3ms]
2025-08-09 11:47:21.821 [info] > git rev-parse --show-toplevel [9ms]
2025-08-09 11:47:21.856 [info] > git rev-parse --path-format=relative --show-toplevel [4ms]
2025-08-09 11:47:24.545 [info] > git rev-parse --show-toplevel [20ms]
2025-08-09 11:47:24.565 [info] > git rev-parse --path-format=relative --show-toplevel [3ms]
2025-08-09 11:47:24.594 [info] > git rev-parse --show-toplevel [13ms]
2025-08-09 11:47:24.636 [info] > git rev-parse --path-format=relative --show-toplevel [3ms]
2025-08-09 11:47:24.680 [info] > git rev-parse --show-toplevel [9ms]
2025-08-09 11:47:24.733 [info] > git rev-parse --path-format=relative --show-toplevel [13ms]
2025-08-09 11:47:24.785 [info] > git rev-parse --show-toplevel [9ms]
2025-08-09 11:47:24.836 [info] > git rev-parse --path-format=relative --show-toplevel [6ms]
2025-08-09 11:47:24.874 [info] > git rev-parse --show-toplevel [5ms]
2025-08-09 11:47:24.906 [info] > git rev-parse --path-format=relative --show-toplevel [4ms]
2025-08-09 11:47:40.071 [info] > git rev-parse --show-toplevel [5ms]
2025-08-09 11:47:40.095 [info] > git rev-parse --path-format=relative --show-toplevel [10ms]
2025-08-09 11:47:42.978 [info] > git rev-parse --show-toplevel [7ms]
2025-08-09 11:47:43.009 [info] > git rev-parse --path-format=relative --show-toplevel [5ms]
2025-08-09 11:49:00.978 [info] > git rev-parse --show-toplevel [7ms]
2025-08-09 11:49:01.031 [info] > git rev-parse --path-format=relative --show-toplevel [7ms]
2025-08-09 11:49:31.412 [info] > git rev-parse --show-toplevel [2ms]
2025-08-09 11:49:31.438 [info] > git rev-parse --path-format=relative --show-toplevel [13ms]
2025-08-09 11:49:34.894 [info] > git rev-parse --show-toplevel [1ms]
2025-08-09 11:49:34.912 [info] > git rev-parse --path-format=relative --show-toplevel [5ms]
