2025-08-11 17:44:18.207 [info] Reading sessions from keychain...
2025-08-11 17:44:18.208 [info] Got stored sessions!
2025-08-11 17:44:18.208 [info] Got 1 verified sessions.
2025-08-11 17:44:18.208 [info] Getting sessions for all scopes...
2025-08-11 17:44:18.208 [info] Got 1 sessions for ...
2025-08-11 17:44:18.208 [info] Getting sessions for all scopes...
2025-08-11 17:44:18.208 [info] Got 1 sessions for ...
2025-08-11 17:44:18.208 [info] Getting sessions for all scopes...
2025-08-11 17:44:18.208 [info] Got 1 sessions for ...
2025-08-11 17:44:18.208 [info] Getting sessions for all scopes...
2025-08-11 17:44:18.208 [info] Got 1 sessions for ...
2025-08-11 17:44:18.208 [info] Getting sessions for all scopes...
2025-08-11 17:44:18.208 [info] Got 1 sessions for ...
2025-08-11 17:44:18.208 [info] Getting sessions for all scopes...
2025-08-11 17:44:18.208 [info] Got 1 sessions for ...
2025-08-11 17:44:18.208 [info] Getting sessions for all scopes...
2025-08-11 17:44:18.208 [info] Got 1 sessions for ...
2025-08-11 17:44:18.208 [info] Getting sessions for all scopes...
2025-08-11 17:44:18.208 [info] Got 1 sessions for ...
2025-08-11 17:44:18.208 [info] Getting sessions for all scopes...
2025-08-11 17:44:18.208 [info] Got 1 sessions for ...
2025-08-11 17:44:18.208 [info] Getting sessions for all scopes...
2025-08-11 17:44:18.208 [info] Got 1 sessions for ...
2025-08-11 17:44:18.208 [info] Getting sessions for all scopes...
2025-08-11 17:44:18.208 [info] Got 1 sessions for ...
2025-08-11 17:44:18.208 [info] Getting sessions for all scopes...
2025-08-11 17:44:18.208 [info] Got 1 sessions for ...
2025-08-11 17:44:18.208 [info] Getting sessions for all scopes...
2025-08-11 17:44:18.208 [info] Got 1 sessions for ...
2025-08-11 17:44:18.208 [info] Getting sessions for all scopes...
2025-08-11 17:44:18.208 [info] Got 1 sessions for ...
2025-08-11 17:44:18.208 [info] Getting sessions for all scopes...
2025-08-11 17:44:18.208 [info] Got 1 sessions for ...
2025-08-11 17:44:18.208 [info] Getting sessions for all scopes...
2025-08-11 17:44:18.208 [info] Got 1 sessions for ...
2025-08-11 17:44:18.208 [info] Getting sessions for all scopes...
2025-08-11 17:44:18.208 [info] Got 1 sessions for ...
2025-08-11 17:44:18.208 [info] Getting sessions for all scopes...
2025-08-11 17:44:18.208 [info] Got 1 sessions for ...
2025-08-11 17:44:24.111 [info] Getting sessions for all scopes...
2025-08-11 17:44:24.111 [info] Got 1 sessions for ...
2025-08-11 17:44:24.111 [info] Getting sessions for all scopes...
2025-08-11 17:44:24.111 [info] Got 1 sessions for ...
2025-08-11 17:44:24.517 [info] Getting sessions for read:user,repo,user:email,workflow...
2025-08-11 17:44:24.517 [info] Got 0 sessions for read:user,repo,user:email,workflow...
2025-08-11 17:44:25.828 [info] Getting sessions for all scopes...
2025-08-11 17:44:25.829 [info] Got 1 sessions for ...
2025-08-11 17:44:25.834 [info] Getting sessions for user:email...
2025-08-11 17:44:25.834 [info] Got 1 sessions for user:email...
2025-08-11 17:44:25.834 [info] Getting sessions for read:user,repo,user:email,workflow...
2025-08-11 17:44:25.834 [info] Got 0 sessions for read:user,repo,user:email,workflow...
2025-08-11 17:44:25.895 [info] Getting sessions for all scopes...
2025-08-11 17:44:25.895 [info] Got 1 sessions for ...
2025-08-11 17:44:25.897 [info] Getting sessions for read:user,repo,user:email,workflow...
2025-08-11 17:44:25.897 [info] Got 0 sessions for read:user,repo,user:email,workflow...
2025-08-11 17:44:25.901 [info] Getting sessions for read:user...
2025-08-11 17:44:25.901 [info] Got 0 sessions for read:user...
2025-08-11 17:44:26.028 [info] Getting sessions for user:email...
2025-08-11 17:44:26.028 [info] Got 1 sessions for user:email...
2025-08-11 17:44:26.255 [info] Getting sessions for all scopes...
2025-08-11 17:44:26.255 [info] Got 1 sessions for ...
2025-08-11 17:44:26.275 [info] Getting sessions for read:user,repo,user:email,workflow...
2025-08-11 17:44:26.275 [info] Got 0 sessions for read:user,repo,user:email,workflow...
2025-08-11 17:44:26.279 [info] Getting sessions for user:email...
2025-08-11 17:44:26.279 [info] Got 1 sessions for user:email...
2025-08-11 17:44:26.285 [info] Getting sessions for all scopes...
2025-08-11 17:44:26.285 [info] Got 1 sessions for ...
2025-08-11 17:44:26.288 [info] Getting sessions for all scopes...
2025-08-11 17:44:26.288 [info] Got 1 sessions for ...
2025-08-11 17:44:26.291 [info] Getting sessions for read:user,repo,user:email,workflow...
2025-08-11 17:44:26.291 [info] Got 0 sessions for read:user,repo,user:email,workflow...
2025-08-11 17:44:26.296 [info] Getting sessions for user:email...
2025-08-11 17:44:26.296 [info] Got 1 sessions for user:email...
2025-08-11 17:44:26.296 [info] Getting sessions for all scopes...
2025-08-11 17:44:26.296 [info] Got 1 sessions for ...
2025-08-11 17:44:26.300 [info] Getting sessions for read:user,repo,user:email,workflow...
2025-08-11 17:44:26.300 [info] Got 0 sessions for read:user,repo,user:email,workflow...
2025-08-11 17:44:26.301 [info] Getting sessions for user:email...
2025-08-11 17:44:26.301 [info] Got 1 sessions for user:email...
2025-08-11 17:44:27.497 [info] Getting sessions for all scopes...
2025-08-11 17:44:27.497 [info] Got 1 sessions for ...
2025-08-11 17:44:27.499 [info] Getting sessions for read:user,repo,user:email,workflow...
2025-08-11 17:44:27.499 [info] Got 0 sessions for read:user,repo,user:email,workflow...
2025-08-11 17:44:27.500 [info] Getting sessions for user:email...
2025-08-11 17:44:27.500 [info] Got 1 sessions for user:email...
2025-08-11 17:44:28.220 [info] Getting sessions for all scopes...
2025-08-11 17:44:28.220 [info] Got 1 sessions for ...
2025-08-11 17:44:28.221 [info] Getting sessions for all scopes...
2025-08-11 17:44:28.221 [info] Got 1 sessions for ...
2025-08-11 17:44:28.235 [info] Getting sessions for read:user,repo,user:email,workflow...
2025-08-11 17:44:28.235 [info] Got 0 sessions for read:user,repo,user:email,workflow...
2025-08-11 17:44:28.237 [info] Getting sessions for user:email...
2025-08-11 17:44:28.237 [info] Got 1 sessions for user:email...
2025-08-11 17:44:28.237 [info] Getting sessions for read:user,repo,user:email,workflow...
2025-08-11 17:44:28.237 [info] Got 0 sessions for read:user,repo,user:email,workflow...
2025-08-11 17:44:28.239 [info] Getting sessions for all scopes...
2025-08-11 17:44:28.239 [info] Got 1 sessions for ...
2025-08-11 17:44:28.243 [info] Getting sessions for read:user,repo,user:email,workflow...
2025-08-11 17:44:28.243 [info] Got 0 sessions for read:user,repo,user:email,workflow...
2025-08-11 17:44:28.245 [info] Getting sessions for user:email...
2025-08-11 17:44:28.245 [info] Got 1 sessions for user:email...
2025-08-11 17:44:28.379 [info] Getting sessions for all scopes...
2025-08-11 17:44:28.379 [info] Got 1 sessions for ...
2025-08-11 17:44:28.379 [info] Getting sessions for all scopes...
2025-08-11 17:44:28.379 [info] Got 1 sessions for ...
2025-08-11 17:44:28.382 [info] Getting sessions for read:user,repo,user:email,workflow...
2025-08-11 17:44:28.382 [info] Got 0 sessions for read:user,repo,user:email,workflow...
2025-08-11 17:44:28.383 [info] Getting sessions for user:email...
2025-08-11 17:44:28.383 [info] Got 1 sessions for user:email...
2025-08-11 17:44:28.383 [info] Getting sessions for read:user,repo,user:email,workflow...
2025-08-11 17:44:28.384 [info] Got 0 sessions for read:user,repo,user:email,workflow...
2025-08-11 17:44:28.451 [info] Getting sessions for all scopes...
2025-08-11 17:44:28.451 [info] Got 1 sessions for ...
2025-08-11 17:44:28.452 [info] Getting sessions for all scopes...
2025-08-11 17:44:28.452 [info] Got 1 sessions for ...
2025-08-11 17:44:28.454 [info] Getting sessions for all scopes...
2025-08-11 17:44:28.455 [info] Got 1 sessions for ...
2025-08-11 17:44:28.461 [info] Getting sessions for read:user,repo,user:email,workflow...
2025-08-11 17:44:28.461 [info] Got 0 sessions for read:user,repo,user:email,workflow...
2025-08-11 17:44:28.464 [info] Getting sessions for user:email...
2025-08-11 17:44:28.464 [info] Got 1 sessions for user:email...
2025-08-11 17:44:29.521 [info] Getting sessions for all scopes...
2025-08-11 17:44:29.521 [info] Got 1 sessions for ...
2025-08-11 17:44:29.523 [info] Getting sessions for read:user,repo,user:email,workflow...
2025-08-11 17:44:29.523 [info] Got 0 sessions for read:user,repo,user:email,workflow...
2025-08-11 17:44:29.525 [info] Getting sessions for user:email...
2025-08-11 17:44:29.525 [info] Got 1 sessions for user:email...
2025-08-11 17:44:30.702 [info] Getting sessions for all scopes...
2025-08-11 17:44:30.703 [info] Got 1 sessions for ...
2025-08-11 17:55:08.535 [info] Getting sessions for all scopes...
2025-08-11 17:55:08.548 [info] Got 1 sessions for ...
2025-08-11 17:55:08.549 [info] Getting sessions for read:user,repo,user:email,workflow...
2025-08-11 17:55:08.549 [info] Got 0 sessions for read:user,repo,user:email,workflow...
2025-08-11 17:55:08.551 [info] Getting sessions for user:email...
2025-08-11 17:55:08.551 [info] Got 1 sessions for user:email...
2025-08-11 17:55:08.552 [info] Getting sessions for all scopes...
2025-08-11 17:55:08.552 [info] Got 1 sessions for ...
2025-08-11 17:55:08.553 [info] Getting sessions for read:user,repo,user:email,workflow...
2025-08-11 17:55:08.553 [info] Got 0 sessions for read:user,repo,user:email,workflow...
2025-08-11 17:55:08.554 [info] Getting sessions for user:email...
2025-08-11 17:55:08.554 [info] Got 1 sessions for user:email...
2025-08-11 17:55:08.829 [info] Getting sessions for all scopes...
2025-08-11 17:55:08.829 [info] Got 1 sessions for ...
2025-08-11 17:55:08.831 [info] Getting sessions for read:user,repo,user:email,workflow...
2025-08-11 17:55:08.831 [info] Got 0 sessions for read:user,repo,user:email,workflow...
2025-08-11 17:55:08.832 [info] Getting sessions for user:email...
2025-08-11 17:55:08.832 [info] Got 1 sessions for user:email...
2025-08-11 17:55:09.697 [info] Getting sessions for all scopes...
2025-08-11 17:55:09.697 [info] Got 1 sessions for ...
2025-08-11 17:55:09.699 [info] Getting sessions for read:user,repo,user:email,workflow...
2025-08-11 17:55:09.699 [info] Got 0 sessions for read:user,repo,user:email,workflow...
2025-08-11 17:55:09.700 [info] Getting sessions for user:email...
2025-08-11 17:55:09.700 [info] Got 1 sessions for user:email...
2025-08-11 17:55:14.703 [info] Getting sessions for all scopes...
2025-08-11 17:55:14.703 [info] Got 1 sessions for ...
2025-08-11 17:55:14.705 [info] Getting sessions for read:user,repo,user:email,workflow...
2025-08-11 17:55:14.706 [info] Got 0 sessions for read:user,repo,user:email,workflow...
2025-08-11 17:55:14.710 [info] Getting sessions for user:email...
2025-08-11 17:55:14.711 [info] Got 1 sessions for user:email...
2025-08-11 17:55:20.917 [info] Getting sessions for all scopes...
2025-08-11 17:55:20.917 [info] Got 1 sessions for ...
2025-08-11 17:55:20.919 [info] Getting sessions for read:user,repo,user:email,workflow...
2025-08-11 17:55:20.919 [info] Got 0 sessions for read:user,repo,user:email,workflow...
2025-08-11 17:55:20.920 [info] Getting sessions for user:email...
2025-08-11 17:55:20.920 [info] Got 1 sessions for user:email...
2025-08-11 17:55:28.762 [info] Getting sessions for all scopes...
2025-08-11 17:55:28.762 [info] Got 1 sessions for ...
2025-08-11 17:55:28.773 [info] Getting sessions for read:user,repo,user:email,workflow...
2025-08-11 17:55:28.773 [info] Got 0 sessions for read:user,repo,user:email,workflow...
2025-08-11 17:55:28.783 [info] Getting sessions for user:email...
2025-08-11 17:55:28.783 [info] Got 1 sessions for user:email...
2025-08-11 17:57:11.677 [info] Getting sessions for all scopes...
2025-08-11 17:57:11.677 [info] Got 1 sessions for ...
2025-08-11 17:57:11.801 [info] Getting sessions for read:user,repo,user:email,workflow...
2025-08-11 17:57:11.801 [info] Got 0 sessions for read:user,repo,user:email,workflow...
2025-08-11 17:57:11.926 [info] Getting sessions for user:email...
2025-08-11 17:57:11.926 [info] Got 1 sessions for user:email...
2025-08-11 17:57:11.984 [info] Getting sessions for all scopes...
2025-08-11 17:57:11.985 [info] Got 1 sessions for ...
2025-08-11 17:57:12.066 [info] Getting sessions for read:user,repo,user:email,workflow...
2025-08-11 17:57:12.067 [info] Got 0 sessions for read:user,repo,user:email,workflow...
2025-08-11 17:57:12.093 [info] Getting sessions for user:email...
2025-08-11 17:57:12.093 [info] Got 1 sessions for user:email...
2025-08-11 17:57:15.694 [info] Getting sessions for all scopes...
2025-08-11 17:57:15.694 [info] Got 1 sessions for ...
2025-08-11 17:57:15.698 [info] Getting sessions for read:user,repo,user:email,workflow...
2025-08-11 17:57:15.698 [info] Got 0 sessions for read:user,repo,user:email,workflow...
2025-08-11 17:57:15.702 [info] Getting sessions for user:email...
2025-08-11 17:57:15.702 [info] Got 1 sessions for user:email...
2025-08-11 17:57:15.707 [info] Getting sessions for all scopes...
2025-08-11 17:57:15.707 [info] Got 1 sessions for ...
2025-08-11 17:57:15.711 [info] Getting sessions for read:user,repo,user:email,workflow...
2025-08-11 17:57:15.711 [info] Got 0 sessions for read:user,repo,user:email,workflow...
2025-08-11 17:57:15.713 [info] Getting sessions for user:email...
2025-08-11 17:57:15.713 [info] Got 1 sessions for user:email...
2025-08-11 17:57:24.594 [info] Getting sessions for all scopes...
2025-08-11 17:57:24.594 [info] Got 1 sessions for ...
2025-08-11 17:57:24.595 [info] Getting sessions for read:user,repo,user:email,workflow...
2025-08-11 17:57:24.595 [info] Got 0 sessions for read:user,repo,user:email,workflow...
2025-08-11 17:57:24.596 [info] Getting sessions for user:email...
2025-08-11 17:57:24.596 [info] Got 1 sessions for user:email...
2025-08-11 17:57:24.597 [info] Getting sessions for all scopes...
2025-08-11 17:57:24.597 [info] Got 1 sessions for ...
2025-08-11 17:57:24.598 [info] Getting sessions for read:user,repo,user:email,workflow...
2025-08-11 17:57:24.598 [info] Got 0 sessions for read:user,repo,user:email,workflow...
2025-08-11 17:57:24.599 [info] Getting sessions for user:email...
2025-08-11 17:57:24.599 [info] Got 1 sessions for user:email...
2025-08-11 17:57:25.433 [info] Getting sessions for all scopes...
2025-08-11 17:57:25.434 [info] Got 1 sessions for ...
2025-08-11 17:57:25.452 [info] Getting sessions for read:user,repo,user:email,workflow...
2025-08-11 17:57:25.452 [info] Got 0 sessions for read:user,repo,user:email,workflow...
2025-08-11 17:57:25.466 [info] Getting sessions for user:email...
2025-08-11 17:57:25.466 [info] Got 1 sessions for user:email...
2025-08-11 17:57:25.481 [info] Getting sessions for all scopes...
2025-08-11 17:57:25.481 [info] Got 1 sessions for ...
2025-08-11 17:57:25.485 [info] Getting sessions for read:user,repo,user:email,workflow...
2025-08-11 17:57:25.485 [info] Got 0 sessions for read:user,repo,user:email,workflow...
2025-08-11 17:57:25.497 [info] Getting sessions for user:email...
2025-08-11 17:57:25.497 [info] Got 1 sessions for user:email...
2025-08-11 17:57:25.721 [info] Getting sessions for all scopes...
2025-08-11 17:57:25.721 [info] Got 1 sessions for ...
2025-08-11 17:57:25.729 [info] Getting sessions for read:user,repo,user:email,workflow...
2025-08-11 17:57:25.729 [info] Got 0 sessions for read:user,repo,user:email,workflow...
2025-08-11 17:57:25.779 [info] Getting sessions for user:email...
2025-08-11 17:57:25.779 [info] Got 1 sessions for user:email...
2025-08-11 17:57:25.792 [info] Getting sessions for all scopes...
2025-08-11 17:57:25.792 [info] Got 1 sessions for ...
2025-08-11 17:57:25.798 [info] Getting sessions for read:user,repo,user:email,workflow...
2025-08-11 17:57:25.798 [info] Got 0 sessions for read:user,repo,user:email,workflow...
2025-08-11 17:57:25.811 [info] Getting sessions for user:email...
2025-08-11 17:57:25.811 [info] Got 1 sessions for user:email...
2025-08-11 17:57:26.377 [info] Getting sessions for all scopes...
2025-08-11 17:57:26.377 [info] Got 1 sessions for ...
2025-08-11 17:57:26.378 [info] Getting sessions for read:user,repo,user:email,workflow...
2025-08-11 17:57:26.378 [info] Got 0 sessions for read:user,repo,user:email,workflow...
2025-08-11 17:57:26.379 [info] Getting sessions for user:email...
2025-08-11 17:57:26.379 [info] Got 1 sessions for user:email...
2025-08-11 17:57:26.380 [info] Getting sessions for all scopes...
2025-08-11 17:57:26.380 [info] Got 1 sessions for ...
2025-08-11 17:57:26.382 [info] Getting sessions for read:user,repo,user:email,workflow...
2025-08-11 17:57:26.382 [info] Got 0 sessions for read:user,repo,user:email,workflow...
2025-08-11 17:57:26.383 [info] Getting sessions for user:email...
2025-08-11 17:57:26.383 [info] Got 1 sessions for user:email...
2025-08-11 17:57:31.654 [info] Getting sessions for all scopes...
2025-08-11 17:57:31.654 [info] Got 1 sessions for ...
2025-08-11 17:57:31.695 [info] Getting sessions for read:user,repo,user:email,workflow...
2025-08-11 17:57:31.695 [info] Got 0 sessions for read:user,repo,user:email,workflow...
2025-08-11 17:57:31.704 [info] Getting sessions for user:email...
2025-08-11 17:57:31.704 [info] Got 1 sessions for user:email...
2025-08-11 17:57:31.729 [info] Getting sessions for all scopes...
2025-08-11 17:57:31.729 [info] Got 1 sessions for ...
2025-08-11 17:57:31.732 [info] Getting sessions for read:user,repo,user:email,workflow...
2025-08-11 17:57:31.732 [info] Got 0 sessions for read:user,repo,user:email,workflow...
2025-08-11 17:57:31.742 [info] Getting sessions for user:email...
2025-08-11 17:57:31.742 [info] Got 1 sessions for user:email...
2025-08-11 17:57:40.833 [info] Getting sessions for all scopes...
2025-08-11 17:57:40.835 [info] Got 1 sessions for ...
2025-08-11 17:57:40.991 [info] Getting sessions for read:user,repo,user:email,workflow...
2025-08-11 17:57:40.991 [info] Got 0 sessions for read:user,repo,user:email,workflow...
2025-08-11 17:57:41.103 [info] Getting sessions for user:email...
2025-08-11 17:57:41.103 [info] Got 1 sessions for user:email...
2025-08-11 17:57:41.147 [info] Getting sessions for all scopes...
2025-08-11 17:57:41.147 [info] Got 1 sessions for ...
2025-08-11 17:57:41.181 [info] Getting sessions for read:user,repo,user:email,workflow...
2025-08-11 17:57:41.181 [info] Got 0 sessions for read:user,repo,user:email,workflow...
2025-08-11 17:57:41.280 [info] Getting sessions for user:email...
2025-08-11 17:57:41.280 [info] Got 1 sessions for user:email...
2025-08-11 17:57:53.347 [info] Getting sessions for all scopes...
2025-08-11 17:57:53.347 [info] Got 1 sessions for ...
2025-08-11 17:57:53.349 [info] Getting sessions for read:user,repo,user:email,workflow...
2025-08-11 17:57:53.349 [info] Got 0 sessions for read:user,repo,user:email,workflow...
2025-08-11 17:57:53.350 [info] Getting sessions for user:email...
2025-08-11 17:57:53.350 [info] Got 1 sessions for user:email...
2025-08-11 17:57:53.352 [info] Getting sessions for all scopes...
2025-08-11 17:57:53.352 [info] Got 1 sessions for ...
2025-08-11 17:57:53.353 [info] Getting sessions for read:user,repo,user:email,workflow...
2025-08-11 17:57:53.353 [info] Got 0 sessions for read:user,repo,user:email,workflow...
2025-08-11 17:57:53.354 [info] Getting sessions for user:email...
2025-08-11 17:57:53.354 [info] Got 1 sessions for user:email...
2025-08-11 17:59:35.834 [info] Getting sessions for all scopes...
2025-08-11 17:59:35.853 [info] Got 1 sessions for ...
2025-08-11 17:59:35.858 [info] Getting sessions for read:user,repo,user:email,workflow...
2025-08-11 17:59:35.858 [info] Got 0 sessions for read:user,repo,user:email,workflow...
2025-08-11 17:59:35.862 [info] Getting sessions for user:email...
2025-08-11 17:59:35.862 [info] Got 1 sessions for user:email...
2025-08-11 17:59:35.867 [info] Getting sessions for all scopes...
2025-08-11 17:59:35.867 [info] Got 1 sessions for ...
2025-08-11 17:59:35.871 [info] Getting sessions for read:user,repo,user:email,workflow...
2025-08-11 17:59:35.871 [info] Got 0 sessions for read:user,repo,user:email,workflow...
2025-08-11 17:59:35.873 [info] Getting sessions for user:email...
2025-08-11 17:59:35.873 [info] Got 1 sessions for user:email...
2025-08-11 17:59:36.836 [info] Getting sessions for all scopes...
2025-08-11 17:59:36.836 [info] Got 1 sessions for ...
2025-08-11 17:59:36.837 [info] Getting sessions for read:user,repo,user:email,workflow...
2025-08-11 17:59:36.837 [info] Got 0 sessions for read:user,repo,user:email,workflow...
2025-08-11 17:59:36.848 [info] Getting sessions for user:email...
2025-08-11 17:59:36.848 [info] Got 1 sessions for user:email...
2025-08-11 17:59:36.853 [info] Getting sessions for all scopes...
2025-08-11 17:59:36.853 [info] Got 1 sessions for ...
2025-08-11 17:59:36.858 [info] Getting sessions for read:user,repo,user:email,workflow...
2025-08-11 17:59:36.858 [info] Got 0 sessions for read:user,repo,user:email,workflow...
2025-08-11 17:59:36.862 [info] Getting sessions for user:email...
2025-08-11 17:59:36.862 [info] Got 1 sessions for user:email...
2025-08-11 17:59:46.133 [info] Getting sessions for all scopes...
2025-08-11 17:59:46.133 [info] Got 1 sessions for ...
2025-08-11 17:59:46.138 [info] Getting sessions for read:user,repo,user:email,workflow...
2025-08-11 17:59:46.138 [info] Got 0 sessions for read:user,repo,user:email,workflow...
2025-08-11 17:59:46.145 [info] Getting sessions for user:email...
2025-08-11 17:59:46.145 [info] Got 1 sessions for user:email...
2025-08-11 17:59:46.147 [info] Getting sessions for all scopes...
2025-08-11 17:59:46.147 [info] Got 1 sessions for ...
2025-08-11 17:59:46.148 [info] Getting sessions for read:user,repo,user:email,workflow...
2025-08-11 17:59:46.148 [info] Got 0 sessions for read:user,repo,user:email,workflow...
2025-08-11 17:59:46.149 [info] Getting sessions for user:email...
2025-08-11 17:59:46.149 [info] Got 1 sessions for user:email...
2025-08-11 17:59:46.399 [info] Getting sessions for all scopes...
2025-08-11 17:59:46.399 [info] Got 1 sessions for ...
2025-08-11 17:59:46.400 [info] Getting sessions for read:user,repo,user:email,workflow...
2025-08-11 17:59:46.400 [info] Got 0 sessions for read:user,repo,user:email,workflow...
2025-08-11 17:59:46.400 [info] Getting sessions for user:email...
2025-08-11 17:59:46.400 [info] Got 1 sessions for user:email...
2025-08-11 17:59:46.402 [info] Getting sessions for all scopes...
2025-08-11 17:59:46.402 [info] Got 1 sessions for ...
2025-08-11 17:59:46.402 [info] Getting sessions for read:user,repo,user:email,workflow...
2025-08-11 17:59:46.402 [info] Got 0 sessions for read:user,repo,user:email,workflow...
2025-08-11 17:59:46.403 [info] Getting sessions for user:email...
2025-08-11 17:59:46.403 [info] Got 1 sessions for user:email...
2025-08-11 18:05:32.351 [info] Getting sessions for all scopes...
2025-08-11 18:05:32.369 [info] Got 1 sessions for ...
2025-08-11 18:05:32.373 [info] Getting sessions for read:user,repo,user:email,workflow...
2025-08-11 18:05:32.373 [info] Got 0 sessions for read:user,repo,user:email,workflow...
2025-08-11 18:05:32.377 [info] Getting sessions for user:email...
2025-08-11 18:05:32.377 [info] Got 1 sessions for user:email...
2025-08-11 18:05:32.380 [info] Getting sessions for all scopes...
2025-08-11 18:05:32.380 [info] Got 1 sessions for ...
2025-08-11 18:05:32.381 [info] Getting sessions for read:user,repo,user:email,workflow...
2025-08-11 18:05:32.381 [info] Got 0 sessions for read:user,repo,user:email,workflow...
2025-08-11 18:05:32.383 [info] Getting sessions for user:email...
2025-08-11 18:05:32.383 [info] Got 1 sessions for user:email...
2025-08-11 18:05:32.684 [info] Getting sessions for all scopes...
2025-08-11 18:05:32.684 [info] Got 1 sessions for ...
2025-08-11 18:05:32.685 [info] Getting sessions for read:user,repo,user:email,workflow...
2025-08-11 18:05:32.685 [info] Got 0 sessions for read:user,repo,user:email,workflow...
2025-08-11 18:05:32.686 [info] Getting sessions for user:email...
2025-08-11 18:05:32.686 [info] Got 1 sessions for user:email...
2025-08-11 18:05:32.968 [info] Getting sessions for all scopes...
2025-08-11 18:05:32.968 [info] Got 1 sessions for ...
2025-08-11 18:05:32.968 [info] Getting sessions for read:user,repo,user:email,workflow...
2025-08-11 18:05:32.968 [info] Got 0 sessions for read:user,repo,user:email,workflow...
2025-08-11 18:05:32.969 [info] Getting sessions for user:email...
2025-08-11 18:05:32.969 [info] Got 1 sessions for user:email...
2025-08-11 18:05:34.004 [info] Getting sessions for all scopes...
2025-08-11 18:05:34.004 [info] Got 1 sessions for ...
2025-08-11 18:05:34.004 [info] Getting sessions for all scopes...
2025-08-11 18:05:34.004 [info] Got 1 sessions for ...
2025-08-11 18:05:34.008 [info] Getting sessions for read:user,repo,user:email,workflow...
2025-08-11 18:05:34.008 [info] Got 0 sessions for read:user,repo,user:email,workflow...
2025-08-11 18:05:34.010 [info] Getting sessions for user:email...
2025-08-11 18:05:34.011 [info] Got 1 sessions for user:email...
2025-08-11 18:05:34.011 [info] Getting sessions for read:user,repo,user:email,workflow...
2025-08-11 18:05:34.011 [info] Got 0 sessions for read:user,repo,user:email,workflow...
2025-08-11 18:05:34.042 [info] Getting sessions for all scopes...
2025-08-11 18:05:34.042 [info] Got 1 sessions for ...
2025-08-11 18:05:34.049 [info] Getting sessions for read:user,repo,user:email,workflow...
2025-08-11 18:05:34.049 [info] Got 0 sessions for read:user,repo,user:email,workflow...
2025-08-11 18:05:34.051 [info] Getting sessions for user:email...
2025-08-11 18:05:34.051 [info] Got 1 sessions for user:email...
2025-08-11 18:05:34.057 [info] Getting sessions for all scopes...
2025-08-11 18:05:34.057 [info] Got 1 sessions for ...
2025-08-11 18:05:34.058 [info] Getting sessions for all scopes...
2025-08-11 18:05:34.058 [info] Got 1 sessions for ...
2025-08-11 18:05:34.061 [info] Getting sessions for read:user,repo,user:email,workflow...
2025-08-11 18:05:34.061 [info] Got 0 sessions for read:user,repo,user:email,workflow...
2025-08-11 18:05:34.073 [info] Getting sessions for user:email...
2025-08-11 18:05:34.073 [info] Got 1 sessions for user:email...
2025-08-11 18:05:34.073 [info] Getting sessions for read:user,repo,user:email,workflow...
2025-08-11 18:05:34.074 [info] Got 0 sessions for read:user,repo,user:email,workflow...
2025-08-11 18:05:34.109 [info] Getting sessions for all scopes...
2025-08-11 18:05:34.109 [info] Got 1 sessions for ...
2025-08-11 18:05:34.122 [info] Getting sessions for read:user,repo,user:email,workflow...
2025-08-11 18:05:34.123 [info] Got 0 sessions for read:user,repo,user:email,workflow...
2025-08-11 18:05:34.124 [info] Getting sessions for user:email...
2025-08-11 18:05:34.124 [info] Got 1 sessions for user:email...
2025-08-11 18:05:35.242 [info] Getting sessions for all scopes...
2025-08-11 18:05:35.242 [info] Got 1 sessions for ...
2025-08-11 18:05:35.255 [info] Getting sessions for read:user,repo,user:email,workflow...
2025-08-11 18:05:35.255 [info] Got 0 sessions for read:user,repo,user:email,workflow...
2025-08-11 18:05:35.256 [info] Getting sessions for user:email...
2025-08-11 18:05:35.256 [info] Got 1 sessions for user:email...
2025-08-11 18:07:22.879 [info] Getting sessions for all scopes...
2025-08-11 18:07:22.892 [info] Got 1 sessions for ...
2025-08-11 18:07:22.907 [info] Getting sessions for read:user,repo,user:email,workflow...
2025-08-11 18:07:22.907 [info] Got 0 sessions for read:user,repo,user:email,workflow...
2025-08-11 18:07:22.916 [info] Getting sessions for user:email...
2025-08-11 18:07:22.917 [info] Got 1 sessions for user:email...
2025-08-11 18:07:22.927 [info] Getting sessions for all scopes...
2025-08-11 18:07:22.927 [info] Got 1 sessions for ...
2025-08-11 18:07:22.936 [info] Getting sessions for read:user,repo,user:email,workflow...
2025-08-11 18:07:22.936 [info] Got 0 sessions for read:user,repo,user:email,workflow...
2025-08-11 18:07:22.943 [info] Getting sessions for user:email...
2025-08-11 18:07:22.943 [info] Got 1 sessions for user:email...
2025-08-11 18:10:38.016 [info] Getting sessions for read:user,repo,user:email,workflow...
2025-08-11 18:10:38.040 [info] Got 0 sessions for read:user,repo,user:email,workflow...
2025-08-11 18:10:38.044 [info] Getting sessions for read:user...
2025-08-11 18:10:38.044 [info] Got 0 sessions for read:user...
2025-08-11 18:10:38.049 [info] Getting sessions for user:email...
2025-08-11 18:10:38.050 [info] Got 1 sessions for user:email...
2025-08-11 18:18:37.285 [info] Getting sessions for all scopes...
2025-08-11 18:18:37.308 [info] Got 1 sessions for ...
2025-08-11 18:18:37.350 [info] Getting sessions for read:user,repo,user:email,workflow...
2025-08-11 18:18:37.350 [info] Got 0 sessions for read:user,repo,user:email,workflow...
2025-08-11 18:18:37.351 [info] Getting sessions for user:email...
2025-08-11 18:18:37.351 [info] Got 1 sessions for user:email...
2025-08-11 18:18:37.353 [info] Getting sessions for all scopes...
2025-08-11 18:18:37.353 [info] Got 1 sessions for ...
2025-08-11 18:18:37.357 [info] Getting sessions for read:user,repo,user:email,workflow...
2025-08-11 18:18:37.358 [info] Got 0 sessions for read:user,repo,user:email,workflow...
2025-08-11 18:18:37.362 [info] Getting sessions for user:email...
2025-08-11 18:18:37.362 [info] Got 1 sessions for user:email...
2025-08-11 18:18:38.620 [info] Getting sessions for all scopes...
2025-08-11 18:18:38.620 [info] Got 1 sessions for ...
2025-08-11 18:18:38.625 [info] Getting sessions for read:user,repo,user:email,workflow...
2025-08-11 18:18:38.625 [info] Got 0 sessions for read:user,repo,user:email,workflow...
2025-08-11 18:18:38.626 [info] Getting sessions for user:email...
2025-08-11 18:18:38.626 [info] Got 1 sessions for user:email...
2025-08-11 18:19:25.378 [info] Getting sessions for all scopes...
2025-08-11 18:19:25.378 [info] Got 1 sessions for ...
2025-08-11 18:19:25.379 [info] Getting sessions for read:user,repo,user:email,workflow...
2025-08-11 18:19:25.379 [info] Got 0 sessions for read:user,repo,user:email,workflow...
2025-08-11 18:19:25.381 [info] Getting sessions for user:email...
2025-08-11 18:19:25.381 [info] Got 1 sessions for user:email...
2025-08-11 18:19:25.382 [info] Getting sessions for all scopes...
2025-08-11 18:19:25.382 [info] Got 1 sessions for ...
2025-08-11 18:19:25.383 [info] Getting sessions for read:user,repo,user:email,workflow...
2025-08-11 18:19:25.383 [info] Got 0 sessions for read:user,repo,user:email,workflow...
2025-08-11 18:19:25.384 [info] Getting sessions for user:email...
2025-08-11 18:19:25.384 [info] Got 1 sessions for user:email...
2025-08-11 18:19:49.025 [info] Getting sessions for all scopes...
2025-08-11 18:19:49.026 [info] Got 1 sessions for ...
2025-08-11 18:19:49.027 [info] Getting sessions for read:user,repo,user:email,workflow...
2025-08-11 18:19:49.027 [info] Got 0 sessions for read:user,repo,user:email,workflow...
2025-08-11 18:19:49.028 [info] Getting sessions for user:email...
2025-08-11 18:19:49.028 [info] Got 1 sessions for user:email...
2025-08-11 18:19:49.029 [info] Getting sessions for all scopes...
2025-08-11 18:19:49.029 [info] Got 1 sessions for ...
2025-08-11 18:19:49.030 [info] Getting sessions for read:user,repo,user:email,workflow...
2025-08-11 18:19:49.030 [info] Got 0 sessions for read:user,repo,user:email,workflow...
2025-08-11 18:19:49.030 [info] Getting sessions for user:email...
2025-08-11 18:19:49.031 [info] Got 1 sessions for user:email...
2025-08-11 18:20:28.151 [info] Getting sessions for all scopes...
2025-08-11 18:20:28.151 [info] Got 1 sessions for ...
2025-08-11 18:20:28.153 [info] Getting sessions for read:user,repo,user:email,workflow...
2025-08-11 18:20:28.153 [info] Got 0 sessions for read:user,repo,user:email,workflow...
2025-08-11 18:20:28.154 [info] Getting sessions for user:email...
2025-08-11 18:20:28.154 [info] Got 1 sessions for user:email...
2025-08-11 18:20:28.155 [info] Getting sessions for all scopes...
2025-08-11 18:20:28.155 [info] Got 1 sessions for ...
2025-08-11 18:20:28.159 [info] Getting sessions for read:user,repo,user:email,workflow...
2025-08-11 18:20:28.159 [info] Got 0 sessions for read:user,repo,user:email,workflow...
2025-08-11 18:20:28.161 [info] Getting sessions for user:email...
2025-08-11 18:20:28.161 [info] Got 1 sessions for user:email...
2025-08-11 18:20:31.788 [info] Getting sessions for all scopes...
2025-08-11 18:20:31.788 [info] Got 1 sessions for ...
2025-08-11 18:20:32.168 [info] Getting sessions for read:user,repo,user:email,workflow...
2025-08-11 18:20:32.168 [info] Got 0 sessions for read:user,repo,user:email,workflow...
2025-08-11 18:20:32.357 [info] Getting sessions for user:email...
2025-08-11 18:20:32.357 [info] Got 1 sessions for user:email...
2025-08-11 18:20:32.546 [info] Getting sessions for all scopes...
2025-08-11 18:20:32.546 [info] Got 1 sessions for ...
2025-08-11 18:20:32.552 [info] Getting sessions for read:user,repo,user:email,workflow...
2025-08-11 18:20:32.552 [info] Got 0 sessions for read:user,repo,user:email,workflow...
2025-08-11 18:20:32.557 [info] Getting sessions for user:email...
2025-08-11 18:20:32.557 [info] Got 1 sessions for user:email...
2025-08-11 18:22:13.021 [info] Getting sessions for all scopes...
2025-08-11 18:22:13.063 [info] Got 1 sessions for ...
2025-08-11 18:22:13.068 [info] Getting sessions for read:user,repo,user:email,workflow...
2025-08-11 18:22:13.068 [info] Got 0 sessions for read:user,repo,user:email,workflow...
2025-08-11 18:22:13.069 [info] Getting sessions for user:email...
2025-08-11 18:22:13.069 [info] Got 1 sessions for user:email...
2025-08-11 18:22:13.070 [info] Getting sessions for all scopes...
2025-08-11 18:22:13.070 [info] Got 1 sessions for ...
2025-08-11 18:22:13.071 [info] Getting sessions for read:user,repo,user:email,workflow...
2025-08-11 18:22:13.071 [info] Got 0 sessions for read:user,repo,user:email,workflow...
2025-08-11 18:22:13.072 [info] Getting sessions for user:email...
2025-08-11 18:22:13.072 [info] Got 1 sessions for user:email...
2025-08-11 18:31:31.848 [info] Getting sessions for all scopes...
2025-08-11 18:31:31.865 [info] Got 1 sessions for ...
2025-08-11 18:31:31.883 [info] Getting sessions for read:user,repo,user:email,workflow...
2025-08-11 18:31:31.883 [info] Got 0 sessions for read:user,repo,user:email,workflow...
2025-08-11 18:31:31.896 [info] Getting sessions for user:email...
2025-08-11 18:31:31.896 [info] Got 1 sessions for user:email...
2025-08-11 18:31:31.903 [info] Getting sessions for all scopes...
2025-08-11 18:31:31.903 [info] Got 1 sessions for ...
2025-08-11 18:31:31.909 [info] Getting sessions for read:user,repo,user:email,workflow...
2025-08-11 18:31:31.909 [info] Got 0 sessions for read:user,repo,user:email,workflow...
2025-08-11 18:31:31.914 [info] Getting sessions for user:email...
2025-08-11 18:31:31.914 [info] Got 1 sessions for user:email...
2025-08-11 18:31:33.589 [info] Getting sessions for all scopes...
2025-08-11 18:31:33.589 [info] Got 1 sessions for ...
2025-08-11 18:31:33.590 [info] Getting sessions for all scopes...
2025-08-11 18:31:33.590 [info] Got 1 sessions for ...
2025-08-11 18:31:33.614 [info] Getting sessions for read:user,repo,user:email,workflow...
2025-08-11 18:31:33.614 [info] Got 0 sessions for read:user,repo,user:email,workflow...
2025-08-11 18:31:33.615 [info] Getting sessions for user:email...
2025-08-11 18:31:33.615 [info] Got 1 sessions for user:email...
2025-08-11 18:31:33.616 [info] Getting sessions for read:user,repo,user:email,workflow...
2025-08-11 18:31:33.616 [info] Got 0 sessions for read:user,repo,user:email,workflow...
2025-08-11 18:31:33.624 [info] Getting sessions for all scopes...
2025-08-11 18:31:33.624 [info] Got 1 sessions for ...
2025-08-11 18:31:33.627 [info] Getting sessions for read:user,repo,user:email,workflow...
2025-08-11 18:31:33.627 [info] Got 0 sessions for read:user,repo,user:email,workflow...
2025-08-11 18:31:33.635 [info] Getting sessions for user:email...
2025-08-11 18:31:33.636 [info] Got 1 sessions for user:email...
2025-08-11 18:31:33.651 [info] Getting sessions for all scopes...
2025-08-11 18:31:33.651 [info] Got 1 sessions for ...
2025-08-11 18:31:33.655 [info] Getting sessions for all scopes...
2025-08-11 18:31:33.655 [info] Got 1 sessions for ...
2025-08-11 18:31:33.660 [info] Getting sessions for read:user,repo,user:email,workflow...
2025-08-11 18:31:33.660 [info] Got 0 sessions for read:user,repo,user:email,workflow...
2025-08-11 18:31:33.663 [info] Getting sessions for user:email...
2025-08-11 18:31:33.663 [info] Got 1 sessions for user:email...
2025-08-11 18:31:33.666 [info] Getting sessions for read:user,repo,user:email,workflow...
2025-08-11 18:31:33.666 [info] Got 0 sessions for read:user,repo,user:email,workflow...
2025-08-11 18:31:33.681 [info] Getting sessions for all scopes...
2025-08-11 18:31:33.681 [info] Got 1 sessions for ...
2025-08-11 18:31:33.682 [info] Getting sessions for read:user,repo,user:email,workflow...
2025-08-11 18:31:33.682 [info] Got 0 sessions for read:user,repo,user:email,workflow...
2025-08-11 18:31:33.686 [info] Getting sessions for user:email...
2025-08-11 18:31:33.686 [info] Got 1 sessions for user:email...
2025-08-11 18:31:34.801 [info] Getting sessions for all scopes...
2025-08-11 18:31:34.801 [info] Got 1 sessions for ...
2025-08-11 18:31:34.811 [info] Getting sessions for read:user,repo,user:email,workflow...
2025-08-11 18:31:34.811 [info] Got 0 sessions for read:user,repo,user:email,workflow...
2025-08-11 18:31:34.816 [info] Getting sessions for user:email...
2025-08-11 18:31:34.816 [info] Got 1 sessions for user:email...
2025-08-11 18:34:36.166 [info] Getting sessions for all scopes...
2025-08-11 18:34:36.185 [info] Got 1 sessions for ...
2025-08-11 18:34:36.194 [info] Getting sessions for read:user,repo,user:email,workflow...
2025-08-11 18:34:36.194 [info] Got 0 sessions for read:user,repo,user:email,workflow...
2025-08-11 18:34:36.197 [info] Getting sessions for user:email...
2025-08-11 18:34:36.197 [info] Got 1 sessions for user:email...
2025-08-11 18:34:36.203 [info] Getting sessions for all scopes...
2025-08-11 18:34:36.203 [info] Got 1 sessions for ...
2025-08-11 18:34:36.206 [info] Getting sessions for read:user,repo,user:email,workflow...
2025-08-11 18:34:36.206 [info] Got 0 sessions for read:user,repo,user:email,workflow...
2025-08-11 18:34:36.207 [info] Getting sessions for user:email...
2025-08-11 18:34:36.207 [info] Got 1 sessions for user:email...
2025-08-11 18:34:38.549 [info] Getting sessions for all scopes...
2025-08-11 18:34:38.549 [info] Got 1 sessions for ...
2025-08-11 18:34:38.553 [info] Getting sessions for read:user,repo,user:email,workflow...
2025-08-11 18:34:38.553 [info] Got 0 sessions for read:user,repo,user:email,workflow...
2025-08-11 18:34:38.556 [info] Getting sessions for user:email...
2025-08-11 18:34:38.556 [info] Got 1 sessions for user:email...
2025-08-11 18:34:38.561 [info] Getting sessions for all scopes...
2025-08-11 18:34:38.561 [info] Got 1 sessions for ...
2025-08-11 18:34:38.566 [info] Getting sessions for read:user,repo,user:email,workflow...
2025-08-11 18:34:38.566 [info] Got 0 sessions for read:user,repo,user:email,workflow...
2025-08-11 18:34:38.567 [info] Getting sessions for user:email...
2025-08-11 18:34:38.567 [info] Got 1 sessions for user:email...
2025-08-11 18:34:39.250 [info] Getting sessions for all scopes...
2025-08-11 18:34:39.250 [info] Got 1 sessions for ...
2025-08-11 18:34:39.252 [info] Getting sessions for read:user,repo,user:email,workflow...
2025-08-11 18:34:39.252 [info] Got 0 sessions for read:user,repo,user:email,workflow...
2025-08-11 18:34:39.262 [info] Getting sessions for user:email...
2025-08-11 18:34:39.263 [info] Got 1 sessions for user:email...
2025-08-11 18:34:39.267 [info] Getting sessions for all scopes...
2025-08-11 18:34:39.267 [info] Got 1 sessions for ...
2025-08-11 18:34:39.294 [info] Getting sessions for read:user,repo,user:email,workflow...
2025-08-11 18:34:39.294 [info] Got 0 sessions for read:user,repo,user:email,workflow...
2025-08-11 18:34:39.303 [info] Getting sessions for user:email...
2025-08-11 18:34:39.303 [info] Got 1 sessions for user:email...
2025-08-11 18:35:09.397 [info] Getting sessions for all scopes...
2025-08-11 18:35:09.397 [info] Got 1 sessions for ...
2025-08-11 18:35:09.549 [info] Getting sessions for read:user,repo,user:email,workflow...
2025-08-11 18:35:09.549 [info] Got 0 sessions for read:user,repo,user:email,workflow...
2025-08-11 18:35:09.581 [info] Getting sessions for user:email...
2025-08-11 18:35:09.581 [info] Got 1 sessions for user:email...
2025-08-11 18:35:09.601 [info] Getting sessions for all scopes...
2025-08-11 18:35:09.601 [info] Got 1 sessions for ...
2025-08-11 18:35:09.610 [info] Getting sessions for read:user,repo,user:email,workflow...
2025-08-11 18:35:09.610 [info] Got 0 sessions for read:user,repo,user:email,workflow...
2025-08-11 18:35:09.623 [info] Getting sessions for user:email...
2025-08-11 18:35:09.623 [info] Got 1 sessions for user:email...
2025-08-11 18:35:50.203 [info] Getting sessions for all scopes...
2025-08-11 18:35:50.203 [info] Got 1 sessions for ...
2025-08-11 18:35:50.214 [info] Getting sessions for read:user,repo,user:email,workflow...
2025-08-11 18:35:50.214 [info] Got 0 sessions for read:user,repo,user:email,workflow...
2025-08-11 18:35:50.218 [info] Getting sessions for user:email...
2025-08-11 18:35:50.218 [info] Got 1 sessions for user:email...
2025-08-11 18:35:50.224 [info] Getting sessions for all scopes...
2025-08-11 18:35:50.225 [info] Got 1 sessions for ...
2025-08-11 18:35:50.228 [info] Getting sessions for read:user,repo,user:email,workflow...
2025-08-11 18:35:50.228 [info] Got 0 sessions for read:user,repo,user:email,workflow...
2025-08-11 18:35:50.232 [info] Getting sessions for user:email...
2025-08-11 18:35:50.232 [info] Got 1 sessions for user:email...
2025-08-11 18:35:51.264 [info] Getting sessions for all scopes...
2025-08-11 18:35:51.264 [info] Got 1 sessions for ...
2025-08-11 18:35:51.266 [info] Getting sessions for read:user,repo,user:email,workflow...
2025-08-11 18:35:51.266 [info] Got 0 sessions for read:user,repo,user:email,workflow...
2025-08-11 18:35:51.267 [info] Getting sessions for user:email...
2025-08-11 18:35:51.267 [info] Got 1 sessions for user:email...
2025-08-11 18:35:51.269 [info] Getting sessions for all scopes...
2025-08-11 18:35:51.269 [info] Got 1 sessions for ...
2025-08-11 18:35:51.270 [info] Getting sessions for read:user,repo,user:email,workflow...
2025-08-11 18:35:51.270 [info] Got 0 sessions for read:user,repo,user:email,workflow...
2025-08-11 18:35:51.271 [info] Getting sessions for user:email...
2025-08-11 18:35:51.271 [info] Got 1 sessions for user:email...
2025-08-11 18:35:52.553 [info] Getting sessions for all scopes...
2025-08-11 18:35:52.553 [info] Got 1 sessions for ...
2025-08-11 18:35:52.561 [info] Getting sessions for read:user,repo,user:email,workflow...
2025-08-11 18:35:52.561 [info] Got 0 sessions for read:user,repo,user:email,workflow...
2025-08-11 18:35:52.565 [info] Getting sessions for user:email...
2025-08-11 18:35:52.565 [info] Got 1 sessions for user:email...
2025-08-11 18:35:52.568 [info] Getting sessions for all scopes...
2025-08-11 18:35:52.568 [info] Got 1 sessions for ...
2025-08-11 18:35:52.569 [info] Getting sessions for read:user,repo,user:email,workflow...
2025-08-11 18:35:52.569 [info] Got 0 sessions for read:user,repo,user:email,workflow...
2025-08-11 18:35:52.572 [info] Getting sessions for user:email...
2025-08-11 18:35:52.573 [info] Got 1 sessions for user:email...
2025-08-11 18:35:53.542 [info] Getting sessions for read:user,repo,user:email,workflow...
2025-08-11 18:35:53.543 [info] Got 0 sessions for read:user,repo,user:email,workflow...
2025-08-11 18:35:53.545 [info] Getting sessions for read:user...
2025-08-11 18:35:53.545 [info] Got 0 sessions for read:user...
2025-08-11 18:35:53.548 [info] Getting sessions for user:email...
2025-08-11 18:35:53.548 [info] Got 1 sessions for user:email...
2025-08-11 18:36:04.299 [info] Getting sessions for all scopes...
2025-08-11 18:36:04.299 [info] Got 1 sessions for ...
2025-08-11 18:36:04.303 [info] Getting sessions for read:user,repo,user:email,workflow...
2025-08-11 18:36:04.303 [info] Got 0 sessions for read:user,repo,user:email,workflow...
2025-08-11 18:36:04.318 [info] Getting sessions for user:email...
2025-08-11 18:36:04.318 [info] Got 1 sessions for user:email...
2025-08-11 18:36:04.336 [info] Getting sessions for all scopes...
2025-08-11 18:36:04.336 [info] Got 1 sessions for ...
2025-08-11 18:36:04.355 [info] Getting sessions for read:user,repo,user:email,workflow...
2025-08-11 18:36:04.355 [info] Got 0 sessions for read:user,repo,user:email,workflow...
2025-08-11 18:36:04.362 [info] Getting sessions for user:email...
2025-08-11 18:36:04.362 [info] Got 1 sessions for user:email...
2025-08-11 18:42:02.574 [info] Getting sessions for all scopes...
2025-08-11 18:42:02.591 [info] Got 1 sessions for ...
2025-08-11 18:42:02.592 [info] Getting sessions for read:user,repo,user:email,workflow...
2025-08-11 18:42:02.592 [info] Got 0 sessions for read:user,repo,user:email,workflow...
2025-08-11 18:42:02.593 [info] Getting sessions for user:email...
2025-08-11 18:42:02.593 [info] Got 1 sessions for user:email...
2025-08-11 18:42:02.595 [info] Getting sessions for all scopes...
2025-08-11 18:42:02.595 [info] Got 1 sessions for ...
2025-08-11 18:42:02.596 [info] Getting sessions for read:user,repo,user:email,workflow...
2025-08-11 18:42:02.596 [info] Got 0 sessions for read:user,repo,user:email,workflow...
2025-08-11 18:42:02.596 [info] Getting sessions for user:email...
2025-08-11 18:42:02.597 [info] Got 1 sessions for user:email...
2025-08-11 18:42:02.861 [info] Getting sessions for all scopes...
2025-08-11 18:42:02.861 [info] Got 1 sessions for ...
2025-08-11 18:42:02.865 [info] Getting sessions for read:user,repo,user:email,workflow...
2025-08-11 18:42:02.865 [info] Got 0 sessions for read:user,repo,user:email,workflow...
2025-08-11 18:42:02.869 [info] Getting sessions for user:email...
2025-08-11 18:42:02.869 [info] Got 1 sessions for user:email...
2025-08-11 18:42:04.030 [info] Getting sessions for all scopes...
2025-08-11 18:42:04.030 [info] Got 1 sessions for ...
2025-08-11 18:42:04.048 [info] Getting sessions for read:user,repo,user:email,workflow...
2025-08-11 18:42:04.048 [info] Got 0 sessions for read:user,repo,user:email,workflow...
2025-08-11 18:42:04.049 [info] Getting sessions for user:email...
2025-08-11 18:42:04.049 [info] Got 1 sessions for user:email...
2025-08-11 18:55:04.199 [info] Getting sessions for all scopes...
2025-08-11 18:55:04.260 [info] Got 1 sessions for ...
2025-08-11 18:55:04.264 [info] Getting sessions for read:user,repo,user:email,workflow...
2025-08-11 18:55:04.264 [info] Got 0 sessions for read:user,repo,user:email,workflow...
2025-08-11 18:55:04.267 [info] Getting sessions for user:email...
2025-08-11 18:55:04.267 [info] Got 1 sessions for user:email...
2025-08-11 18:55:04.272 [info] Getting sessions for all scopes...
2025-08-11 18:55:04.272 [info] Got 1 sessions for ...
2025-08-11 18:55:04.276 [info] Getting sessions for read:user,repo,user:email,workflow...
2025-08-11 18:55:04.276 [info] Got 0 sessions for read:user,repo,user:email,workflow...
2025-08-11 18:55:04.280 [info] Getting sessions for user:email...
2025-08-11 18:55:04.280 [info] Got 1 sessions for user:email...
2025-08-11 18:55:05.347 [info] Getting sessions for all scopes...
2025-08-11 18:55:05.347 [info] Got 1 sessions for ...
2025-08-11 18:55:05.351 [info] Getting sessions for read:user,repo,user:email,workflow...
2025-08-11 18:55:05.351 [info] Got 0 sessions for read:user,repo,user:email,workflow...
2025-08-11 18:55:05.354 [info] Getting sessions for user:email...
2025-08-11 18:55:05.354 [info] Got 1 sessions for user:email...
2025-08-11 18:55:06.300 [info] Getting sessions for all scopes...
2025-08-11 18:55:06.300 [info] Got 1 sessions for ...
2025-08-11 18:55:06.301 [info] Getting sessions for read:user,repo,user:email,workflow...
2025-08-11 18:55:06.301 [info] Got 0 sessions for read:user,repo,user:email,workflow...
2025-08-11 18:55:06.302 [info] Getting sessions for user:email...
2025-08-11 18:55:06.302 [info] Got 1 sessions for user:email...
2025-08-11 18:55:09.604 [info] Getting sessions for all scopes...
2025-08-11 18:55:09.604 [info] Got 1 sessions for ...
2025-08-11 18:55:09.608 [info] Getting sessions for read:user,repo,user:email,workflow...
2025-08-11 18:55:09.608 [info] Got 0 sessions for read:user,repo,user:email,workflow...
2025-08-11 18:55:09.616 [info] Getting sessions for user:email...
2025-08-11 18:55:09.616 [info] Got 1 sessions for user:email...
2025-08-11 18:55:10.821 [info] Getting sessions for all scopes...
2025-08-11 18:55:10.821 [info] Got 1 sessions for ...
2025-08-11 18:55:10.822 [info] Getting sessions for all scopes...
2025-08-11 18:55:10.822 [info] Got 1 sessions for ...
2025-08-11 18:55:10.855 [info] Getting sessions for read:user,repo,user:email,workflow...
2025-08-11 18:55:10.855 [info] Got 0 sessions for read:user,repo,user:email,workflow...
2025-08-11 18:55:10.876 [info] Getting sessions for user:email...
2025-08-11 18:55:10.876 [info] Got 1 sessions for user:email...
2025-08-11 18:55:10.883 [info] Getting sessions for read:user,repo,user:email,workflow...
2025-08-11 18:55:10.883 [info] Got 0 sessions for read:user,repo,user:email,workflow...
2025-08-11 18:55:10.926 [info] Getting sessions for all scopes...
2025-08-11 18:55:10.926 [info] Got 1 sessions for ...
2025-08-11 18:55:10.956 [info] Getting sessions for read:user,repo,user:email,workflow...
2025-08-11 18:55:10.956 [info] Got 0 sessions for read:user,repo,user:email,workflow...
2025-08-11 18:55:10.980 [info] Getting sessions for user:email...
2025-08-11 18:55:10.981 [info] Got 1 sessions for user:email...
2025-08-11 18:55:11.000 [info] Getting sessions for all scopes...
2025-08-11 18:55:11.001 [info] Got 1 sessions for ...
2025-08-11 18:55:11.006 [info] Getting sessions for all scopes...
2025-08-11 18:55:11.006 [info] Got 1 sessions for ...
2025-08-11 18:55:11.020 [info] Getting sessions for read:user,repo,user:email,workflow...
2025-08-11 18:55:11.020 [info] Got 0 sessions for read:user,repo,user:email,workflow...
2025-08-11 18:55:11.037 [info] Getting sessions for user:email...
2025-08-11 18:55:11.037 [info] Got 1 sessions for user:email...
2025-08-11 18:55:11.046 [info] Getting sessions for read:user,repo,user:email,workflow...
2025-08-11 18:55:11.047 [info] Got 0 sessions for read:user,repo,user:email,workflow...
2025-08-11 18:55:11.209 [info] Getting sessions for all scopes...
2025-08-11 18:55:11.209 [info] Got 1 sessions for ...
2025-08-11 18:55:11.239 [info] Getting sessions for read:user,repo,user:email,workflow...
2025-08-11 18:55:11.240 [info] Got 0 sessions for read:user,repo,user:email,workflow...
2025-08-11 18:55:11.252 [info] Getting sessions for user:email...
2025-08-11 18:55:11.252 [info] Got 1 sessions for user:email...
2025-08-11 18:55:12.121 [info] Getting sessions for all scopes...
2025-08-11 18:55:12.121 [info] Got 1 sessions for ...
2025-08-11 18:55:12.124 [info] Getting sessions for read:user,repo,user:email,workflow...
2025-08-11 18:55:12.124 [info] Got 0 sessions for read:user,repo,user:email,workflow...
2025-08-11 18:55:12.134 [info] Getting sessions for user:email...
2025-08-11 18:55:12.134 [info] Got 1 sessions for user:email...
2025-08-11 18:55:17.981 [info] Getting sessions for all scopes...
2025-08-11 18:55:17.981 [info] Got 1 sessions for ...
2025-08-11 18:55:17.985 [info] Getting sessions for read:user,repo,user:email,workflow...
2025-08-11 18:55:17.985 [info] Got 0 sessions for read:user,repo,user:email,workflow...
2025-08-11 18:55:17.989 [info] Getting sessions for user:email...
2025-08-11 18:55:17.989 [info] Got 1 sessions for user:email...
2025-08-11 18:55:17.993 [info] Getting sessions for all scopes...
2025-08-11 18:55:17.993 [info] Got 1 sessions for ...
2025-08-11 18:55:17.994 [info] Getting sessions for read:user,repo,user:email,workflow...
2025-08-11 18:55:17.994 [info] Got 0 sessions for read:user,repo,user:email,workflow...
2025-08-11 18:55:18.004 [info] Getting sessions for user:email...
2025-08-11 18:55:18.004 [info] Got 1 sessions for user:email...
2025-08-11 18:56:17.187 [info] Getting sessions for all scopes...
2025-08-11 18:56:17.187 [info] Got 1 sessions for ...
2025-08-11 18:56:17.193 [info] Getting sessions for read:user,repo,user:email,workflow...
2025-08-11 18:56:17.193 [info] Got 0 sessions for read:user,repo,user:email,workflow...
2025-08-11 18:56:17.199 [info] Getting sessions for user:email...
2025-08-11 18:56:17.199 [info] Got 1 sessions for user:email...
2025-08-11 18:56:17.204 [info] Getting sessions for all scopes...
2025-08-11 18:56:17.204 [info] Got 1 sessions for ...
2025-08-11 18:56:17.209 [info] Getting sessions for read:user,repo,user:email,workflow...
2025-08-11 18:56:17.209 [info] Got 0 sessions for read:user,repo,user:email,workflow...
2025-08-11 18:56:17.219 [info] Getting sessions for user:email...
2025-08-11 18:56:17.219 [info] Got 1 sessions for user:email...
2025-08-11 18:56:17.831 [info] Getting sessions for all scopes...
2025-08-11 18:56:17.831 [info] Got 1 sessions for ...
2025-08-11 18:56:17.832 [info] Getting sessions for read:user,repo,user:email,workflow...
2025-08-11 18:56:17.832 [info] Got 0 sessions for read:user,repo,user:email,workflow...
2025-08-11 18:56:17.833 [info] Getting sessions for user:email...
2025-08-11 18:56:17.833 [info] Got 1 sessions for user:email...
2025-08-11 18:56:17.835 [info] Getting sessions for all scopes...
2025-08-11 18:56:17.835 [info] Got 1 sessions for ...
2025-08-11 18:56:17.835 [info] Getting sessions for read:user,repo,user:email,workflow...
2025-08-11 18:56:17.835 [info] Got 0 sessions for read:user,repo,user:email,workflow...
2025-08-11 18:56:17.836 [info] Getting sessions for user:email...
2025-08-11 18:56:17.836 [info] Got 1 sessions for user:email...
2025-08-11 19:01:36.237 [info] Getting sessions for read:user,repo,user:email,workflow...
2025-08-11 19:01:36.252 [info] Got 0 sessions for read:user,repo,user:email,workflow...
2025-08-11 19:01:36.256 [info] Getting sessions for read:user...
2025-08-11 19:01:36.256 [info] Got 0 sessions for read:user...
2025-08-11 19:01:36.258 [info] Getting sessions for user:email...
2025-08-11 19:01:36.258 [info] Got 1 sessions for user:email...
2025-08-11 19:01:36.567 [info] Getting sessions for all scopes...
2025-08-11 19:01:36.567 [info] Got 1 sessions for ...
2025-08-11 19:01:36.569 [info] Getting sessions for read:user,repo,user:email,workflow...
2025-08-11 19:01:36.569 [info] Got 0 sessions for read:user,repo,user:email,workflow...
2025-08-11 19:01:36.572 [info] Getting sessions for user:email...
2025-08-11 19:01:36.572 [info] Got 1 sessions for user:email...
2025-08-11 19:01:36.576 [info] Getting sessions for all scopes...
2025-08-11 19:01:36.576 [info] Got 1 sessions for ...
2025-08-11 19:01:36.576 [info] Getting sessions for read:user,repo,user:email,workflow...
2025-08-11 19:01:36.577 [info] Got 0 sessions for read:user,repo,user:email,workflow...
2025-08-11 19:01:36.577 [info] Getting sessions for user:email...
2025-08-11 19:01:36.577 [info] Got 1 sessions for user:email...
2025-08-11 19:03:34.292 [info] Getting sessions for all scopes...
2025-08-11 19:03:34.321 [info] Got 1 sessions for ...
2025-08-11 19:03:34.325 [info] Getting sessions for read:user,repo,user:email,workflow...
2025-08-11 19:03:34.325 [info] Got 0 sessions for read:user,repo,user:email,workflow...
2025-08-11 19:03:34.328 [info] Getting sessions for user:email...
2025-08-11 19:03:34.328 [info] Got 1 sessions for user:email...
2025-08-11 19:03:34.333 [info] Getting sessions for all scopes...
2025-08-11 19:03:34.333 [info] Got 1 sessions for ...
2025-08-11 19:03:34.336 [info] Getting sessions for read:user,repo,user:email,workflow...
2025-08-11 19:03:34.336 [info] Got 0 sessions for read:user,repo,user:email,workflow...
2025-08-11 19:03:34.337 [info] Getting sessions for user:email...
2025-08-11 19:03:34.337 [info] Got 1 sessions for user:email...
2025-08-11 19:05:29.793 [info] Getting sessions for all scopes...
2025-08-11 19:05:29.793 [info] Got 1 sessions for ...
2025-08-11 19:05:29.795 [info] Getting sessions for read:user,repo,user:email,workflow...
2025-08-11 19:05:29.795 [info] Got 0 sessions for read:user,repo,user:email,workflow...
2025-08-11 19:05:29.797 [info] Getting sessions for user:email...
2025-08-11 19:05:29.797 [info] Got 1 sessions for user:email...
2025-08-11 19:05:29.800 [info] Getting sessions for all scopes...
2025-08-11 19:05:29.800 [info] Got 1 sessions for ...
2025-08-11 19:05:29.803 [info] Getting sessions for read:user,repo,user:email,workflow...
2025-08-11 19:05:29.803 [info] Got 0 sessions for read:user,repo,user:email,workflow...
2025-08-11 19:05:29.804 [info] Getting sessions for user:email...
2025-08-11 19:05:29.805 [info] Got 1 sessions for user:email...
2025-08-11 19:05:32.961 [info] Getting sessions for all scopes...
2025-08-11 19:05:32.961 [info] Got 1 sessions for ...
2025-08-11 19:05:32.962 [info] Getting sessions for read:user,repo,user:email,workflow...
2025-08-11 19:05:32.962 [info] Got 0 sessions for read:user,repo,user:email,workflow...
2025-08-11 19:05:32.963 [info] Getting sessions for user:email...
2025-08-11 19:05:32.963 [info] Got 1 sessions for user:email...
