2025-08-10 15:46:31.644 [info] Reading sessions from keychain...
2025-08-10 15:46:31.644 [info] Got stored sessions!
2025-08-10 15:46:31.644 [info] Got 1 verified sessions.
2025-08-10 15:46:31.645 [info] Getting sessions for all scopes...
2025-08-10 15:46:31.645 [info] Got 1 sessions for ...
2025-08-10 15:46:31.645 [info] Getting sessions for all scopes...
2025-08-10 15:46:31.645 [info] Got 1 sessions for ...
2025-08-10 15:46:31.645 [info] Getting sessions for all scopes...
2025-08-10 15:46:31.645 [info] Got 1 sessions for ...
2025-08-10 15:46:31.645 [info] Getting sessions for all scopes...
2025-08-10 15:46:31.645 [info] Got 1 sessions for ...
2025-08-10 15:46:31.645 [info] Getting sessions for all scopes...
2025-08-10 15:46:31.645 [info] Got 1 sessions for ...
2025-08-10 15:46:31.645 [info] Getting sessions for all scopes...
2025-08-10 15:46:31.645 [info] Got 1 sessions for ...
2025-08-10 15:46:31.645 [info] Getting sessions for all scopes...
2025-08-10 15:46:31.645 [info] Got 1 sessions for ...
2025-08-10 15:46:31.645 [info] Getting sessions for all scopes...
2025-08-10 15:46:31.645 [info] Got 1 sessions for ...
2025-08-10 15:46:31.645 [info] Getting sessions for all scopes...
2025-08-10 15:46:31.645 [info] Got 1 sessions for ...
2025-08-10 15:46:31.645 [info] Getting sessions for all scopes...
2025-08-10 15:46:31.645 [info] Got 1 sessions for ...
2025-08-10 15:46:31.645 [info] Getting sessions for all scopes...
2025-08-10 15:46:31.645 [info] Got 1 sessions for ...
2025-08-10 15:46:31.645 [info] Getting sessions for all scopes...
2025-08-10 15:46:31.645 [info] Got 1 sessions for ...
2025-08-10 15:46:31.645 [info] Getting sessions for all scopes...
2025-08-10 15:46:31.645 [info] Got 1 sessions for ...
2025-08-10 15:46:31.645 [info] Getting sessions for all scopes...
2025-08-10 15:46:31.645 [info] Got 1 sessions for ...
2025-08-10 15:46:31.645 [info] Getting sessions for all scopes...
2025-08-10 15:46:31.645 [info] Got 1 sessions for ...
2025-08-10 15:46:31.645 [info] Getting sessions for all scopes...
2025-08-10 15:46:31.645 [info] Got 1 sessions for ...
2025-08-10 15:46:31.645 [info] Getting sessions for all scopes...
2025-08-10 15:46:31.645 [info] Got 1 sessions for ...
2025-08-10 15:46:36.368 [info] Getting sessions for all scopes...
2025-08-10 15:46:36.368 [info] Got 1 sessions for ...
2025-08-10 15:46:36.368 [info] Getting sessions for all scopes...
2025-08-10 15:46:36.368 [info] Got 1 sessions for ...
2025-08-10 15:46:36.681 [info] Getting sessions for read:user,repo,user:email,workflow...
2025-08-10 15:46:36.681 [info] Got 0 sessions for read:user,repo,user:email,workflow...
2025-08-10 15:46:37.076 [info] Getting sessions for all scopes...
2025-08-10 15:46:37.076 [info] Got 1 sessions for ...
2025-08-10 15:46:37.105 [info] Getting sessions for all scopes...
2025-08-10 15:46:37.105 [info] Got 1 sessions for ...
2025-08-10 15:46:37.106 [info] Getting sessions for read:user,repo,user:email,workflow...
2025-08-10 15:46:37.106 [info] Got 0 sessions for read:user,repo,user:email,workflow...
2025-08-10 15:46:37.106 [info] Getting sessions for user:email...
2025-08-10 15:46:37.107 [info] Got 1 sessions for user:email...
2025-08-10 15:46:37.107 [info] Getting sessions for read:user,repo,user:email,workflow...
2025-08-10 15:46:37.107 [info] Got 0 sessions for read:user,repo,user:email,workflow...
2025-08-10 15:46:37.112 [info] Getting sessions for read:user...
2025-08-10 15:46:37.112 [info] Got 0 sessions for read:user...
2025-08-10 15:46:37.112 [info] Getting sessions for all scopes...
2025-08-10 15:46:37.112 [info] Got 1 sessions for ...
2025-08-10 15:46:37.113 [info] Getting sessions for user:email...
2025-08-10 15:46:37.113 [info] Got 1 sessions for user:email...
2025-08-10 15:46:37.113 [info] Getting sessions for read:user,repo,user:email,workflow...
2025-08-10 15:46:37.113 [info] Got 0 sessions for read:user,repo,user:email,workflow...
2025-08-10 15:46:37.118 [info] Getting sessions for user:email...
2025-08-10 15:46:37.118 [info] Got 1 sessions for user:email...
2025-08-10 15:46:39.091 [info] Getting sessions for all scopes...
2025-08-10 15:46:39.092 [info] Got 1 sessions for ...
2025-08-10 15:46:39.096 [info] Getting sessions for read:user,repo,user:email,workflow...
2025-08-10 15:46:39.096 [info] Got 0 sessions for read:user,repo,user:email,workflow...
2025-08-10 15:46:39.103 [info] Getting sessions for all scopes...
2025-08-10 15:46:39.103 [info] Got 1 sessions for ...
2025-08-10 15:46:39.105 [info] Getting sessions for user:email...
2025-08-10 15:46:39.105 [info] Got 1 sessions for user:email...
2025-08-10 15:46:39.112 [info] Getting sessions for all scopes...
2025-08-10 15:46:39.112 [info] Got 1 sessions for ...
2025-08-10 15:46:39.113 [info] Getting sessions for read:user,repo,user:email,workflow...
2025-08-10 15:46:39.113 [info] Got 0 sessions for read:user,repo,user:email,workflow...
2025-08-10 15:46:39.115 [info] Getting sessions for user:email...
2025-08-10 15:46:39.115 [info] Got 1 sessions for user:email...
2025-08-10 15:46:39.923 [info] Getting sessions for all scopes...
2025-08-10 15:46:39.923 [info] Got 1 sessions for ...
2025-08-10 15:46:39.923 [info] Getting sessions for all scopes...
2025-08-10 15:46:39.923 [info] Got 1 sessions for ...
2025-08-10 15:46:39.934 [info] Getting sessions for read:user,repo,user:email,workflow...
2025-08-10 15:46:39.934 [info] Got 0 sessions for read:user,repo,user:email,workflow...
2025-08-10 15:46:39.935 [info] Getting sessions for user:email...
2025-08-10 15:46:39.935 [info] Got 1 sessions for user:email...
2025-08-10 15:46:39.935 [info] Getting sessions for read:user,repo,user:email,workflow...
2025-08-10 15:46:39.936 [info] Got 0 sessions for read:user,repo,user:email,workflow...
2025-08-10 15:46:39.937 [info] Getting sessions for all scopes...
2025-08-10 15:46:39.937 [info] Got 1 sessions for ...
2025-08-10 15:46:39.938 [info] Getting sessions for read:user,repo,user:email,workflow...
2025-08-10 15:46:39.938 [info] Got 0 sessions for read:user,repo,user:email,workflow...
2025-08-10 15:46:39.938 [info] Getting sessions for user:email...
2025-08-10 15:46:39.939 [info] Got 1 sessions for user:email...
2025-08-10 15:46:40.043 [info] Getting sessions for all scopes...
2025-08-10 15:46:40.043 [info] Got 1 sessions for ...
2025-08-10 15:46:40.043 [info] Getting sessions for all scopes...
2025-08-10 15:46:40.043 [info] Got 1 sessions for ...
2025-08-10 15:46:40.047 [info] Getting sessions for read:user,repo,user:email,workflow...
2025-08-10 15:46:40.048 [info] Got 0 sessions for read:user,repo,user:email,workflow...
2025-08-10 15:46:40.048 [info] Getting sessions for user:email...
2025-08-10 15:46:40.049 [info] Got 1 sessions for user:email...
2025-08-10 15:46:40.049 [info] Getting sessions for read:user,repo,user:email,workflow...
2025-08-10 15:46:40.049 [info] Got 0 sessions for read:user,repo,user:email,workflow...
2025-08-10 15:46:40.052 [info] Getting sessions for all scopes...
2025-08-10 15:46:40.053 [info] Got 1 sessions for ...
2025-08-10 15:46:40.054 [info] Getting sessions for all scopes...
2025-08-10 15:46:40.054 [info] Got 1 sessions for ...
2025-08-10 15:46:40.054 [info] Getting sessions for all scopes...
2025-08-10 15:46:40.054 [info] Got 1 sessions for ...
2025-08-10 15:46:40.056 [info] Getting sessions for read:user,repo,user:email,workflow...
2025-08-10 15:46:40.056 [info] Got 0 sessions for read:user,repo,user:email,workflow...
2025-08-10 15:46:40.057 [info] Getting sessions for user:email...
2025-08-10 15:46:40.057 [info] Got 1 sessions for user:email...
2025-08-10 15:46:41.145 [info] Getting sessions for all scopes...
2025-08-10 15:46:41.145 [info] Got 1 sessions for ...
2025-08-10 15:46:41.147 [info] Getting sessions for read:user,repo,user:email,workflow...
2025-08-10 15:46:41.147 [info] Got 0 sessions for read:user,repo,user:email,workflow...
2025-08-10 15:46:41.148 [info] Getting sessions for user:email...
2025-08-10 15:46:41.148 [info] Got 1 sessions for user:email...
2025-08-10 15:46:42.164 [info] Getting sessions for all scopes...
2025-08-10 15:46:42.164 [info] Got 1 sessions for ...
2025-08-10 15:46:46.149 [info] Getting sessions for all scopes...
2025-08-10 15:46:46.149 [info] Got 1 sessions for ...
2025-08-10 15:46:46.150 [info] Getting sessions for read:user,repo,user:email,workflow...
2025-08-10 15:46:46.150 [info] Got 0 sessions for read:user,repo,user:email,workflow...
2025-08-10 15:46:46.151 [info] Getting sessions for user:email...
2025-08-10 15:46:46.151 [info] Got 1 sessions for user:email...
2025-08-10 15:46:48.720 [info] Getting sessions for all scopes...
2025-08-10 15:46:48.720 [info] Got 1 sessions for ...
2025-08-10 15:46:48.721 [info] Getting sessions for read:user,repo,user:email,workflow...
2025-08-10 15:46:48.721 [info] Got 0 sessions for read:user,repo,user:email,workflow...
2025-08-10 15:46:48.722 [info] Getting sessions for user:email...
2025-08-10 15:46:48.722 [info] Got 1 sessions for user:email...
2025-08-10 15:46:53.643 [info] Getting sessions for all scopes...
2025-08-10 15:46:53.643 [info] Got 1 sessions for ...
2025-08-10 15:46:53.646 [info] Getting sessions for read:user,repo,user:email,workflow...
2025-08-10 15:46:53.646 [info] Got 0 sessions for read:user,repo,user:email,workflow...
2025-08-10 15:46:53.647 [info] Getting sessions for user:email...
2025-08-10 15:46:53.647 [info] Got 1 sessions for user:email...
2025-08-10 15:50:14.384 [info] Getting sessions for all scopes...
2025-08-10 15:50:14.422 [info] Got 1 sessions for ...
2025-08-10 15:50:14.428 [info] Getting sessions for read:user,repo,user:email,workflow...
2025-08-10 15:50:14.428 [info] Got 0 sessions for read:user,repo,user:email,workflow...
2025-08-10 15:50:14.431 [info] Getting sessions for user:email...
2025-08-10 15:50:14.432 [info] Got 1 sessions for user:email...
2025-08-10 15:50:14.435 [info] Getting sessions for all scopes...
2025-08-10 15:50:14.435 [info] Got 1 sessions for ...
2025-08-10 15:50:14.439 [info] Getting sessions for read:user,repo,user:email,workflow...
2025-08-10 15:50:14.439 [info] Got 0 sessions for read:user,repo,user:email,workflow...
2025-08-10 15:50:14.442 [info] Getting sessions for user:email...
2025-08-10 15:50:14.442 [info] Got 1 sessions for user:email...
