2025-08-09 18:26:50.143 [info] Acquired MSAL enablement value from default. Value: false
2025-08-09 18:26:52.945 [warning] [Sat, 09 Aug 2025 12:26:52 GMT] : [aebc6443-996d-45c2-90f0-388ff96faa56] : @azure/msal-node@2.16.2 : Warning - NativeBroker implementation was provided but the broker is unavailable.
2025-08-09 18:26:54.828 [info] [getSessions] [all] starting
2025-08-09 18:26:54.828 [info] [getSessions] [all] returned 0 session(s)
2025-08-09 18:26:54.828 [info] [getSessions] [all] starting
2025-08-09 18:26:54.828 [info] [getSessions] [all] returned 0 session(s)
2025-08-09 18:26:54.828 [info] [getSessions] [all] starting
2025-08-09 18:26:54.828 [info] [getSessions] [all] returned 0 session(s)
2025-08-09 18:26:54.829 [info] [getSessions] [499b84ac-1321-427f-aa17-267ca6975798/.default offline_access] starting
2025-08-09 18:26:54.829 [warning] [Sat, 09 Aug 2025 12:26:54 GMT] : [aebc6443-996d-45c2-90f0-388ff96faa56] : @azure/msal-node@2.16.2 : Warning - NativeBroker implementation was provided but the broker is unavailable.
2025-08-09 18:26:54.862 [info] [getSessions] [499b84ac-1321-427f-aa17-267ca6975798/.default offline_access] returned 0 session(s)
2025-08-09 18:26:56.977 [info] [getSessions] [499b84ac-1321-427f-aa17-267ca6975798/.default offline_access] starting
2025-08-09 18:26:56.977 [info] [getSessions] [499b84ac-1321-427f-aa17-267ca6975798/.default offline_access] returned 0 session(s)
2025-08-09 18:27:15.449 [info] [getSessions] [all] starting
2025-08-09 18:27:15.449 [info] [getSessions] [all] returned 0 session(s)
2025-08-09 18:27:15.450 [info] [getSessions] [all] starting
2025-08-09 18:27:15.450 [info] [getSessions] [all] returned 0 session(s)
2025-08-09 18:27:15.458 [info] [getSessions] [all] starting
2025-08-09 18:27:15.458 [info] [getSessions] [all] returned 0 session(s)
2025-08-09 18:54:24.223 [info] [getSessions] [499b84ac-1321-427f-aa17-267ca6975798/.default offline_access] starting
2025-08-09 18:54:24.236 [info] [getSessions] [499b84ac-1321-427f-aa17-267ca6975798/.default offline_access] returned 0 session(s)
2025-08-09 19:17:34.848 [info] [getSessions] [499b84ac-1321-427f-aa17-267ca6975798/.default offline_access] starting
2025-08-09 19:17:34.880 [info] [getSessions] [499b84ac-1321-427f-aa17-267ca6975798/.default offline_access] returned 0 session(s)
