2025-08-09 10:34:29.311 [info] read schema from vscode: vscode://schemas/settings/user
2025-08-09 10:34:30.159 [info] read schema from vscode: vscode://schemas/settings/resourceLanguage
2025-08-09 10:34:30.516 [info] read schema from vscode: vscode://schemas/ignoredSettings
2025-08-09 10:34:30.563 [info] read schema from vscode: vscode://schemas/launch
2025-08-09 10:34:30.605 [info] read schema from vscode: vscode://schemas/token-styling
2025-08-09 10:34:30.612 [info] read schema from vscode: vscode://schemas/textmate-colors
2025-08-09 10:34:30.616 [info] read schema from vscode: vscode://schemas/workbench-colors
2025-08-09 10:34:30.618 [info] schema change detected vscode://schemas/settings/user
2025-08-09 10:34:30.624 [info] cancelled
2025-08-09 10:34:31.159 [info] read schema from vscode: vscode://schemas/settings/user
2025-08-09 10:34:31.590 [info] cancelled
2025-08-09 10:34:31.603 [info] cancelled
2025-08-09 10:34:31.603 [info] cancelled
2025-08-09 10:34:31.655 [info] cancelled
2025-08-09 10:34:32.994 [info] schema change detected vscode://schemas/settings/user
2025-08-09 10:34:33.009 [info] cancelled
2025-08-09 10:34:33.179 [info] cancelled
2025-08-09 10:34:33.185 [info] read schema from vscode: vscode://schemas/settings/user
2025-08-09 10:34:35.960 [info] schema change detected vscode://schemas/launch
2025-08-09 10:34:35.961 [info] read schema from vscode: vscode://schemas/settings/user
2025-08-09 10:34:36.082 [info] read schema from vscode: vscode://schemas/launch
2025-08-09 10:35:00.057 [info] schema change detected vscode://schemas/settings/user
2025-08-09 10:43:00.857 [info] schema change detected vscode://schemas/settings/resourceLanguage
2025-08-09 10:43:01.252 [info] schema change detected vscode://schemas/ignoredSettings
2025-08-09 10:43:02.303 [info] schema change detected vscode://schemas/settings/user
2025-08-09 10:43:04.146 [info] schema change detected vscode://schemas/settings/resourceLanguage
2025-08-09 10:43:04.344 [info] schema change detected vscode://schemas/ignoredSettings
2025-08-09 10:43:04.488 [info] schema change detected vscode://schemas/settings/user
