8/2/2025, 11:01:07 AM GMT+6 0: 

----------------------------------------------
8/2/2025, 11:01:08 AM GMT+6 1: Discord starting: {"releaseChannel":"ptb","version":"0.0.154"}, modulepath: /home/phinixprono1234/.config/discordptb/0.0.154/modules
8/2/2025, 11:01:08 AM GMT+6 2: ✅ webContents.created web1 "Discord Updater"
8/2/2025, 11:01:09 AM GMT+6 3: ✅ window.created win1 "Discord Updater"
8/2/2025, 11:01:09 AM GMT+6 4: ✅ webContents.did-finish-load web1
8/2/2025, 11:01:24 AM GMT+6 5: ✅ webContents.created web2 ""
8/2/2025, 11:01:24 AM GMT+6 6: ✅ window.created win2 "Discord"
8/2/2025, 11:01:26 AM GMT+6 7: ✅ webContents.did-finish-load web2
8/2/2025, 11:01:27 AM GMT+6 8: window.close win1
8/2/2025, 11:01:27 AM GMT+6 9: webContents.destroyed web1
8/2/2025, 11:01:27 AM GMT+6 10: window.closed win1
8/2/2025, 11:07:01 AM GMT+6 11: ✅ webContents.created web3 ""
8/2/2025, 11:07:02 AM GMT+6 12: ✅ webContents.did-finish-load web3
8/2/2025, 11:27:18 AM GMT+6 13: webContents.destroyed web3
8/2/2025, 11:30:38 AM GMT+6 14: ✅ webContents.created web4 ""
8/2/2025, 11:30:38 AM GMT+6 15: ✅ webContents.did-finish-load web4
8/2/2025, 11:48:50 AM GMT+6 16: webContents.destroyed web4
8/2/2025, 11:52:54 AM GMT+6 17: window.close win2
8/2/2025, 11:52:54 AM GMT+6 18: window.close win2
8/2/2025, 11:52:54 AM GMT+6 19: window.close win2
8/2/2025, 11:52:54 AM GMT+6 20: window.close win2
8/2/2025, 11:52:54 AM GMT+6 21: window.close win2
8/2/2025, 11:52:54 AM GMT+6 22: window.close win2
8/2/2025, 11:52:54 AM GMT+6 23: window.close win2
8/2/2025, 11:52:54 AM GMT+6 24: window.close win2
8/2/2025, 11:52:55 AM GMT+6 25: window.close win2
8/2/2025, 11:52:55 AM GMT+6 26: window.close win2
8/2/2025, 11:52:55 AM GMT+6 27: window.close win2
8/2/2025, 11:52:55 AM GMT+6 28: window.close win2
8/2/2025, 11:57:22 AM GMT+6 0: 

----------------------------------------------
8/2/2025, 12:04:08 PM GMT+6 29: window.close win2
8/2/2025, 1:19:07 PM GMT+6 0: 

----------------------------------------------
8/2/2025, 1:19:08 PM GMT+6 1: Discord starting: {"releaseChannel":"ptb","version":"0.0.154"}, modulepath: /home/phinixprono1234/.config/discordptb/0.0.154/modules
8/2/2025, 1:19:08 PM GMT+6 2: ✅ webContents.created web1 ""
8/2/2025, 1:19:08 PM GMT+6 3: ✅ window.created win1 "discord"
8/2/2025, 1:19:10 PM GMT+6 4: ✅ webContents.did-finish-load web1
8/2/2025, 1:19:11 PM GMT+6 5: ✅ webContents.created web2 ""
8/2/2025, 1:19:11 PM GMT+6 6: ✅ window.created win2 "Discord"
8/2/2025, 1:19:13 PM GMT+6 7: ✅ webContents.did-finish-load web2
8/2/2025, 1:19:15 PM GMT+6 8: window.close win1
8/2/2025, 1:19:15 PM GMT+6 9: webContents.destroyed web1
8/2/2025, 1:19:15 PM GMT+6 10: window.closed win1
8/2/2025, 1:23:47 PM GMT+6 11: window.close win2
8/2/2025, 1:23:47 PM GMT+6 12: window.close win2
8/2/2025, 1:23:47 PM GMT+6 13: window.close win2
8/2/2025, 1:23:47 PM GMT+6 14: window.close win2
8/2/2025, 1:23:47 PM GMT+6 15: window.close win2
8/2/2025, 1:23:47 PM GMT+6 16: window.close win2
8/2/2025, 1:23:48 PM GMT+6 17: window.close win2
8/2/2025, 1:23:48 PM GMT+6 18: window.close win2
8/2/2025, 1:23:48 PM GMT+6 19: window.close win2
8/2/2025, 1:23:48 PM GMT+6 20: window.close win2
8/2/2025, 1:23:48 PM GMT+6 21: window.close win2
8/2/2025, 1:23:48 PM GMT+6 22: window.close win2
8/2/2025, 1:23:48 PM GMT+6 23: window.close win2
8/2/2025, 1:23:49 PM GMT+6 24: window.close win2
8/2/2025, 1:23:49 PM GMT+6 25: window.close win2
8/2/2025, 1:25:14 PM GMT+6 0: 

----------------------------------------------
8/2/2025, 1:25:15 PM GMT+6 1: Discord starting: {"releaseChannel":"ptb","version":"0.0.154"}, modulepath: /home/phinixprono1234/.config/discordptb/0.0.154/modules
8/2/2025, 1:25:15 PM GMT+6 2: ✅ webContents.created web1 "Discord Updater"
8/2/2025, 1:25:15 PM GMT+6 3: ✅ window.created win1 "Discord Updater"
8/2/2025, 1:25:15 PM GMT+6 4: ✅ webContents.did-finish-load web1
8/2/2025, 1:25:16 PM GMT+6 5: ✅ webContents.created web2 ""
8/2/2025, 1:25:16 PM GMT+6 6: ✅ window.created win2 "Discord"
8/2/2025, 1:25:18 PM GMT+6 7: ✅ webContents.did-finish-load web2
8/2/2025, 1:25:19 PM GMT+6 8: window.close win1
8/2/2025, 1:25:20 PM GMT+6 9: webContents.destroyed web1
8/2/2025, 1:25:20 PM GMT+6 10: window.closed win1
8/2/2025, 1:30:16 PM GMT+6 0: 

----------------------------------------------
8/2/2025, 1:30:16 PM GMT+6 1: Wrote 312288 byte minidump to /home/phinixprono1234/.config/discordptb/0.0.154/modules/crashlogs/8_2_2025__1_30_16_PM_GMT_6-0-minidump.dmp
8/2/2025, 1:30:17 PM GMT+6 2: Discord starting: {"releaseChannel":"ptb","version":"0.0.154"}, modulepath: /home/phinixprono1234/.config/discordptb/0.0.154/modules
8/2/2025, 1:30:17 PM GMT+6 3: Sentry report: {"contexts":{"trace":{"trace_id":"d78b0bc11eac4453ba3b531ef24d9a28","span_id":"b3291227e45a4d50"},"app":{"app_name":"discord","app_version":"0.0.154","app_start_time":"2025-08-02T07:24:53.671Z"},"os":{"kernel_version":"6.15.8-zen1-2-zen","name":"Arch Linux"},"browser":{"name":"Chrome"},"chrome":{"name":"Chrome","type":"runtime","version":"134.0.6998.205"},"device":{"arch":"x64","family":"Desktop","language":"en-US","screen_density":1,"screen_resolution":"1440x900","memory_size":4019789824,"free_memory":1760501760,"processor_count":4,"cpu_description":"Intel(R) Core(TM) i3-4170 CPU @ 3.70GHz","processor_frequency":2594},"node":{"name":"Node","type":"runtime","version":"22.14.0"},"runtime":{"name":"Electron","version":"35.3.0"}},"environment":"ptb","release":"0.0.154","user":{"ip_address":"{{auto}}","id":"1048110632983089172","username":"phinixprono1234","email":"alkamasudad3@gmail.com"},"tags":{"event.origin":"electron","event.environment":"native","event.process":"browser","event_type":"native","nativeBuildNumber":"null"},"level":"fatal","platform":"native","breadcrumbs":[{"timestamp":1754119519.883,"category":"electron","message":"app.browser-window-focus","type":"ui"},{"timestamp":1754119519.928,"category":"electron","message":"window.hide","type":"ui","data":{"id":1,"url":"app:///app_bootstrap/splash/index.html"}},{"timestamp":1754119519.928,"category":"electron","message":"window.close","type":"ui","data":{"id":1,"url":"app:///app_bootstrap/splash/index.html"}},{"timestamp":1754119519.929,"category":"console","level":"log","message":"blackbox: 8/2/2025, 1:25:19 PM GMT+6 8 window.close win1"},{"timestamp":1754119519.93,"category":"electron","message":"renderer.destroyed","type":"ui","data":{"id":1,"url":"app:///app_bootstrap/splash/index.html"}},{"timestamp":1754119520.007,"category":"electron","message":"window.closed","type":"ui","data":{"id":1,"url":"app:///app_bootstrap/splash/index.html"}},{"timestamp":1754119520.22,"category":"console","level":"log","message":"blackbox: 8/2/2025, 1:25:20 PM GMT+6 9 webContents.destroyed web1"},{"timestamp":1754119520.304,"category":"console","level":"log","message":"blackbox: 8/2/2025, 1:25:20 PM GMT+6 10 window.closed win1"},{"timestamp":1754119520.312,"category":"electron","message":"window.blur","type":"ui","data":{"id":2,"url":"https://ptb.discord.com/app?_=1754119516573"}},{"timestamp":1754119520.312,"category":"electron","message":"app.browser-window-blur","type":"ui"},{"timestamp":1754119521.453,"category":"console","level":"log","message":"mainScreen.UpdaterEvents: UPDATER_HISTORY_QUERY_AND_TRUNCATE"},{"timestamp":1754119521.582,"category":"console","level":"log","message":"mainScreen.UpdaterEvents: UPDATER_HISTORY_QUERY_AND_TRUNCATE"},{"timestamp":1754119522.289,"category":"console","level":"log","message":"legacyModuleUpdater: installed-module discord_rpc 1 1 true"},{"timestamp":1754119522.305,"category":"console","level":"log","message":"mainScreen.UpdaterEvents: UPDATER_HISTORY_QUERY_AND_TRUNCATE"},{"timestamp":1754119525.967,"category":"console","level":"log","message":"mainScreen.UpdaterEvents: CHECK_FOR_UPDATES UPDATE_NOT_AVAILABLE"},{"timestamp":1754119525.967,"category":"console","level":"log","message":"8/2/2025, 1:25:25 PM GMT+6 [Modules] Checking for host updates."},{"timestamp":1754119526.567,"type":"http","category":"electron.net","data":{"url":"https://discord.com/api/updates/ptb?platform=linux&version=0.0.154","method":"GET","status_code":204}},{"timestamp":1754119526.569,"category":"console","level":"log","message":"8/2/2025, 1:25:26 PM GMT+6 [Modules] Host is up to date."},{"timestamp":1754119526.569,"category":"console","level":"log","message":"8/2/2025, 1:25:26 PM GMT+6 [Modules] Checking for module updates at https://discord.com/api/modules/ptb/versions.json"},{"timestamp":1754119526.573,"type":"http","category":"electron.net","data":{"url":"https://discord.com/api/modules/ptb/versions.json?host_version=0.0.154&platform=linux&_=5847065","method":"GET","status_code":200}},{"timestamp":1754119526.576,"category":"console","level":"log","message":"8/2/2025, 1:25:26 PM GMT+6 [Modules] No module updates available."},{"timestamp":1754119526.577,"category":"console","level":"log","message":"legacyModuleUpdater: update-check-finished"},{"timestamp":1754119532.132,"category":"electron","message":"window.focus","type":"ui","data":{"id":2,"url":"https://ptb.discord.com/channels/@me"}},{"timestamp":1754119532.133,"category":"electron","message":"app.browser-window-focus","type":"ui"},{"timestamp":1754119532.407,"category":"electron","message":"window.blur","type":"ui","data":{"id":2,"url":"https://ptb.discord.com/channels/@me"}},{"timestamp":1754119532.407,"category":"electron","message":"app.browser-window-blur","type":"ui"},{"timestamp":1754119534.542,"category":"electron","message":"window.focus","type":"ui","data":{"id":2,"url":"https://ptb.discord.com/channels/@me"}},{"timestamp":1754119534.542,"category":"electron","message":"app.browser-window-focus","type":"ui"},{"timestamp":1754119538.621,"category":"ui.click","message":"div.wrapper_cc5dd2 > svg > foreignobject > div.wrapper__6e9f8.selected__6e9f8"},{"timestamp":1754119541.674,"category":"ui.click","message":"div"},{"timestamp":1754119542.169,"category":"ui.input","message":"div.markup__75297.editor__1b31f.slateTextArea_ec4baf[aria-label=\"Message #𝔾𝕖𝕟𝕖𝕣𝕒𝕝\"]"},{"timestamp":1754119547.63,"category":"console","level":"log","message":"legacyModuleUpdater: installed-module discord_spellcheck 1 1 true"},{"timestamp":1754119547.644,"category":"ui.input","message":"div.markup__75297.editor__1b31f.slateTextArea_ec4baf[aria-label=\"Message #𝔾𝕖𝕟𝕖𝕣𝕒𝕝\"]"},{"timestamp":1754119547.703,"category":"console","level":"log","message":"mainScreen.UpdaterEvents: UPDATER_HISTORY_QUERY_AND_TRUNCATE"},{"timestamp":1754119548.833,"category":"ui.input","message":"div.markup__75297.editor__1b31f.slateTextArea_ec4baf[aria-label=\"Message #𝔾𝕖𝕟𝕖𝕣𝕒𝕝\"]"},{"timestamp":1754119549.981,"category":"ui.input","message":"div.markup__75297.editor__1b31f.slateTextArea_ec4baf[aria-label=\"Message #𝔾𝕖𝕟𝕖𝕣𝕒𝕝\"]"},{"timestamp":1754119551.768,"category":"ui.input","message":"div.markup__75297.editor__1b31f.slateTextArea_ec4baf[aria-label=\"Message #𝔾𝕖𝕟𝕖𝕣𝕒𝕝\"]"},{"timestamp":1754119554.788,"category":"ui.input","message":"div.markup__75297.editor__1b31f.slateTextArea_ec4baf[aria-label=\"Message #𝔾𝕖𝕟𝕖𝕣𝕒𝕝\"]"},{"timestamp":1754119560.271,"category":"electron","message":"window.blur","type":"ui","data":{"id":2,"url":"https://ptb.discord.com/channels/1368081567146049617/1368081567146049620"}},{"timestamp":1754119560.271,"category":"electron","message":"app.browser-window-blur","type":"ui"},{"timestamp":1754119561.992,"category":"electron","message":"window.focus","type":"ui","data":{"id":2,"url":"https://ptb.discord.com/channels/1368081567146049617/1368081567146049620"}},{"timestamp":1754119561.992,"category":"electron","message":"app.browser-window-focus","type":"ui"},{"timestamp":1754119563.137,"category":"ui.click","message":"div.attachButton__0923f.attachButton__74017.button__24af7[aria-label=\"More message options\"]"},{"timestamp":1754119565.097,"category":"ui.click","message":"div#channel-attach-upload-file.item_c1e9c4.labelContainer_c1e9c4.colorDefault_c1e9c4.focused_c1e9c4"},{"timestamp":1754119565.114,"category":"ui.click","message":"div.uploadInput__0923f > input.file-input[type=\"file\"]"},{"timestamp":1754119565.593,"category":"electron","message":"window.blur","type":"ui","data":{"id":2,"url":"https://ptb.discord.com/channels/1368081567146049617/1368081567146049620"}},{"timestamp":1754119565.593,"category":"electron","message":"app.browser-window-blur","type":"ui"},{"timestamp":1754119565.597,"category":"electron","message":"window.focus","type":"ui","data":{"id":2,"url":"https://ptb.discord.com/channels/1368081567146049617/1368081567146049620"}},{"timestamp":1754119565.597,"category":"electron","message":"app.browser-window-focus","type":"ui"},{"timestamp":1754119565.687,"category":"electron","message":"window.blur","type":"ui","data":{"id":2,"url":"https://ptb.discord.com/channels/1368081567146049617/1368081567146049620"}},{"timestamp":1754119565.688,"category":"electron","message":"app.browser-window-blur","type":"ui"},{"timestamp":1754119569.25,"category":"electron","message":"window.focus","type":"ui","data":{"id":2,"url":"https://ptb.discord.com/channels/1368081567146049617/1368081567146049620"}},{"timestamp":1754119569.25,"category":"electron","message":"app.browser-window-focus","type":"ui"},{"timestamp":1754119569.589,"category":"electron","message":"window.blur","type":"ui","data":{"id":2,"url":"https://ptb.discord.com/channels/1368081567146049617/1368081567146049620"}},{"timestamp":1754119569.589,"category":"electron","message":"app.browser-window-blur","type":"ui"},{"timestamp":1754119569.837,"category":"electron","message":"window.focus","type":"ui","data":{"id":2,"url":"https://ptb.discord.com/channels/1368081567146049617/1368081567146049620"}},{"timestamp":1754119569.837,"category":"electron","message":"app.browser-window-focus","type":"ui"},{"timestamp":1754119575.456,"category":"ui.click","message":"div.buttonWrapper__24af7.attachButtonInner__0923f > svg"},{"timestamp":1754119576.84,"category":"ui.click","message":"div.label_c1e9c4 > div.optionLabel__77820"},{"timestamp":1754119576.855,"category":"ui.click","message":"div.uploadInput__0923f > input.file-input[type=\"file\"]"},{"timestamp":1754119576.948,"category":"electron","message":"window.blur","type":"ui","data":{"id":2,"url":"https://ptb.discord.com/channels/1368081567146049617/1368081567146049620"}},{"timestamp":1754119576.948,"category":"electron","message":"app.browser-window-blur","type":"ui"},{"timestamp":1754119576.962,"category":"electron","message":"window.focus","type":"ui","data":{"id":2,"url":"https://ptb.discord.com/channels/1368081567146049617/1368081567146049620"}},{"timestamp":1754119576.963,"category":"electron","message":"app.browser-window-focus","type":"ui"},{"timestamp":1754119577.023,"category":"electron","message":"window.blur","type":"ui","data":{"id":2,"url":"https://ptb.discord.com/channels/1368081567146049617/1368081567146049620"}},{"timestamp":1754119577.023,"category":"electron","message":"app.browser-window-blur","type":"ui"},{"timestamp":1754119581.142,"category":"electron","message":"window.focus","type":"ui","data":{"id":2,"url":"https://ptb.discord.com/channels/1368081567146049617/1368081567146049620"}},{"timestamp":1754119581.142,"category":"electron","message":"app.browser-window-focus","type":"ui"},{"timestamp":1754119581.21,"category":"electron","message":"window.blur","type":"ui","data":{"id":2,"url":"https://ptb.discord.com/channels/1368081567146049617/1368081567146049620"}},{"timestamp":1754119581.211,"category":"electron","message":"app.browser-window-blur","type":"ui"},{"timestamp":1754119581.364,"category":"electron","message":"window.focus","type":"ui","data":{"id":2,"url":"https://ptb.discord.com/channels/1368081567146049617/1368081567146049620"}},{"timestamp":1754119581.365,"category":"electron","message":"app.browser-window-focus","type":"ui"},{"timestamp":1754119585.599,"category":"electron","message":"window.blur","type":"ui","data":{"id":2,"url":"https://ptb.discord.com/channels/1368081567146049617/1368081567146049620"}},{"timestamp":1754119585.599,"category":"electron","message":"app.browser-window-blur","type":"ui"},{"timestamp":1754119592.716,"category":"electron","message":"window.focus","type":"ui","data":{"id":2,"url":"https://ptb.discord.com/channels/1368081567146049617/1368081567146049620"}},{"timestamp":1754119592.716,"category":"electron","message":"app.browser-window-focus","type":"ui"},{"timestamp":1754119593.568,"category":"electron","message":"window.blur","type":"ui","data":{"id":2,"url":"https://ptb.discord.com/channels/1368081567146049617/1368081567146049620"}},{"timestamp":1754119593.568,"category":"electron","message":"app.browser-window-blur","type":"ui"},{"timestamp":1754119598.82,"category":"electron","message":"window.focus","type":"ui","data":{"id":2,"url":"https://ptb.discord.com/channels/1368081567146049617/1368081567146049620"}},{"timestamp":1754119598.82,"category":"electron","message":"app.browser-window-focus","type":"ui"},{"timestamp":1754119599.419,"category":"electron","message":"window.blur","type":"ui","data":{"id":2,"url":"https://ptb.discord.com/channels/1368081567146049617/1368081567146049620"}},{"timestamp":1754119599.42,"category":"electron","message":"app.browser-window-blur","type":"ui"},{"timestamp":1754119600.263,"category":"electron","message":"window.focus","type":"ui","data":{"id":2,"url":"https://ptb.discord.com/channels/1368081567146049617/1368081567146049620"}},{"timestamp":1754119600.263,"category":"electron","message":"app.browser-window-focus","type":"ui"},{"timestamp":1754119600.537,"category":"electron","message":"window.blur","type":"ui","data":{"id":2,"url":"https://ptb.discord.com/channels/1368081567146049617/1368081567146049620"}},{"timestamp":1754119600.538,"category":"electron","message":"app.browser-window-blur","type":"ui"},{"timestamp":1754119602.793,"category":"electron","message":"window.focus","type":"ui","data":{"id":2,"url":"https://ptb.discord.com/channels/1368081567146049617/1368081567146049620"}},{"timestamp":1754119602.793,"category":"electron","message":"app.browser-window-focus","type":"ui"},{"timestamp":1754119604.359,"category":"electron","message":"window.blur","type":"ui","data":{"id":2,"url":"https://ptb.discord.com/channels/1368081567146049617/1368081567146049620"}},{"timestamp":1754119604.36,"category":"electron","message":"app.browser-window-blur","type":"ui"},{"timestamp":1754119609.23,"category":"electron","message":"window.focus","type":"ui","data":{"id":2,"url":"https://ptb.discord.com/channels/1368081567146049617/1368081567146049620"}},{"timestamp":1754119609.23,"category":"electron","message":"app.browser-window-focus","type":"ui"},{"timestamp":1754119609.501,"category":"electron","message":"window.blur","type":"ui","data":{"id":2,"url":"https://ptb.discord.com/channels/1368081567146049617/1368081567146049620"}},{"timestamp":1754119609.502,"category":"electron","message":"app.browser-window-blur","type":"ui"},{"timestamp":1754119617.429,"category":"electron","message":"window.focus","type":"ui","data":{"id":2,"url":"https://ptb.discord.com/channels/1368081567146049617/1368081567146049620"}},{"timestamp":1754119617.429,"category":"electron","message":"app.browser-window-focus","type":"ui"},{"timestamp":1754119618.056,"category":"electron","message":"window.blur","type":"ui","data":{"id":2,"url":"https://ptb.discord.com/channels/1368081567146049617/1368081567146049620"}},{"timestamp":1754119618.056,"category":"electron","message":"app.browser-window-blur","type":"ui"},{"timestamp":1754119619.642,"category":"electron","message":"window.focus","type":"ui","data":{"id":2,"url":"https://ptb.discord.com/channels/1368081567146049617/1368081567146049620"}},{"timestamp":1754119619.643,"category":"electron","message":"app.browser-window-focus","type":"ui"},{"timestamp":1754119816.129,"category":"console","level":"log","message":"DiscordPtb 0.0.154"},{"timestamp":1754119816.319,"category":"electron","message":"app.will-finish-launching","type":"ui"},{"timestamp":1754119816.323,"category":"electron","message":"app.ready","type":"ui"},{"timestamp":1754119816.338,"category":"electron","message":"app.session-created","type":"ui"},{"timestamp":1754119816.339,"category":"console","level":"warning","message":"(electron) 'session.getPreloads' is deprecated and will be removed. Please use 'session.getPreloadScripts' instead."},{"timestamp":1754119816.339,"category":"console","level":"warning","message":"(electron) 'session.setPreloads' is deprecated and will be removed. Please use 'session.registerPreloadScript' instead."},{"timestamp":1754119816.341,"category":"console","level":"log","message":"Starting app."},{"timestamp":1754119816.344,"category":"console","level":"log","message":"Starting updater."},{"timestamp":1754119816.37,"category":"console","level":"log","message":"8/2/2025, 1:30:16 PM GMT+6 [Modules] Modules initializing"},{"timestamp":1754119816.37,"category":"console","level":"log","message":"8/2/2025, 1:30:16 PM GMT+6 [Modules] Distribution: remote"},{"timestamp":1754119816.371,"category":"console","level":"log","message":"8/2/2025, 1:30:16 PM GMT+6 [Modules] Host updates: enabled"},{"timestamp":1754119816.371,"category":"console","level":"log","message":"8/2/2025, 1:30:16 PM GMT+6 [Modules] Module updates: enabled"},{"timestamp":1754119816.371,"category":"console","level":"log","message":"8/2/2025, 1:30:16 PM GMT+6 [Modules] Module install path: /home/phinixprono1234/.config/discordptb/0.0.154/modules"},{"timestamp":1754119816.372,"category":"console","level":"log","message":"8/2/2025, 1:30:16 PM GMT+6 [Modules] Module installed file path: /home/phinixprono1234/.config/discordptb/0.0.154/modules/installed.json"},{"timestamp":1754119816.372,"category":"console","level":"log","message":"8/2/2025, 1:30:16 PM GMT+6 [Modules] Module download path: /home/phinixprono1234/.config/discordptb/0.0.154/modules/pending"},{"timestamp":1754119816.478,"category":"console","level":"log","message":"splashScreen.initSplash(false)"},{"timestamp":1754119816.478,"category":"console","level":"log","message":"CDM component API found"},{"timestamp":1754119816.507,"category":"electron","message":"app.web-contents-created","type":"ui"},{"timestamp":1754119816.508,"category":"electron","message":"app.browser-window-created","type":"ui"},{"timestamp":1754119816.621,"category":"console","level":"log","message":"blackbox: 8/2/2025, 1:30:16 PM GMT+6 0 \n\n----------------------------------------------"},{"timestamp":1754119816.625,"category":"console","level":"log","message":"CDM completed with status: cdm-ready-success"},{"timestamp":1754119816.632,"category":"electron","message":"app.gpu-info-update","type":"ui"}],"event_id":"981bf18db86a422ba2ce21d0c53c6806","timestamp":1754119816.756,"sdk":{"integrations":["SentryMinidump","ElectronBreadcrumbs","Net","MainContext","ChildProcess","OnUncaughtException","PreloadInjection","AdditionalContext","Screenshots","RendererProfiling","InboundFilters","FunctionToString","LinkedErrors","RequestData","Console","Http","Undici","OnUnhandledRejection","ContextLines","LocalVariables","Modules"],"name":"sentry.javascript.electron","version":"4.24.0","packages":[{"name":"npm:@sentry/electron","version":"4.24.0"}]},"modules":{"mkdirp":"1.0.4","yauzl":"2.10.0","fd-slicer":"1.1.0","pend":"1.2.0","buffer-crc32":"0.2.13","rimraf":"2.7.1","glob":"7.2.3","fs.realpath":"1.0.0","minimatch":"3.1.2","brace-expansion":"1.1.11","concat-map":"0.0.1","balanced-match":"1.0.2","inherits":"2.0.4","path-is-absolute":"1.0.1","inflight":"1.0.6","wrappy":"1.0.2","once":"1.4.0","request":"2.88.0","extend":"3.0.2","tough-cookie":"2.4.3","psl":"1.15.0","json-stringify-safe":"5.0.1","safe-buffer":"5.2.1","aws-sign2":"0.7.0","aws4":"1.13.2","http-signature":"1.2.0","assert-plus":"1.0.0","sshpk":"1.18.0","safer-buffer":"2.1.2","asn1":"0.2.6","ecc-jsbn":"0.1.2","jsbn":"0.1.1","tweetnacl":"0.14.5","jsprim":"1.4.2","extsprintf":"1.3.0","verror":"1.10.0","core-util-is":"1.0.2","json-schema":"0.4.0","mime-types":"2.1.35","mime-db":"1.52.0","caseless":"0.12.0","forever-agent":"0.6.1","form-data":"2.3.3","combined-stream":"1.0.8","delayed-stream":"1.0.0","asynckit":"0.4.0","isstream":"0.1.2","is-typedarray":"1.0.0","qs":"6.5.3","har-validator":"5.1.5","ajv":"6.12.6","uri-js":"4.4.1","fast-deep-equal":"3.1.3","json-schema-traverse":"0.4.1","fast-json-stable-stringify":"2.1.0","har-schema":"2.0.0","uuid":"3.4.0","oauth-sign":"0.9.0","tunnel-agent":"0.6.0","performance-now":"2.1.0","arch":"2.2.0","tslib":"2.8.1","localforage":"1.10.0","deepmerge":"4.3.0","electron-log":"5.2.0"},"extra":{"release_channel":"ptb","sentry":{"environment":"ptb","release":"0.0.154"},"wm":"Hyprland,unknown"}}
8/2/2025, 1:30:17 PM GMT+6 4: ✅ webContents.created web1 "Discord Updater"
8/2/2025, 1:30:17 PM GMT+6 5: ✅ window.created win1 "Discord Updater"
8/2/2025, 1:30:18 PM GMT+6 6: ✅ webContents.created web2 ""
8/2/2025, 1:30:18 PM GMT+6 7: ✅ window.created win2 "Discord"
8/2/2025, 1:30:20 PM GMT+6 8: ✅ webContents.did-finish-load web2
8/2/2025, 1:30:21 PM GMT+6 9: window.close win1
8/2/2025, 1:30:21 PM GMT+6 10: webContents.destroyed web1
8/2/2025, 1:30:21 PM GMT+6 11: window.closed win1
8/2/2025, 1:48:15 PM GMT+6 12: window.close win2
8/2/2025, 1:52:59 PM GMT+6 13: before-quit
8/3/2025, 3:49:42 PM GMT+6 0: 

----------------------------------------------
8/3/2025, 3:49:42 PM GMT+6 1: Discord starting: {"releaseChannel":"ptb","version":"0.0.154"}, modulepath: /home/phinixprono1234/.config/discordptb/0.0.154/modules
8/3/2025, 3:49:43 PM GMT+6 2: ✅ webContents.created web1 ""
8/3/2025, 3:49:43 PM GMT+6 3: ✅ window.created win1 "discord"
8/3/2025, 3:49:45 PM GMT+6 4: ✅ webContents.did-finish-load web1
8/3/2025, 3:49:46 PM GMT+6 5: ✅ webContents.created web2 ""
8/3/2025, 3:49:46 PM GMT+6 6: ✅ window.created win2 "Discord"
8/3/2025, 3:49:48 PM GMT+6 7: ✅ webContents.did-finish-load web2
8/3/2025, 3:49:50 PM GMT+6 8: window.close win1
8/3/2025, 3:49:50 PM GMT+6 9: webContents.destroyed web1
8/3/2025, 3:49:50 PM GMT+6 10: window.closed win1
8/3/2025, 5:52:25 PM GMT+6 0: 

----------------------------------------------
8/3/2025, 5:52:26 PM GMT+6 1: Discord starting: {"releaseChannel":"ptb","version":"0.0.154"}, modulepath: /home/phinixprono1234/.config/discordptb/0.0.154/modules
8/3/2025, 5:52:27 PM GMT+6 2: ✅ webContents.created web1 "Discord Updater"
8/3/2025, 5:52:27 PM GMT+6 3: ✅ window.created win1 "Discord Updater"
8/3/2025, 5:52:27 PM GMT+6 4: ✅ webContents.did-finish-load web1
8/3/2025, 5:52:28 PM GMT+6 5: ✅ webContents.created web2 ""
8/3/2025, 5:52:28 PM GMT+6 6: ✅ window.created win2 "Discord"
8/3/2025, 5:52:31 PM GMT+6 7: ✅ webContents.did-finish-load web2
8/3/2025, 5:52:33 PM GMT+6 8: window.close win1
8/3/2025, 5:52:34 PM GMT+6 9: webContents.destroyed web1
8/3/2025, 5:52:34 PM GMT+6 10: window.closed win1
8/3/2025, 7:04:47 PM GMT+6 11: window.close win2
8/3/2025, 7:04:53 PM GMT+6 12: before-quit
8/4/2025, 10:10:51 AM GMT+6 0: 

----------------------------------------------
8/4/2025, 10:10:52 AM GMT+6 1: Discord starting: {"releaseChannel":"ptb","version":"0.0.154"}, modulepath: /home/phinixprono1234/.config/discordptb/0.0.154/modules
8/4/2025, 10:10:54 AM GMT+6 2: ✅ webContents.created web1 "index.html"
8/4/2025, 10:10:54 AM GMT+6 3: ✅ window.created win1 "discord"
8/4/2025, 10:10:57 AM GMT+6 4: ✅ webContents.did-finish-load web1
8/4/2025, 10:10:59 AM GMT+6 5: ✅ webContents.created web2 ""
8/4/2025, 10:10:59 AM GMT+6 6: ✅ window.created win2 "Discord"
8/4/2025, 10:11:01 AM GMT+6 7: ✅ webContents.did-finish-load web2
8/4/2025, 10:11:04 AM GMT+6 8: window.close win1
8/4/2025, 10:11:04 AM GMT+6 9: webContents.destroyed web1
8/4/2025, 10:11:04 AM GMT+6 10: window.closed win1
8/4/2025, 12:46:35 PM GMT+6 0: 

----------------------------------------------
8/4/2025, 12:46:35 PM GMT+6 1: Discord starting: {"releaseChannel":"ptb","version":"0.0.154"}, modulepath: /home/phinixprono1234/.config/discordptb/0.0.154/modules
8/4/2025, 12:46:36 PM GMT+6 2: ✅ webContents.created web1 ""
8/4/2025, 12:46:36 PM GMT+6 3: ✅ window.created win1 "discord"
8/4/2025, 12:46:38 PM GMT+6 4: ✅ webContents.did-finish-load web1
8/4/2025, 12:46:39 PM GMT+6 5: ✅ webContents.created web2 ""
8/4/2025, 12:46:40 PM GMT+6 6: ✅ window.created win2 "Discord"
8/4/2025, 12:46:42 PM GMT+6 7: ✅ webContents.did-finish-load web2
8/4/2025, 12:46:45 PM GMT+6 8: window.close win1
8/4/2025, 12:46:45 PM GMT+6 9: webContents.destroyed web1
8/4/2025, 12:46:45 PM GMT+6 10: window.closed win1
8/4/2025, 10:24:11 PM GMT+6 0: 

----------------------------------------------
8/4/2025, 10:24:12 PM GMT+6 1: Discord starting: {"releaseChannel":"ptb","version":"0.0.154"}, modulepath: /home/phinixprono1234/.config/discordptb/0.0.154/modules
8/4/2025, 10:24:12 PM GMT+6 2: ✅ webContents.created web1 ""
8/4/2025, 10:24:12 PM GMT+6 3: ✅ window.created win1 "discord"
8/4/2025, 10:24:14 PM GMT+6 4: ✅ webContents.did-finish-load web1
8/4/2025, 10:24:15 PM GMT+6 5: ✅ webContents.created web2 ""
8/4/2025, 10:24:15 PM GMT+6 6: ✅ window.created win2 "Discord"
8/4/2025, 10:24:38 PM GMT+6 7: window.close win1
8/4/2025, 10:24:38 PM GMT+6 8: webContents.destroyed web1
8/4/2025, 10:24:38 PM GMT+6 9: window.closed win1
8/4/2025, 10:24:41 PM GMT+6 10: before-quit
8/4/2025, 10:29:31 PM GMT+6 0: 

----------------------------------------------
8/4/2025, 10:29:31 PM GMT+6 1: Discord starting: {"releaseChannel":"ptb","version":"0.0.154"}, modulepath: /home/phinixprono1234/.config/discordptb/0.0.154/modules
8/4/2025, 10:29:31 PM GMT+6 2: ✅ webContents.created web1 "index.html"
8/4/2025, 10:29:31 PM GMT+6 3: ✅ window.created win1 "discord"
8/4/2025, 10:29:32 PM GMT+6 4: ✅ webContents.did-finish-load web1
8/4/2025, 10:29:33 PM GMT+6 5: ✅ webContents.created web2 ""
8/4/2025, 10:29:33 PM GMT+6 6: ✅ window.created win2 "Discord"
8/4/2025, 10:29:42 PM GMT+6 7: ✅ webContents.did-finish-load web2
8/4/2025, 10:29:45 PM GMT+6 8: window.close win1
8/4/2025, 10:29:45 PM GMT+6 9: webContents.destroyed web1
8/4/2025, 10:29:45 PM GMT+6 10: window.closed win1
8/4/2025, 10:57:32 PM GMT+6 11: window.close win2
8/4/2025, 10:57:43 PM GMT+6 12: before-quit
8/5/2025, 1:42:33 PM GMT+6 0: 

----------------------------------------------
8/5/2025, 1:42:33 PM GMT+6 1: Discord starting: {"releaseChannel":"ptb","version":"0.0.154"}, modulepath: /home/phinixprono1234/.config/discordptb/0.0.154/modules
8/5/2025, 1:42:34 PM GMT+6 2: ✅ webContents.created web1 ""
8/5/2025, 1:42:34 PM GMT+6 3: ✅ window.created win1 "discord"
8/5/2025, 1:42:36 PM GMT+6 4: ✅ webContents.did-finish-load web1
8/5/2025, 1:42:36 PM GMT+6 5: ✅ webContents.created web2 ""
8/5/2025, 1:42:37 PM GMT+6 6: ✅ window.created win2 "Discord"
8/5/2025, 1:42:38 PM GMT+6 7: ✅ webContents.did-finish-load web2
8/5/2025, 1:42:40 PM GMT+6 8: window.close win1
8/5/2025, 1:42:40 PM GMT+6 9: webContents.destroyed web1
8/5/2025, 1:42:41 PM GMT+6 10: window.closed win1
8/5/2025, 1:48:40 PM GMT+6 11: window.close win2
8/5/2025, 1:48:44 PM GMT+6 12: before-quit
8/5/2025, 5:49:05 PM GMT+6 0: 

----------------------------------------------
8/5/2025, 5:49:06 PM GMT+6 1: Discord starting: {"releaseChannel":"ptb","version":"0.0.154"}, modulepath: /home/phinixprono1234/.config/discordptb/0.0.154/modules
8/5/2025, 5:49:07 PM GMT+6 2: ✅ webContents.created web1 ""
8/5/2025, 5:49:07 PM GMT+6 3: ✅ window.created win1 "discord"
8/5/2025, 5:49:09 PM GMT+6 4: ✅ webContents.did-finish-load web1
8/5/2025, 5:49:15 PM GMT+6 5: ✅ webContents.created web2 ""
8/5/2025, 5:49:17 PM GMT+6 6: ✅ window.created win2 "Discord"
8/5/2025, 5:49:20 PM GMT+6 7: ✅ webContents.did-finish-load web2
8/5/2025, 5:49:24 PM GMT+6 8: window.close win1
8/5/2025, 5:49:24 PM GMT+6 9: webContents.destroyed web1
8/5/2025, 5:49:24 PM GMT+6 10: window.closed win1
8/5/2025, 5:50:44 PM GMT+6 11: ❌ webContents.nresponsive web2
8/5/2025, 6:06:52 PM GMT+6 12: ❌ webContents.nresponsive web2
8/5/2025, 7:02:31 PM GMT+6 13: window.close win2
8/5/2025, 7:02:34 PM GMT+6 14: before-quit
8/6/2025, 6:28:39 PM GMT+6 0: 

----------------------------------------------
8/6/2025, 6:28:39 PM GMT+6 1: Discord starting: {"releaseChannel":"ptb","version":"0.0.154"}, modulepath: /home/phinixprono1234/.config/discordptb/0.0.154/modules
8/6/2025, 6:28:40 PM GMT+6 2: ✅ webContents.created web1 ""
8/6/2025, 6:28:40 PM GMT+6 3: ✅ window.created win1 "discord"
8/6/2025, 6:28:42 PM GMT+6 4: ✅ webContents.did-finish-load web1
8/6/2025, 6:28:42 PM GMT+6 5: ✅ webContents.created web2 ""
8/6/2025, 6:28:43 PM GMT+6 6: ✅ window.created win2 "Discord"
8/6/2025, 6:28:44 PM GMT+6 7: ✅ webContents.did-finish-load web2
8/6/2025, 6:28:47 PM GMT+6 8: window.close win1
8/6/2025, 6:28:47 PM GMT+6 9: webContents.destroyed web1
8/6/2025, 6:28:47 PM GMT+6 10: window.closed win1
8/6/2025, 7:44:29 PM GMT+6 11: window.close win2
8/7/2025, 8:41:57 PM GMT+6 0: 

----------------------------------------------
8/7/2025, 8:41:58 PM GMT+6 1: Discord starting: {"releaseChannel":"ptb","version":"0.0.154"}, modulepath: /home/phinixprono1234/.config/discordptb/0.0.154/modules
8/7/2025, 8:41:58 PM GMT+6 2: ✅ webContents.created web1 "index.html"
8/7/2025, 8:41:59 PM GMT+6 3: ✅ window.created win1 "discord"
8/7/2025, 8:42:00 PM GMT+6 4: ✅ webContents.did-finish-load web1
8/7/2025, 8:42:02 PM GMT+6 5: ✅ webContents.created web2 ""
8/7/2025, 8:42:02 PM GMT+6 6: ✅ window.created win2 "Discord"
8/7/2025, 8:42:20 PM GMT+6 7: ✅ webContents.did-finish-load web2
8/7/2025, 8:42:24 PM GMT+6 8: window.close win1
8/7/2025, 8:42:24 PM GMT+6 9: webContents.destroyed web1
8/7/2025, 8:42:24 PM GMT+6 10: window.closed win1
8/7/2025, 8:48:16 PM GMT+6 11: window.close win2
8/7/2025, 8:48:23 PM GMT+6 12: before-quit
8/7/2025, 8:48:23 PM GMT+6 13: window.close win2
