2025-08-11 17:44:26.246 [info] Acquired MSAL enablement value from default. Value: false
2025-08-11 17:44:26.273 [warning] [Mon, 11 Aug 2025 11:44:26 GMT] : [aebc6443-996d-45c2-90f0-388ff96faa56] : @azure/msal-node@2.16.2 : Warning - NativeBroker implementation was provided but the broker is unavailable.
2025-08-11 17:44:26.286 [info] [getSessions] [all] starting
2025-08-11 17:44:26.286 [info] [getSessions] [all] returned 0 session(s)
2025-08-11 17:44:26.286 [info] [getSessions] [all] starting
2025-08-11 17:44:26.286 [info] [getSessions] [all] returned 0 session(s)
2025-08-11 17:44:26.286 [info] [getSessions] [all] starting
2025-08-11 17:44:26.286 [info] [getSessions] [all] returned 0 session(s)
2025-08-11 17:44:26.286 [info] [getSessions] [all] starting
2025-08-11 17:44:26.286 [info] [getSessions] [all] returned 0 session(s)
2025-08-11 17:44:26.287 [info] [getSessions] [499b84ac-1321-427f-aa17-267ca6975798/.default offline_access] starting
2025-08-11 17:44:26.287 [warning] [Mon, 11 Aug 2025 11:44:26 GMT] : [aebc6443-996d-45c2-90f0-388ff96faa56] : @azure/msal-node@2.16.2 : Warning - NativeBroker implementation was provided but the broker is unavailable.
2025-08-11 17:44:26.293 [info] [getSessions] [499b84ac-1321-427f-aa17-267ca6975798/.default offline_access] returned 0 session(s)
2025-08-11 17:44:28.221 [info] [getSessions] [499b84ac-1321-427f-aa17-267ca6975798/.default offline_access] starting
2025-08-11 17:44:28.221 [info] [getSessions] [499b84ac-1321-427f-aa17-267ca6975798/.default offline_access] returned 0 session(s)
2025-08-11 17:44:30.703 [info] [getSessions] [all] starting
2025-08-11 17:44:30.703 [info] [getSessions] [all] returned 0 session(s)
2025-08-11 18:05:34.006 [info] [getSessions] [499b84ac-1321-427f-aa17-267ca6975798/.default offline_access] starting
2025-08-11 18:05:34.007 [info] [getSessions] [499b84ac-1321-427f-aa17-267ca6975798/.default offline_access] returned 0 session(s)
2025-08-11 18:31:33.590 [info] [getSessions] [499b84ac-1321-427f-aa17-267ca6975798/.default offline_access] starting
2025-08-11 18:31:33.613 [info] [getSessions] [499b84ac-1321-427f-aa17-267ca6975798/.default offline_access] returned 0 session(s)
2025-08-11 18:55:10.824 [info] [getSessions] [499b84ac-1321-427f-aa17-267ca6975798/.default offline_access] starting
2025-08-11 18:55:10.833 [info] [getSessions] [499b84ac-1321-427f-aa17-267ca6975798/.default offline_access] returned 0 session(s)
